-----axis-z-----
target[m]:  [[-0.005   0.037  -0.1687]]
Angles[rad]:  [-0.          0.         -1.31811607  2.63623214 -1.31811607  0.        ] ,
______[deg]:  [  0   0 -75 151 -75   0]
FK_result[m]:  [[-0.005   0.037  -0.1687]] 

target[m]:  [[-0.005   0.037  -0.2152]]
Angles[rad]:  [-0.          0.         -1.04719755  2.0943951  -1.04719755  0.        ] ,
______[deg]:  [  0   0 -59 119 -59   0]
FK_result[m]:  [[-0.005   0.037  -0.2152]] 

target[m]:  [[-0.005   0.037  -0.2617]]
Angles[rad]:  [-0.          0.         -0.72273425  1.4454685  -0.72273425  0.        ] ,
______[deg]:  [  0   0 -41  82 -41   0]
FK_result[m]:  [[-0.005   0.037  -0.2617]] 
-----
-----axis-x-----
target[m]:  [ 0.15    0.037  -0.2152]
Angles[rad]:  [-0.          0.         -1.26831795  0.47588225  0.7924357   0.        ] ,
______[deg]:  [  0   0 -72  27  45   0]
FK_result[m]:  [[ 0.15    0.037  -0.2152]] 

target[m]:  [ 0.05    0.037  -0.2152]
Angles[rad]:  [-0.          0.         -1.48504012  1.90193948 -0.41689936  0.        ] ,
______[deg]:  [  0   0 -85 108 -23   0]
FK_result[m]:  [[ 0.05    0.037  -0.2152]] 

target[m]:  [-0.1     0.037  -0.2152]
Angles[rad]:  [-0.          0.          0.02150706  1.549058   -1.57056506  0.        ] ,
______[deg]:  [  0   0   1  88 -89   0]
FK_result[m]:  [[-0.1     0.037  -0.2152]] 
-----
-----axis-y-----
target[m]:  [-0.005   0.15   -0.2152]
Angles[rad]:  [-0.          0.88218221 -0.66515354  1.33030708 -0.66515354 -0.88218221] ,
______[deg]:  [  0  50 -38  76 -38 -50]
FK_result[m]:  [[-0.005   0.15   -0.2152]] 

target[m]:  [-0.005   0.1    -0.2152]
Angles[rad]:  [-0.          0.59540988 -0.92238109  1.84476219 -0.92238109 -0.59540988] ,
______[deg]:  [  0  34 -52 105 -52 -34]
FK_result[m]:  [[-0.005   0.1    -0.2152]] 
-----
target[m]:  [ 0.05   0.1   -0.194]
Angles[rad]:  [-0.          0.72020877 -1.45894155  1.87302709 -0.41408554 -0.72020877] ,
______[deg]:  [  0  41 -83 107 -23 -41]
FK_result[m]:  [[ 0.05   0.1   -0.194]] 

