[INFO] [launch]: All log files can be found below /home/xubu22/.ros/log/2023-04-11-14-25-18-478556-xubu22-Prestige-15-A10SC-41663
[INFO] [launch]: Default logging verbosity is set to INFO
WARNING: No valid Webots directory specified in `ROS2_WEBOTS_HOME` and `WEBOTS_HOME`, fallback to default installation folder /usr/local/webots.
[INFO] [fk_srv-1]: process started with pid [41664]
[INFO] [ik_srv-2]: process started with pid [41666]
[INFO] [walking_stabilization_controller-3]: process started with pid [41668]
[INFO] [webots-4]: process started with pid [41670]
[INFO] [driver-5]: process started with pid [41672]
[INFO] [walking_pattern_generator-6]: process started with pid [41676]
[driver-5] Cannot connect to Webots instance on socket "/tmp/webots-1234/ipc/ROBOTIS_OP2/extern", retrying for another 50 seconds...
[fk_srv-1] [FK]: 0.00110722    max: 0.00110722    min: 0.00110722
[fk_srv-1] [FK]: 0.000340939    max: 0.00110722    min: 0.000340939
[fk_srv-1] [FK]: 0.000996828    max: 0.00110722    min: 0.000340939
[fk_srv-1] [FK]: 0.0010283    max: 0.00110722    min: 0.000340939
[fk_srv-1] [FK]: 0.00104928    max: 0.00110722    min: 0.000340939
[fk_srv-1] [FK]: 0.00100279    max: 0.00110722    min: 0.000340939
[fk_srv-1] [FK]: 0.000511169    max: 0.00110722    min: 0.000340939
[fk_srv-1] [FK]: 0.000834942    max: 0.00110722    min: 0.000340939
[fk_srv-1] [FK]: 0.000862598    max: 0.00110722    min: 0.000340939
[fk_srv-1] [FK]: 0.00100279    max: 0.00110722    min: 0.000340939
[fk_srv-1] [FK]: 0.00111556    max: 0.00111556    min: 0.000340939
[fk_srv-1] [FK]: 0.00100231    max: 0.00111556    min: 0.000340939
[fk_srv-1] [FK]: 0.0010047    max: 0.00111556    min: 0.000340939
[fk_srv-1] [FK]: 0.00102448    max: 0.00111556    min: 0.000340939
[fk_srv-1] [FK]: 0.00103211    max: 0.00111556    min: 0.000340939
[fk_srv-1] [FK]: 0.000257254    max: 0.00111556    min: 0.000257254
[fk_srv-1] [FK]: 0.000656605    max: 0.00111556    min: 0.000257254
[fk_srv-1] [FK]: 0.00100398    max: 0.00111556    min: 0.000257254
[fk_srv-1] [FK]: 0.00111604    max: 0.00111604    min: 0.000257254
[fk_srv-1] [FK]: 0.000997066    max: 0.00111604    min: 0.000257254
[fk_srv-1] [FK]: 0.00137663    max: 0.00137663    min: 0.000257254
[fk_srv-1] [FK]: 0.00106764    max: 0.00137663    min: 0.000257254
[fk_srv-1] [FK]: 0.00100231    max: 0.00137663    min: 0.000257254
[fk_srv-1] [FK]: 0.00117874    max: 0.00137663    min: 0.000257254
[fk_srv-1] [FK]: 0.00105619    max: 0.00137663    min: 0.000257254
[fk_srv-1] [FK]: 0.00107527    max: 0.00137663    min: 0.000257254
[fk_srv-1] [FK]: 0.0010612    max: 0.00137663    min: 0.000257254
[fk_srv-1] [FK]: 0.00100231    max: 0.00137663    min: 0.000257254
[fk_srv-1] [FK]: 0.0010314    max: 0.00137663    min: 0.000257254
[fk_srv-1] [FK]: 0.000340223    max: 0.00137663    min: 0.000257254
[fk_srv-1] [FK]: 0.00100183    max: 0.00137663    min: 0.000257254
[fk_srv-1] [FK]: 0.00106835    max: 0.00137663    min: 0.000257254
[fk_srv-1] [FK]: 0.00130081    max: 0.00137663    min: 0.000257254
[fk_srv-1] [FK]: 0.00100303    max: 0.00137663    min: 0.000257254
[fk_srv-1] [FK]: 0.00116372    max: 0.00137663    min: 0.000257254
[fk_srv-1] [FK]: 0.00132227    max: 0.00137663    min: 0.000257254
[fk_srv-1] [FK]: 0.000301123    max: 0.00137663    min: 0.000257254
[fk_srv-1] [FK]: 0.000409365    max: 0.00137663    min: 0.000257254
[fk_srv-1] [FK]: 0.00116634    max: 0.00137663    min: 0.000257254
[fk_srv-1] [FK]: 0.0011704    max: 0.00137663    min: 0.000257254
[fk_srv-1] [FK]: 0.0013597    max: 0.00137663    min: 0.000257254
[fk_srv-1] [FK]: 0.00137186    max: 0.00137663    min: 0.000257254
[fk_srv-1] [FK]: 0.00145459    max: 0.00145459    min: 0.000257254
[fk_srv-1] [FK]: 0.0003407    max: 0.00145459    min: 0.000257254
[fk_srv-1] [FK]: 0.00140381    max: 0.00145459    min: 0.000257254
[fk_srv-1] [FK]: 0.0013752    max: 0.00145459    min: 0.000257254
[fk_srv-1] [FK]: 0.00131178    max: 0.00145459    min: 0.000257254
[fk_srv-1] [FK]: 0.0013814    max: 0.00145459    min: 0.000257254
[fk_srv-1] [FK]: 0.00131583    max: 0.00145459    min: 0.000257254
[fk_srv-1] [FK]: 0.000444889    max: 0.00145459    min: 0.000257254
[fk_srv-1] [FK]: 0.00026989    max: 0.00145459    min: 0.000257254
[fk_srv-1] [FK]: 0.00111938    max: 0.00145459    min: 0.000257254
[fk_srv-1] [FK]: 0.000128746    max: 0.00145459    min: 0.000128746
[fk_srv-1] [FK]: 0.000179291    max: 0.00145459    min: 0.000128746
[fk_srv-1] [FK]: 0.00102353    max: 0.00145459    min: 0.000128746
[fk_srv-1] [FK]: 0.00100064    max: 0.00145459    min: 0.000128746
[fk_srv-1] [FK]: 0.000408888    max: 0.00145459    min: 0.000128746
[fk_srv-1] [FK]: 0.00100327    max: 0.00145459    min: 0.000128746
[fk_srv-1] [FK]: 0.00105143    max: 0.00145459    min: 0.000128746
[fk_srv-1] [FK]: 0.00106502    max: 0.00145459    min: 0.000128746
[fk_srv-1] [FK]: 0.00106072    max: 0.00145459    min: 0.000128746
[fk_srv-1] [FK]: 0.00123858    max: 0.00145459    min: 0.000128746
[fk_srv-1] [FK]: 0.00100064    max: 0.00145459    min: 0.000128746
[fk_srv-1] [FK]: 0.000340462    max: 0.00145459    min: 0.000128746
[fk_srv-1] [FK]: 0.000409603    max: 0.00145459    min: 0.000128746
[fk_srv-1] [FK]: 0.00100136    max: 0.00145459    min: 0.000128746
[fk_srv-1] [FK]: 0.00100827    max: 0.00145459    min: 0.000128746
[fk_srv-1] [FK]: 0.00111842    max: 0.00145459    min: 0.000128746
[fk_srv-1] [FK]: 0.00106192    max: 0.00145459    min: 0.000128746
[fk_srv-1] [FK]: 0.00112033    max: 0.00145459    min: 0.000128746
[fk_srv-1] [FK]: 0.000256538    max: 0.00145459    min: 0.000128746
[fk_srv-1] [FK]: 0.000275135    max: 0.00145459    min: 0.000128746
[fk_srv-1] [FK]: 0.00111461    max: 0.00145459    min: 0.000128746
[fk_srv-1] [FK]: 0.00100803    max: 0.00145459    min: 0.000128746
[fk_srv-1] [FK]: 0.00106049    max: 0.00145459    min: 0.000128746
[fk_srv-1] [FK]: 0.00108051    max: 0.00145459    min: 0.000128746
[fk_srv-1] [FK]: 0.000487566    max: 0.00145459    min: 0.000128746
[fk_srv-1] [FK]: 0.00025773    max: 0.00145459    min: 0.000128746
[fk_srv-1] [FK]: 0.00137472    max: 0.00145459    min: 0.000128746
[fk_srv-1] [FK]: 0.00112629    max: 0.00145459    min: 0.000128746
[fk_srv-1] [FK]: 0.00114417    max: 0.00145459    min: 0.000128746
[fk_srv-1] [FK]: 0.00107336    max: 0.00145459    min: 0.000128746
[fk_srv-1] [FK]: 0.00112748    max: 0.00145459    min: 0.000128746
[fk_srv-1] [FK]: 0.000674725    max: 0.00145459    min: 0.000128746
[fk_srv-1] [FK]: 0.000487804    max: 0.00145459    min: 0.000128746
[fk_srv-1] [FK]: 0.00130582    max: 0.00145459    min: 0.000128746
[fk_srv-1] [FK]: 0.000675201    max: 0.00145459    min: 0.000128746
[fk_srv-1] [FK]: 0.000514507    max: 0.00145459    min: 0.000128746
[fk_srv-1] [FK]: 0.000570536    max: 0.00145459    min: 0.000128746
[fk_srv-1] [FK]: 0.000874043    max: 0.00145459    min: 0.000128746
[fk_srv-1] [FK]: 0.000809193    max: 0.00145459    min: 0.000128746
[fk_srv-1] [FK]: 0.000808954    max: 0.00145459    min: 0.000128746
[fk_srv-1] [FK]: 0.00104308    max: 0.00145459    min: 0.000128746
[fk_srv-1] [FK]: 0.0012176    max: 0.00145459    min: 0.000128746
[fk_srv-1] [FK]: 0.00110054    max: 0.00145459    min: 0.000128746
[fk_srv-1] [FK]: 0.00105166    max: 0.00145459    min: 0.000128746
[fk_srv-1] [FK]: 0.00114179    max: 0.00145459    min: 0.000128746
[fk_srv-1] [FK]: 0.00121498    max: 0.00145459    min: 0.000128746
[fk_srv-1] [FK]: 0.00110555    max: 0.00145459    min: 0.000128746
[fk_srv-1] [FK]: 0.001158    max: 0.00145459    min: 0.000128746
[fk_srv-1] [FK]: 0.00100446    max: 0.00145459    min: 0.000128746
[fk_srv-1] [FK]: 0.0011313    max: 0.00145459    min: 0.000128746
[fk_srv-1] [FK]: 0.00106883    max: 0.00145459    min: 0.000128746
[fk_srv-1] [FK]: 0.000998497    max: 0.00145459    min: 0.000128746
[fk_srv-1] [FK]: 0.00110197    max: 0.00145459    min: 0.000128746
[fk_srv-1] [FK]: 0.00102997    max: 0.00145459    min: 0.000128746
[fk_srv-1] [FK]: 0.000343084    max: 0.00145459    min: 0.000128746
[fk_srv-1] [FK]: 0.000678778    max: 0.00145459    min: 0.000128746
[fk_srv-1] [FK]: 0.00109816    max: 0.00145459    min: 0.000128746
[fk_srv-1] [FK]: 0.00100589    max: 0.00145459    min: 0.000128746
[fk_srv-1] [FK]: 0.000998497    max: 0.00145459    min: 0.000128746
[fk_srv-1] [FK]: 0.00128746    max: 0.00145459    min: 0.000128746
[fk_srv-1] [FK]: 0.00100422    max: 0.00145459    min: 0.000128746
[fk_srv-1] [FK]: 0.00113249    max: 0.00145459    min: 0.000128746
[fk_srv-1] [FK]: 0.00116491    max: 0.00145459    min: 0.000128746
[fk_srv-1] [FK]: 0.00117826    max: 0.00145459    min: 0.000128746
[fk_srv-1] [FK]: 0.00111651    max: 0.00145459    min: 0.000128746
[fk_srv-1] [FK]: 0.000516653    max: 0.00145459    min: 0.000128746
[fk_srv-1] [FK]: 0.00100493    max: 0.00145459    min: 0.000128746
[fk_srv-1] [FK]: 0.00103354    max: 0.00145459    min: 0.000128746
[fk_srv-1] [FK]: 0.00100327    max: 0.00145459    min: 0.000128746
[fk_srv-1] [FK]: 0.000988483    max: 0.00145459    min: 0.000128746
[fk_srv-1] [FK]: 0.00108624    max: 0.00145459    min: 0.000128746
[fk_srv-1] [FK]: 0.00124335    max: 0.00145459    min: 0.000128746
[fk_srv-1] [FK]: 0.000526428    max: 0.00145459    min: 0.000128746
[fk_srv-1] [FK]: 0.000562668    max: 0.00145459    min: 0.000128746
[fk_srv-1] [FK]: 0.000909567    max: 0.00145459    min: 0.000128746
[fk_srv-1] [FK]: 0.00119829    max: 0.00145459    min: 0.000128746
[fk_srv-1] [FK]: 0.00103545    max: 0.00145459    min: 0.000128746
[fk_srv-1] [FK]: 0.00136757    max: 0.00145459    min: 0.000128746
[fk_srv-1] [FK]: 0.00134015    max: 0.00145459    min: 0.000128746
[fk_srv-1] [FK]: 0.000348091    max: 0.00145459    min: 0.000128746
[fk_srv-1] [FK]: 0.00067997    max: 0.00145459    min: 0.000128746
[fk_srv-1] [FK]: 0.00110912    max: 0.00145459    min: 0.000128746
[fk_srv-1] [FK]: 0.00104117    max: 0.00145459    min: 0.000128746
[fk_srv-1] [FK]: 0.00119829    max: 0.00145459    min: 0.000128746
[fk_srv-1] [FK]: 0.00105381    max: 0.00145459    min: 0.000128746
[fk_srv-1] [FK]: 0.00105262    max: 0.00145459    min: 0.000128746
[fk_srv-1] [FK]: 0.0003438    max: 0.00145459    min: 0.000128746
[fk_srv-1] [FK]: 0.000261068    max: 0.00145459    min: 0.000128746
[fk_srv-1] [FK]: 0.000165462    max: 0.00145459    min: 0.000128746
[fk_srv-1] [FK]: 0.000147104    max: 0.00145459    min: 0.000128746
[fk_srv-1] [FK]: 0.000485897    max: 0.00145459    min: 0.000128746
[fk_srv-1] [FK]: 0.000997782    max: 0.00145459    min: 0.000128746
[fk_srv-1] [FK]: 0.00100374    max: 0.00145459    min: 0.000128746
[fk_srv-1] [FK]: 0.00111151    max: 0.00145459    min: 0.000128746
[fk_srv-1] [FK]: 0.000994921    max: 0.00145459    min: 0.000128746
[fk_srv-1] [FK]: 0.0005126    max: 0.00145459    min: 0.000128746
[fk_srv-1] [FK]: 0.0010972    max: 0.00145459    min: 0.000128746
[fk_srv-1] [FK]: 0.00100279    max: 0.00145459    min: 0.000128746
[fk_srv-1] [FK]: 0.00100112    max: 0.00145459    min: 0.000128746
[fk_srv-1] [FK]: 0.000696659    max: 0.00145459    min: 0.000128746
[fk_srv-1] [FK]: 0.000207663    max: 0.00145459    min: 0.000128746
[fk_srv-1] [FK]: 0.00100303    max: 0.00145459    min: 0.000128746
[fk_srv-1] [FK]: 0.00119781    max: 0.00145459    min: 0.000128746
[fk_srv-1] [FK]: 0.00100183    max: 0.00145459    min: 0.000128746
[fk_srv-1] [FK]: 0.00113845    max: 0.00145459    min: 0.000128746
[fk_srv-1] [FK]: 0.00106025    max: 0.00145459    min: 0.000128746
[fk_srv-1] [FK]: 0.000701189    max: 0.00145459    min: 0.000128746
[fk_srv-1] [FK]: 0.00108743    max: 0.00145459    min: 0.000128746
[fk_srv-1] [FK]: 0.00106072    max: 0.00145459    min: 0.000128746
[fk_srv-1] [FK]: 0.00104284    max: 0.00145459    min: 0.000128746
[fk_srv-1] [FK]: 0.00100327    max: 0.00145459    min: 0.000128746
[fk_srv-1] [FK]: 0.000515699    max: 0.00145459    min: 0.000128746
[fk_srv-1] [FK]: 0.000222921    max: 0.00145459    min: 0.000128746
[fk_srv-1] [FK]: 0.000742435    max: 0.00145459    min: 0.000128746
[fk_srv-1] [FK]: 0.0008111    max: 0.00145459    min: 0.000128746
[fk_srv-1] [FK]: 0.000810146    max: 0.00145459    min: 0.000128746
[fk_srv-1] [FK]: 0.00105524    max: 0.00145459    min: 0.000128746
[fk_srv-1] [FK]: 0.00117087    max: 0.00145459    min: 0.000128746
[fk_srv-1] [FK]: 0.00115085    max: 0.00145459    min: 0.000128746
[fk_srv-1] [FK]: 0.00107789    max: 0.00145459    min: 0.000128746
[fk_srv-1] [FK]: 0.00116587    max: 0.00145459    min: 0.000128746
[fk_srv-1] [FK]: 0.00109959    max: 0.00145459    min: 0.000128746
[fk_srv-1] [FK]: 0.00108004    max: 0.00145459    min: 0.000128746
[fk_srv-1] [FK]: 0.00109911    max: 0.00145459    min: 0.000128746
[fk_srv-1] [FK]: 0.0011034    max: 0.00145459    min: 0.000128746
[fk_srv-1] [FK]: 0.00100231    max: 0.00145459    min: 0.000128746
[fk_srv-1] [FK]: 0.00105834    max: 0.00145459    min: 0.000128746
[fk_srv-1] [FK]: 0.00111008    max: 0.00145459    min: 0.000128746
[fk_srv-1] [FK]: 0.00118899    max: 0.00145459    min: 0.000128746
[fk_srv-1] [FK]: 0.00112796    max: 0.00145459    min: 0.000128746
[fk_srv-1] [FK]: 0.00100231    max: 0.00145459    min: 0.000128746
[fk_srv-1] [FK]: 0.0010407    max: 0.00145459    min: 0.000128746
[fk_srv-1] [FK]: 0.000999928    max: 0.00145459    min: 0.000128746
[fk_srv-1] [FK]: 0.00101995    max: 0.00145459    min: 0.000128746
[fk_srv-1] [FK]: 0.000260353    max: 0.00145459    min: 0.000128746
[fk_srv-1] [FK]: 0.000256538    max: 0.00145459    min: 0.000128746
[fk_srv-1] [FK]: 0.00105047    max: 0.00145459    min: 0.000128746
[fk_srv-1] [FK]: 0.0010035    max: 0.00145459    min: 0.000128746
[fk_srv-1] [FK]: 0.00107336    max: 0.00145459    min: 0.000128746
[fk_srv-1] [FK]: 0.00118613    max: 0.00145459    min: 0.000128746
[fk_srv-1] [FK]: 0.00100708    max: 0.00145459    min: 0.000128746
[fk_srv-1] [FK]: 0.0005126    max: 0.00145459    min: 0.000128746
[fk_srv-1] [FK]: 0.000535965    max: 0.00145459    min: 0.000128746
[fk_srv-1] [FK]: 0.00101376    max: 0.00145459    min: 0.000128746
[fk_srv-1] [FK]: 0.00164557    max: 0.00164557    min: 0.000128746
[fk_srv-1] [FK]: 0.00100183    max: 0.00164557    min: 0.000128746
[fk_srv-1] [FK]: 0.00100398    max: 0.00164557    min: 0.000128746
[fk_srv-1] [FK]: 0.000513554    max: 0.00164557    min: 0.000128746
[fk_srv-1] [FK]: 0.000342607    max: 0.00164557    min: 0.000128746
[fk_srv-1] [FK]: 0.00126934    max: 0.00164557    min: 0.000128746
[fk_srv-1] [FK]: 0.00149417    max: 0.00164557    min: 0.000128746
[fk_srv-1] [FK]: 0.00160146    max: 0.00164557    min: 0.000128746
[fk_srv-1] [FK]: 0.00115466    max: 0.00164557    min: 0.000128746
[fk_srv-1] [FK]: 0.00100446    max: 0.00164557    min: 0.000128746
[fk_srv-1] [FK]: 0.000364304    max: 0.00164557    min: 0.000128746
[fk_srv-1] [FK]: 0.000127554    max: 0.00164557    min: 0.000127554
[fk_srv-1] [FK]: 0.00111675    max: 0.00164557    min: 0.000127554
[fk_srv-1] [FK]: 0.00120974    max: 0.00164557    min: 0.000127554
[fk_srv-1] [FK]: 0.00105929    max: 0.00164557    min: 0.000127554
[fk_srv-1] [FK]: 0.000993967    max: 0.00164557    min: 0.000127554
[fk_srv-1] [FK]: 0.00100327    max: 0.00164557    min: 0.000127554
[fk_srv-1] [FK]: 0.000339985    max: 0.00164557    min: 0.000127554
[fk_srv-1] [FK]: 0.00118256    max: 0.00164557    min: 0.000127554
[fk_srv-1] [FK]: 0.00103426    max: 0.00164557    min: 0.000127554
[fk_srv-1] [FK]: 0.000514269    max: 0.00164557    min: 0.000127554
[fk_srv-1] [FK]: 0.000813723    max: 0.00164557    min: 0.000127554
[fk_srv-1] [FK]: 0.000849962    max: 0.00164557    min: 0.000127554
[fk_srv-1] [FK]: 0.00109291    max: 0.00164557    min: 0.000127554
[fk_srv-1] [FK]: 0.00113654    max: 0.00164557    min: 0.000127554
[fk_srv-1] [FK]: 0.00109315    max: 0.00164557    min: 0.000127554
[fk_srv-1] [FK]: 0.00100684    max: 0.00164557    min: 0.000127554
[fk_srv-1] [FK]: 0.00105166    max: 0.00164557    min: 0.000127554
[fk_srv-1] [FK]: 0.00114703    max: 0.00164557    min: 0.000127554
[fk_srv-1] [FK]: 0.00100303    max: 0.00164557    min: 0.000127554
[fk_srv-1] [FK]: 0.000578403    max: 0.00164557    min: 0.000127554
[fk_srv-1] [FK]: 0.000342607    max: 0.00164557    min: 0.000127554
[fk_srv-1] [FK]: 0.00112748    max: 0.00164557    min: 0.000127554
[fk_srv-1] [FK]: 0.00102329    max: 0.00164557    min: 0.000127554
[fk_srv-1] [FK]: 0.00110793    max: 0.00164557    min: 0.000127554
[fk_srv-1] [FK]: 0.00108266    max: 0.00164557    min: 0.000127554
[fk_srv-1] [FK]: 0.00106978    max: 0.00164557    min: 0.000127554
[fk_srv-1] [FK]: 0.000371695    max: 0.00164557    min: 0.000127554
[fk_srv-1] [FK]: 0.000207186    max: 0.00164557    min: 0.000127554
[fk_srv-1] [FK]: 0.000993013    max: 0.00164557    min: 0.000127554
[fk_srv-1] [FK]: 0.00107718    max: 0.00164557    min: 0.000127554
[fk_srv-1] [FK]: 0.00103092    max: 0.00164557    min: 0.000127554
[fk_srv-1] [FK]: 0.00100231    max: 0.00164557    min: 0.000127554
[fk_srv-1] [FK]: 0.00103378    max: 0.00164557    min: 0.000127554
[fk_srv-1] [FK]: 0.000339985    max: 0.00164557    min: 0.000127554
[fk_srv-1] [FK]: 0.000490904    max: 0.00164557    min: 0.000127554
[fk_srv-1] [FK]: 0.00108671    max: 0.00164557    min: 0.000127554
[fk_srv-1] [FK]: 0.00112677    max: 0.00164557    min: 0.000127554
[fk_srv-1] [FK]: 0.0011642    max: 0.00164557    min: 0.000127554
[fk_srv-1] [FK]: 0.0010488    max: 0.00164557    min: 0.000127554
[fk_srv-1] [FK]: 0.00100541    max: 0.00164557    min: 0.000127554
[fk_srv-1] [FK]: 0.0002563    max: 0.00164557    min: 0.000127554
[fk_srv-1] [FK]: 0.000311613    max: 0.00164557    min: 0.000127554
[fk_srv-1] [FK]: 0.00107813    max: 0.00164557    min: 0.000127554
[fk_srv-1] [FK]: 0.0011797    max: 0.00164557    min: 0.000127554
[fk_srv-1] [FK]: 0.00110269    max: 0.00164557    min: 0.000127554
[fk_srv-1] [FK]: 0.00104976    max: 0.00164557    min: 0.000127554
[fk_srv-1] [FK]: 0.00114751    max: 0.00164557    min: 0.000127554
[fk_srv-1] [FK]: 0.000258207    max: 0.00164557    min: 0.000127554
[fk_srv-1] [FK]: 0.000409365    max: 0.00164557    min: 0.000127554
[fk_srv-1] [FK]: 0.001091    max: 0.00164557    min: 0.000127554
[fk_srv-1] [FK]: 0.00106764    max: 0.00164557    min: 0.000127554
[fk_srv-1] [FK]: 0.00105953    max: 0.00164557    min: 0.000127554
[fk_srv-1] [FK]: 0.00113988    max: 0.00164557    min: 0.000127554
[fk_srv-1] [FK]: 0.00105619    max: 0.00164557    min: 0.000127554
[fk_srv-1] [FK]: 0.000531673    max: 0.00164557    min: 0.000127554
[fk_srv-1] [FK]: 0.000807762    max: 0.00164557    min: 0.000127554
[fk_srv-1] [FK]: 0.00100136    max: 0.00164557    min: 0.000127554
[fk_srv-1] [FK]: 0.0010407    max: 0.00164557    min: 0.000127554
[fk_srv-1] [FK]: 0.000386477    max: 0.00164557    min: 0.000127554
[fk_srv-1] [FK]: 0.000257015    max: 0.00164557    min: 0.000127554
[fk_srv-1] [FK]: 0.00115275    max: 0.00164557    min: 0.000127554
[fk_srv-1] [FK]: 0.00103331    max: 0.00164557    min: 0.000127554
[fk_srv-1] [FK]: 0.00105858    max: 0.00164557    min: 0.000127554
[fk_srv-1] [FK]: 0.00119877    max: 0.00164557    min: 0.000127554
[fk_srv-1] [FK]: 0.00121045    max: 0.00164557    min: 0.000127554
[fk_srv-1] [FK]: 0.00127745    max: 0.00164557    min: 0.000127554
[fk_srv-1] [FK]: 0.00101948    max: 0.00164557    min: 0.000127554
[fk_srv-1] [FK]: 0.00100255    max: 0.00164557    min: 0.000127554
[fk_srv-1] [FK]: 0.000512123    max: 0.00164557    min: 0.000127554
[fk_srv-1] [FK]: 0.00105953    max: 0.00164557    min: 0.000127554
[fk_srv-1] [FK]: 0.00100088    max: 0.00164557    min: 0.000127554
[fk_srv-1] [FK]: 0.0010643    max: 0.00164557    min: 0.000127554
[fk_srv-1] [FK]: 0.00117111    max: 0.00164557    min: 0.000127554
[fk_srv-1] [FK]: 0.00114202    max: 0.00164557    min: 0.000127554
[fk_srv-1] [FK]: 0.00115657    max: 0.00164557    min: 0.000127554
[fk_srv-1] [FK]: 0.000342131    max: 0.00164557    min: 0.000127554
[fk_srv-1] [FK]: 0.00110292    max: 0.00164557    min: 0.000127554
[fk_srv-1] [FK]: 0.0011704    max: 0.00164557    min: 0.000127554
[fk_srv-1] [FK]: 0.00139356    max: 0.00164557    min: 0.000127554
[fk_srv-1] [FK]: 0.00104809    max: 0.00164557    min: 0.000127554
[fk_srv-1] [FK]: 0.00103974    max: 0.00164557    min: 0.000127554
[fk_srv-1] [FK]: 0.00136137    max: 0.00164557    min: 0.000127554
[fk_srv-1] [FK]: 0.000561237    max: 0.00164557    min: 0.000127554
[fk_srv-1] [FK]: 0.00120544    max: 0.00164557    min: 0.000127554
[fk_srv-1] [FK]: 0.000994921    max: 0.00164557    min: 0.000127554
[fk_srv-1] [FK]: 0.00107765    max: 0.00164557    min: 0.000127554
[fk_srv-1] [FK]: 0.00106955    max: 0.00164557    min: 0.000127554
[fk_srv-1] [FK]: 0.00107694    max: 0.00164557    min: 0.000127554
[fk_srv-1] [FK]: 0.000540733    max: 0.00164557    min: 0.000127554
[fk_srv-1] [FK]: 0.000207424    max: 0.00164557    min: 0.000127554
[fk_srv-1] [FK]: 0.00100231    max: 0.00164557    min: 0.000127554
[fk_srv-1] [FK]: 0.00105929    max: 0.00164557    min: 0.000127554
[fk_srv-1] [FK]: 0.00125551    max: 0.00164557    min: 0.000127554
[fk_srv-1] [FK]: 0.00104856    max: 0.00164557    min: 0.000127554
[fk_srv-1] [FK]: 0.00106025    max: 0.00164557    min: 0.000127554
[fk_srv-1] [FK]: 0.00114036    max: 0.00164557    min: 0.000127554
[fk_srv-1] [FK]: 0.00106812    max: 0.00164557    min: 0.000127554
[fk_srv-1] [FK]: 0.00127649    max: 0.00164557    min: 0.000127554
[fk_srv-1] [FK]: 0.00109982    max: 0.00164557    min: 0.000127554
[fk_srv-1] [FK]: 0.000512362    max: 0.00164557    min: 0.000127554
[fk_srv-1] [FK]: 0.000808716    max: 0.00164557    min: 0.000127554
[fk_srv-1] [FK]: 0.00106549    max: 0.00164557    min: 0.000127554
[fk_srv-1] [FK]: 0.000342369    max: 0.00164557    min: 0.000127554
[fk_srv-1] [FK]: 0.000256538    max: 0.00164557    min: 0.000127554
[fk_srv-1] [FK]: 0.00100183    max: 0.00164557    min: 0.000127554
[fk_srv-1] [FK]: 0.000996828    max: 0.00164557    min: 0.000127554
[fk_srv-1] [FK]: 0.00100088    max: 0.00164557    min: 0.000127554
[fk_srv-1] [FK]: 0.00100064    max: 0.00164557    min: 0.000127554
[fk_srv-1] [FK]: 0.00103045    max: 0.00164557    min: 0.000127554
[fk_srv-1] [FK]: 0.00108552    max: 0.00164557    min: 0.000127554
[fk_srv-1] [FK]: 0.000618219    max: 0.00164557    min: 0.000127554
[fk_srv-1] [FK]: 0.00104165    max: 0.00164557    min: 0.000127554
[fk_srv-1] [FK]: 0.00105262    max: 0.00164557    min: 0.000127554
[fk_srv-1] [FK]: 0.00109386    max: 0.00164557    min: 0.000127554
[fk_srv-1] [FK]: 0.0010891    max: 0.00164557    min: 0.000127554
[fk_srv-1] [FK]: 0.00117636    max: 0.00164557    min: 0.000127554
[fk_srv-1] [FK]: 0.00106287    max: 0.00164557    min: 0.000127554
[fk_srv-1] [FK]: 0.00105906    max: 0.00164557    min: 0.000127554
[fk_srv-1] [FK]: 0.00130844    max: 0.00164557    min: 0.000127554
[fk_srv-1] [FK]: 0.00134397    max: 0.00164557    min: 0.000127554
[fk_srv-1] [FK]: 0.00109577    max: 0.00164557    min: 0.000127554
[fk_srv-1] [FK]: 0.00107336    max: 0.00164557    min: 0.000127554
[fk_srv-1] [FK]: 0.00104213    max: 0.00164557    min: 0.000127554
[fk_srv-1] [FK]: 0.000262737    max: 0.00164557    min: 0.000127554
[fk_srv-1] [FK]: 0.00105667    max: 0.00164557    min: 0.000127554
[fk_srv-1] [FK]: 0.00126719    max: 0.00164557    min: 0.000127554
[fk_srv-1] [FK]: 0.00118136    max: 0.00164557    min: 0.000127554
[fk_srv-1] [FK]: 0.0010035    max: 0.00164557    min: 0.000127554
[fk_srv-1] [FK]: 0.00108409    max: 0.00164557    min: 0.000127554
[fk_srv-1] [FK]: 0.00143313    max: 0.00164557    min: 0.000127554
[fk_srv-1] [FK]: 0.000516415    max: 0.00164557    min: 0.000127554
[fk_srv-1] [FK]: 0.000884771    max: 0.00164557    min: 0.000127554
[fk_srv-1] [FK]: 0.00112295    max: 0.00164557    min: 0.000127554
[fk_srv-1] [FK]: 0.00100636    max: 0.00164557    min: 0.000127554
[fk_srv-1] [FK]: 0.0010879    max: 0.00164557    min: 0.000127554
[fk_srv-1] [FK]: 0.00116754    max: 0.00164557    min: 0.000127554
[fk_srv-1] [FK]: 0.00128484    max: 0.00164557    min: 0.000127554
[fk_srv-1] [FK]: 0.000342369    max: 0.00164557    min: 0.000127554
[fk_srv-1] [FK]: 0.00100398    max: 0.00164557    min: 0.000127554
[fk_srv-1] [FK]: 0.00106168    max: 0.00164557    min: 0.000127554
[fk_srv-1] [FK]: 0.00103164    max: 0.00164557    min: 0.000127554
[fk_srv-1] [FK]: 0.00102925    max: 0.00164557    min: 0.000127554
[fk_srv-1] [FK]: 0.00111532    max: 0.00164557    min: 0.000127554
[fk_srv-1] [FK]: 0.00057888    max: 0.00164557    min: 0.000127554
[fk_srv-1] [FK]: 0.0010004    max: 0.00164557    min: 0.000127554
[fk_srv-1] [FK]: 0.00105882    max: 0.00164557    min: 0.000127554
[fk_srv-1] [FK]: 0.00102448    max: 0.00164557    min: 0.000127554
[fk_srv-1] [FK]: 0.00107479    max: 0.00164557    min: 0.000127554
[fk_srv-1] [FK]: 0.00108314    max: 0.00164557    min: 0.000127554
[fk_srv-1] [FK]: 0.000513792    max: 0.00164557    min: 0.000127554
[fk_srv-1] [FK]: 0.000513315    max: 0.00164557    min: 0.000127554
[fk_srv-1] [FK]: 0.0005126    max: 0.00164557    min: 0.000127554
[fk_srv-1] [FK]: 0.000513554    max: 0.00164557    min: 0.000127554
[fk_srv-1] [FK]: 0.00056076    max: 0.00164557    min: 0.000127554
[fk_srv-1] [FK]: 0.000127792    max: 0.00164557    min: 0.000127554
[fk_srv-1] [FK]: 0.000174046    max: 0.00164557    min: 0.000127554
[fk_srv-1] [FK]: 0.00105572    max: 0.00164557    min: 0.000127554
[fk_srv-1] [FK]: 0.00167465    max: 0.00167465    min: 0.000127554
[fk_srv-1] [FK]: 0.00112629    max: 0.00167465    min: 0.000127554
[fk_srv-1] [FK]: 0.000501633    max: 0.00167465    min: 0.000127554
[fk_srv-1] [FK]: 0.00112867    max: 0.00167465    min: 0.000127554
[fk_srv-1] [FK]: 0.00103045    max: 0.00167465    min: 0.000127554
[fk_srv-1] [FK]: 0.00110149    max: 0.00167465    min: 0.000127554
[fk_srv-1] [FK]: 0.000517607    max: 0.00167465    min: 0.000127554
[fk_srv-1] [FK]: 0.000794172    max: 0.00167465    min: 0.000127554
[fk_srv-1] [FK]: 0.00100422    max: 0.00167465    min: 0.000127554
[fk_srv-1] [FK]: 0.00107718    max: 0.00167465    min: 0.000127554
[fk_srv-1] [FK]: 0.000999451    max: 0.00167465    min: 0.000127554
[fk_srv-1] [FK]: 0.00106001    max: 0.00167465    min: 0.000127554
[fk_srv-1] [FK]: 0.00104403    max: 0.00167465    min: 0.000127554
[fk_srv-1] [FK]: 0.000385284    max: 0.00167465    min: 0.000127554
[fk_srv-1] [FK]: 0.00100112    max: 0.00167465    min: 0.000127554
[fk_srv-1] [FK]: 0.00130963    max: 0.00167465    min: 0.000127554
[fk_srv-1] [FK]: 0.0010047    max: 0.00167465    min: 0.000127554
[fk_srv-1] [FK]: 0.00100374    max: 0.00167465    min: 0.000127554
[fk_srv-1] [FK]: 0.00108838    max: 0.00167465    min: 0.000127554
[fk_srv-1] [FK]: 0.00101542    max: 0.00167465    min: 0.000127554
[fk_srv-1] [FK]: 0.00109768    max: 0.00167465    min: 0.000127554
[fk_srv-1] [FK]: 0.00110078    max: 0.00167465    min: 0.000127554
[fk_srv-1] [FK]: 0.00109601    max: 0.00167465    min: 0.000127554
[fk_srv-1] [FK]: 0.0013082    max: 0.00167465    min: 0.000127554
[fk_srv-1] [FK]: 0.00134301    max: 0.00167465    min: 0.000127554
[fk_srv-1] [FK]: 0.00105953    max: 0.00167465    min: 0.000127554
[fk_srv-1] [FK]: 0.00105977    max: 0.00167465    min: 0.000127554
[fk_srv-1] [FK]: 0.00145054    max: 0.00167465    min: 0.000127554
[fk_srv-1] [FK]: 0.00100279    max: 0.00167465    min: 0.000127554
[fk_srv-1] [FK]: 0.00100493    max: 0.00167465    min: 0.000127554
[fk_srv-1] [FK]: 0.00107193    max: 0.00167465    min: 0.000127554
[fk_srv-1] [FK]: 0.0010016    max: 0.00167465    min: 0.000127554
[fk_srv-1] [FK]: 0.000506878    max: 0.00167465    min: 0.000127554
[fk_srv-1] [FK]: 0.0002563    max: 0.00167465    min: 0.000127554
[fk_srv-1] [FK]: 0.000427961    max: 0.00167465    min: 0.000127554
[fk_srv-1] [FK]: 0.00110006    max: 0.00167465    min: 0.000127554
[fk_srv-1] [FK]: 0.00100017    max: 0.00167465    min: 0.000127554
[fk_srv-1] [FK]: 0.00107455    max: 0.00167465    min: 0.000127554
[fk_srv-1] [FK]: 0.000995636    max: 0.00167465    min: 0.000127554
[fk_srv-1] [FK]: 0.00100183    max: 0.00167465    min: 0.000127554
[fk_srv-1] [FK]: 0.00134063    max: 0.00167465    min: 0.000127554
[fk_srv-1] [FK]: 0.00103259    max: 0.00167465    min: 0.000127554
[fk_srv-1] [FK]: 0.000340223    max: 0.00167465    min: 0.000127554
[fk_srv-1] [FK]: 0.000454664    max: 0.00167465    min: 0.000127554
[fk_srv-1] [FK]: 0.00110769    max: 0.00167465    min: 0.000127554
[fk_srv-1] [FK]: 0.000989199    max: 0.00167465    min: 0.000127554
[fk_srv-1] [FK]: 0.0013895    max: 0.00167465    min: 0.000127554
[fk_srv-1] [FK]: 0.00138497    max: 0.00167465    min: 0.000127554
[fk_srv-1] [FK]: 0.00138068    max: 0.00167465    min: 0.000127554
[fk_srv-1] [FK]: 0.00142479    max: 0.00167465    min: 0.000127554
[fk_srv-1] [FK]: 0.00132465    max: 0.00167465    min: 0.000127554
[fk_srv-1] [FK]: 0.00137234    max: 0.00167465    min: 0.000127554
[fk_srv-1] [FK]: 0.00140786    max: 0.00167465    min: 0.000127554
[fk_srv-1] [FK]: 0.00132871    max: 0.00167465    min: 0.000127554
[fk_srv-1] [FK]: 0.000678062    max: 0.00167465    min: 0.000127554
[fk_srv-1] [FK]: 0.000683069    max: 0.00167465    min: 0.000127554
[fk_srv-1] [FK]: 0.00139022    max: 0.00167465    min: 0.000127554
[fk_srv-1] [FK]: 0.00139022    max: 0.00167465    min: 0.000127554
[fk_srv-1] [FK]: 0.00131249    max: 0.00167465    min: 0.000127554
[fk_srv-1] [FK]: 0.00129294    max: 0.00167465    min: 0.000127554
[fk_srv-1] [FK]: 0.00109291    max: 0.00167465    min: 0.000127554
[fk_srv-1] [FK]: 0.000516891    max: 0.00167465    min: 0.000127554
[fk_srv-1] [FK]: 0.00107694    max: 0.00167465    min: 0.000127554
[fk_srv-1] [FK]: 0.00110745    max: 0.00167465    min: 0.000127554
[fk_srv-1] [FK]: 0.00116611    max: 0.00167465    min: 0.000127554
[fk_srv-1] [FK]: 0.00102544    max: 0.00167465    min: 0.000127554
[fk_srv-1] [FK]: 0.00117373    max: 0.00167465    min: 0.000127554
[fk_srv-1] [FK]: 0.00100112    max: 0.00167465    min: 0.000127554
[fk_srv-1] [FK]: 0.00106192    max: 0.00167465    min: 0.000127554
[fk_srv-1] [FK]: 0.00110149    max: 0.00167465    min: 0.000127554
[fk_srv-1] [FK]: 0.00109005    max: 0.00167465    min: 0.000127554
[fk_srv-1] [FK]: 0.00115395    max: 0.00167465    min: 0.000127554
[fk_srv-1] [FK]: 0.00104213    max: 0.00167465    min: 0.000127554
[fk_srv-1] [FK]: 0.00106454    max: 0.00167465    min: 0.000127554
[fk_srv-1] [FK]: 0.00106072    max: 0.00167465    min: 0.000127554
[fk_srv-1] [FK]: 0.000341177    max: 0.00167465    min: 0.000127554
[fk_srv-1] [FK]: 0.000684023    max: 0.00167465    min: 0.000127554
[fk_srv-1] [FK]: 0.0012188    max: 0.00167465    min: 0.000127554
[fk_srv-1] [FK]: 0.00111127    max: 0.00167465    min: 0.000127554
[fk_srv-1] [FK]: 0.00102568    max: 0.00167465    min: 0.000127554
[fk_srv-1] [FK]: 0.00110173    max: 0.00167465    min: 0.000127554
[fk_srv-1] [FK]: 0.0010767    max: 0.00167465    min: 0.000127554
[fk_srv-1] [FK]: 0.000256777    max: 0.00167465    min: 0.000127554
[fk_srv-1] [FK]: 0.000408888    max: 0.00167465    min: 0.000127554
[fk_srv-1] [FK]: 0.00109053    max: 0.00167465    min: 0.000127554
[fk_srv-1] [FK]: 0.00103736    max: 0.00167465    min: 0.000127554
[fk_srv-1] [FK]: 0.00117707    max: 0.00167465    min: 0.000127554
[fk_srv-1] [FK]: 0.00133324    max: 0.00167465    min: 0.000127554
[fk_srv-1] [FK]: 0.00141382    max: 0.00167465    min: 0.000127554
[fk_srv-1] [FK]: 0.0013876    max: 0.00167465    min: 0.000127554
[fk_srv-1] [FK]: 0.00131989    max: 0.00167465    min: 0.000127554
[fk_srv-1] [FK]: 0.00112438    max: 0.00167465    min: 0.000127554
[fk_srv-1] [FK]: 0.00106859    max: 0.00167465    min: 0.000127554
[fk_srv-1] [FK]: 0.00124192    max: 0.00167465    min: 0.000127554
[fk_srv-1] [FK]: 0.00100112    max: 0.00167465    min: 0.000127554
[fk_srv-1] [FK]: 0.00114441    max: 0.00167465    min: 0.000127554
[fk_srv-1] [FK]: 0.000555515    max: 0.00167465    min: 0.000127554
[fk_srv-1] [FK]: 0.000806808    max: 0.00167465    min: 0.000127554
[fk_srv-1] [FK]: 0.000867367    max: 0.00167465    min: 0.000127554
[fk_srv-1] [FK]: 0.000846624    max: 0.00167465    min: 0.000127554
[fk_srv-1] [FK]: 0.000808716    max: 0.00167465    min: 0.000127554
[fk_srv-1] [FK]: 0.000831604    max: 0.00167465    min: 0.000127554
[fk_srv-1] [FK]: 0.00045681    max: 0.00167465    min: 0.000127554
[fk_srv-1] [FK]: 0.000454664    max: 0.00167465    min: 0.000127554
[fk_srv-1] [FK]: 0.000498772    max: 0.00167465    min: 0.000127554
[fk_srv-1] [FK]: 0.000494957    max: 0.00167465    min: 0.000127554
[fk_srv-1] [FK]: 0.00110507    max: 0.00167465    min: 0.000127554
[fk_srv-1] [FK]: 0.00114512    max: 0.00167465    min: 0.000127554
[fk_srv-1] [FK]: 0.00118494    max: 0.00167465    min: 0.000127554
[fk_srv-1] [FK]: 0.00105381    max: 0.00167465    min: 0.000127554
[fk_srv-1] [FK]: 0.00103641    max: 0.00167465    min: 0.000127554
[fk_srv-1] [FK]: 0.000582218    max: 0.00167465    min: 0.000127554
[fk_srv-1] [FK]: 0.000532866    max: 0.00167465    min: 0.000127554
[fk_srv-1] [FK]: 0.000513792    max: 0.00167465    min: 0.000127554
[fk_srv-1] [FK]: 0.000792027    max: 0.00167465    min: 0.000127554
[fk_srv-1] [FK]: 0.000809193    max: 0.00167465    min: 0.000127554
[fk_srv-1] [FK]: 0.000809431    max: 0.00167465    min: 0.000127554
[fk_srv-1] [FK]: 0.00105429    max: 0.00167465    min: 0.000127554
[fk_srv-1] [FK]: 0.00110793    max: 0.00167465    min: 0.000127554
[fk_srv-1] [FK]: 0.000996113    max: 0.00167465    min: 0.000127554
[fk_srv-1] [FK]: 0.00100303    max: 0.00167465    min: 0.000127554
[fk_srv-1] [FK]: 0.00107169    max: 0.00167465    min: 0.000127554
[fk_srv-1] [FK]: 0.00106907    max: 0.00167465    min: 0.000127554
[fk_srv-1] [FK]: 0.000645876    max: 0.00167465    min: 0.000127554
[fk_srv-1] [FK]: 0.000808954    max: 0.00167465    min: 0.000127554
[fk_srv-1] [FK]: 0.00105715    max: 0.00167465    min: 0.000127554
[fk_srv-1] [FK]: 0.00142264    max: 0.00167465    min: 0.000127554
[fk_srv-1] [FK]: 0.0011394    max: 0.00167465    min: 0.000127554
[fk_srv-1] [FK]: 0.00112987    max: 0.00167465    min: 0.000127554
[fk_srv-1] [FK]: 0.00106168    max: 0.00167465    min: 0.000127554
[fk_srv-1] [FK]: 0.00117302    max: 0.00167465    min: 0.000127554
[fk_srv-1] [FK]: 0.00136733    max: 0.00167465    min: 0.000127554
[fk_srv-1] [FK]: 0.00107622    max: 0.00167465    min: 0.000127554
[fk_srv-1] [FK]: 0.00100374    max: 0.00167465    min: 0.000127554
[fk_srv-1] [FK]: 0.00105453    max: 0.00167465    min: 0.000127554
[fk_srv-1] [FK]: 0.00107741    max: 0.00167465    min: 0.000127554
[fk_srv-1] [FK]: 0.00121474    max: 0.00167465    min: 0.000127554
[fk_srv-1] [FK]: 0.000545979    max: 0.00167465    min: 0.000127554
[fk_srv-1] [FK]: 0.000511885    max: 0.00167465    min: 0.000127554
[fk_srv-1] [FK]: 0.00115848    max: 0.00167465    min: 0.000127554
[fk_srv-1] [FK]: 0.00117612    max: 0.00167465    min: 0.000127554
[fk_srv-1] [FK]: 0.000992775    max: 0.00167465    min: 0.000127554
[fk_srv-1] [FK]: 0.000513554    max: 0.00167465    min: 0.000127554
[fk_srv-1] [FK]: 0.000558376    max: 0.00167465    min: 0.000127554
[fk_srv-1] [FK]: 0.00094676    max: 0.00167465    min: 0.000127554
[fk_srv-1] [FK]: 0.00111055    max: 0.00167465    min: 0.000127554
[fk_srv-1] [FK]: 0.00118446    max: 0.00167465    min: 0.000127554
[fk_srv-1] [FK]: 0.00108719    max: 0.00167465    min: 0.000127554
[fk_srv-1] [FK]: 0.00109196    max: 0.00167465    min: 0.000127554
[fk_srv-1] [FK]: 0.00143075    max: 0.00167465    min: 0.000127554
[fk_srv-1] [FK]: 0.000576019    max: 0.00167465    min: 0.000127554
[fk_srv-1] [FK]: 0.00129509    max: 0.00167465    min: 0.000127554
[fk_srv-1] [FK]: 0.000132322    max: 0.00167465    min: 0.000127554
[fk_srv-1] [FK]: 0.00110054    max: 0.00167465    min: 0.000127554
[fk_srv-1] [FK]: 0.0010674    max: 0.00167465    min: 0.000127554
[fk_srv-1] [FK]: 0.00122929    max: 0.00167465    min: 0.000127554
[fk_srv-1] [FK]: 0.00142074    max: 0.00167465    min: 0.000127554
[fk_srv-1] [FK]: 0.000340223    max: 0.00167465    min: 0.000127554
[fk_srv-1] [FK]: 0.00110912    max: 0.00167465    min: 0.000127554
[fk_srv-1] [FK]: 0.0013988    max: 0.00167465    min: 0.000127554
[fk_srv-1] [FK]: 0.00100446    max: 0.00167465    min: 0.000127554
[fk_srv-1] [FK]: 0.00100684    max: 0.00167465    min: 0.000127554
[fk_srv-1] [FK]: 0.00112891    max: 0.00167465    min: 0.000127554
[fk_srv-1] [FK]: 0.000558853    max: 0.00167465    min: 0.000127554
[fk_srv-1] [FK]: 0.000511885    max: 0.00167465    min: 0.000127554
[fk_srv-1] [FK]: 0.000578403    max: 0.00167465    min: 0.000127554
[fk_srv-1] [FK]: 0.00117731    max: 0.00167465    min: 0.000127554
[fk_srv-1] [FK]: 0.00115514    max: 0.00167465    min: 0.000127554
[fk_srv-1] [FK]: 0.00122499    max: 0.00167465    min: 0.000127554
[fk_srv-1] [FK]: 0.00100493    max: 0.00167465    min: 0.000127554
[fk_srv-1] [FK]: 0.0010035    max: 0.00167465    min: 0.000127554
[fk_srv-1] [FK]: 0.00100398    max: 0.00167465    min: 0.000127554
[fk_srv-1] [FK]: 0.00100541    max: 0.00167465    min: 0.000127554
[fk_srv-1] [FK]: 0.000534773    max: 0.00167465    min: 0.000127554
[fk_srv-1] [FK]: 0.00110984    max: 0.00167465    min: 0.000127554
[fk_srv-1] [FK]: 0.0011127    max: 0.00167465    min: 0.000127554
[fk_srv-1] [FK]: 0.00155425    max: 0.00167465    min: 0.000127554
[fk_srv-1] [FK]: 0.000258684    max: 0.00167465    min: 0.000127554
[fk_srv-1] [FK]: 0.00109482    max: 0.00167465    min: 0.000127554
[fk_srv-1] [FK]: 0.00108838    max: 0.00167465    min: 0.000127554
[fk_srv-1] [FK]: 0.00114155    max: 0.00167465    min: 0.000127554
[fk_srv-1] [FK]: 0.00106668    max: 0.00167465    min: 0.000127554
[fk_srv-1] [FK]: 0.00100589    max: 0.00167465    min: 0.000127554
[fk_srv-1] [FK]: 0.000512123    max: 0.00167465    min: 0.000127554
[fk_srv-1] [FK]: 0.000340223    max: 0.00167465    min: 0.000127554
[fk_srv-1] [FK]: 0.00105047    max: 0.00167465    min: 0.000127554
[fk_srv-1] [FK]: 0.00114465    max: 0.00167465    min: 0.000127554
[fk_srv-1] [FK]: 0.00145626    max: 0.00167465    min: 0.000127554
[fk_srv-1] [FK]: 0.00112271    max: 0.00167465    min: 0.000127554
[fk_srv-1] [FK]: 0.00104213    max: 0.00167465    min: 0.000127554
[fk_srv-1] [FK]: 0.000530005    max: 0.00167465    min: 0.000127554
[fk_srv-1] [FK]: 0.000258684    max: 0.00167465    min: 0.000127554
[fk_srv-1] [FK]: 0.00105429    max: 0.00167465    min: 0.000127554
[fk_srv-1] [FK]: 0.00109816    max: 0.00167465    min: 0.000127554
[fk_srv-1] [FK]: 0.00169683    max: 0.00169683    min: 0.000127554
[fk_srv-1] [FK]: 0.000989914    max: 0.00169683    min: 0.000127554
[fk_srv-1] [FK]: 0.00136042    max: 0.00169683    min: 0.000127554
[fk_srv-1] [FK]: 0.00143957    max: 0.00169683    min: 0.000127554
[fk_srv-1] [FK]: 0.00138426    max: 0.00169683    min: 0.000127554
[fk_srv-1] [FK]: 0.00110006    max: 0.00169683    min: 0.000127554
[fk_srv-1] [FK]: 0.00100207    max: 0.00169683    min: 0.000127554
[fk_srv-1] [FK]: 0.0010035    max: 0.00169683    min: 0.000127554
[fk_srv-1] [FK]: 0.000520945    max: 0.00169683    min: 0.000127554
[fk_srv-1] [FK]: 0.00123978    max: 0.00169683    min: 0.000127554
[fk_srv-1] [FK]: 0.00102949    max: 0.00169683    min: 0.000127554
[fk_srv-1] [FK]: 0.00100136    max: 0.00169683    min: 0.000127554
[fk_srv-1] [FK]: 0.00100136    max: 0.00169683    min: 0.000127554
[fk_srv-1] [FK]: 0.000999928    max: 0.00169683    min: 0.000127554
[fk_srv-1] [FK]: 0.000600576    max: 0.00169683    min: 0.000127554
[fk_srv-1] [FK]: 0.000499249    max: 0.00169683    min: 0.000127554
[fk_srv-1] [FK]: 0.00100565    max: 0.00169683    min: 0.000127554
[fk_srv-1] [FK]: 0.000995398    max: 0.00169683    min: 0.000127554
[fk_srv-1] [FK]: 0.00034833    max: 0.00169683    min: 0.000127554
[fk_srv-1] [FK]: 0.000344992    max: 0.00169683    min: 0.000127554
[fk_srv-1] [FK]: 0.00118828    max: 0.00169683    min: 0.000127554
[fk_srv-1] [FK]: 0.00102997    max: 0.00169683    min: 0.000127554
[fk_srv-1] [FK]: 0.00105906    max: 0.00169683    min: 0.000127554
[fk_srv-1] [FK]: 0.00105953    max: 0.00169683    min: 0.000127554
[fk_srv-1] [FK]: 0.000551462    max: 0.00169683    min: 0.000127554
[fk_srv-1] [FK]: 0.000515461    max: 0.00169683    min: 0.000127554
[fk_srv-1] [FK]: 0.00112748    max: 0.00169683    min: 0.000127554
[fk_srv-1] [FK]: 0.00100565    max: 0.00169683    min: 0.000127554
[fk_srv-1] [FK]: 0.00111341    max: 0.00169683    min: 0.000127554
[fk_srv-1] [FK]: 0.00102353    max: 0.00169683    min: 0.000127554
[fk_srv-1] [FK]: 0.00102687    max: 0.00169683    min: 0.000127554
[fk_srv-1] [FK]: 0.00100541    max: 0.00169683    min: 0.000127554
[fk_srv-1] [FK]: 0.00145388    max: 0.00169683    min: 0.000127554
[fk_srv-1] [FK]: 0.00110936    max: 0.00169683    min: 0.000127554
[fk_srv-1] [FK]: 0.000511169    max: 0.00169683    min: 0.000127554
[fk_srv-1] [FK]: 0.00140142    max: 0.00169683    min: 0.000127554
[fk_srv-1] [FK]: 0.00100183    max: 0.00169683    min: 0.000127554
[fk_srv-1] [FK]: 0.00100183    max: 0.00169683    min: 0.000127554
[fk_srv-1] [FK]: 0.00100231    max: 0.00169683    min: 0.000127554
[fk_srv-1] [FK]: 0.000515699    max: 0.00169683    min: 0.000127554
[fk_srv-1] [FK]: 0.00100565    max: 0.00169683    min: 0.000127554
[fk_srv-1] [FK]: 0.00100303    max: 0.00169683    min: 0.000127554
[fk_srv-1] [FK]: 0.00108433    max: 0.00169683    min: 0.000127554
[fk_srv-1] [FK]: 0.00100136    max: 0.00169683    min: 0.000127554
[fk_srv-1] [FK]: 0.0010016    max: 0.00169683    min: 0.000127554
[fk_srv-1] [FK]: 0.00176191    max: 0.00176191    min: 0.000127554
[fk_srv-1] [FK]: 0.00110936    max: 0.00176191    min: 0.000127554
[fk_srv-1] [FK]: 0.00109339    max: 0.00176191    min: 0.000127554
[fk_srv-1] [FK]: 0.00105739    max: 0.00176191    min: 0.000127554
[fk_srv-1] [FK]: 0.000514269    max: 0.00176191    min: 0.000127554
[fk_srv-1] [FK]: 0.000997543    max: 0.00176191    min: 0.000127554
[fk_srv-1] [FK]: 0.00103092    max: 0.00176191    min: 0.000127554
[fk_srv-1] [FK]: 0.00109744    max: 0.00176191    min: 0.000127554
[fk_srv-1] [FK]: 0.00109124    max: 0.00176191    min: 0.000127554
[fk_srv-1] [FK]: 0.00107956    max: 0.00176191    min: 0.000127554
[fk_srv-1] [FK]: 0.00114202    max: 0.00176191    min: 0.000127554
[fk_srv-1] [FK]: 0.0010798    max: 0.00176191    min: 0.000127554
[fk_srv-1] [FK]: 0.0010016    max: 0.00176191    min: 0.000127554
[fk_srv-1] [FK]: 0.0003438    max: 0.00176191    min: 0.000127554
[fk_srv-1] [FK]: 0.0010016    max: 0.00176191    min: 0.000127554
[fk_srv-1] [FK]: 0.00123477    max: 0.00176191    min: 0.000127554
[fk_srv-1] [FK]: 0.00107813    max: 0.00176191    min: 0.000127554
[fk_srv-1] [FK]: 0.00100279    max: 0.00176191    min: 0.000127554
[fk_srv-1] [FK]: 0.00109839    max: 0.00176191    min: 0.000127554
[fk_srv-1] [FK]: 0.00102043    max: 0.00176191    min: 0.000127554
[fk_srv-1] [FK]: 0.000346899    max: 0.00176191    min: 0.000127554
[fk_srv-1] [FK]: 0.00105572    max: 0.00176191    min: 0.000127554
[fk_srv-1] [FK]: 0.0010643    max: 0.00176191    min: 0.000127554
[fk_srv-1] [FK]: 0.000997066    max: 0.00176191    min: 0.000127554
[fk_srv-1] [FK]: 0.00137877    max: 0.00176191    min: 0.000127554
[fk_srv-1] [FK]: 0.00136614    max: 0.00176191    min: 0.000127554
[fk_srv-1] [FK]: 0.00136948    max: 0.00176191    min: 0.000127554
[fk_srv-1] [FK]: 0.00138044    max: 0.00176191    min: 0.000127554
[fk_srv-1] [FK]: 0.00136709    max: 0.00176191    min: 0.000127554
[fk_srv-1] [FK]: 0.00142765    max: 0.00176191    min: 0.000127554
[fk_srv-1] [FK]: 0.0013392    max: 0.00176191    min: 0.000127554
[fk_srv-1] [FK]: 0.00110531    max: 0.00176191    min: 0.000127554
[fk_srv-1] [FK]: 0.00100207    max: 0.00176191    min: 0.000127554
[fk_srv-1] [FK]: 0.000499249    max: 0.00176191    min: 0.000127554
[fk_srv-1] [FK]: 0.000256538    max: 0.00176191    min: 0.000127554
[fk_srv-1] [FK]: 0.000411034    max: 0.00176191    min: 0.000127554
[fk_srv-1] [FK]: 0.000194311    max: 0.00176191    min: 0.000127554
[fk_srv-1] [FK]: 0.000124454    max: 0.00176191    min: 0.000124454
[fk_srv-1] [FK]: 0.00100374    max: 0.00176191    min: 0.000124454
[fk_srv-1] [FK]: 0.00119305    max: 0.00176191    min: 0.000124454
[fk_srv-1] [FK]: 0.00128651    max: 0.00176191    min: 0.000124454
[fk_srv-1] [FK]: 0.00100136    max: 0.00176191    min: 0.000124454
[fk_srv-1] [FK]: 0.00102472    max: 0.00176191    min: 0.000124454
[fk_srv-1] [FK]: 0.000570297    max: 0.00176191    min: 0.000124454
[fk_srv-1] [FK]: 0.000511169    max: 0.00176191    min: 0.000124454
[fk_srv-1] [FK]: 0.00107336    max: 0.00176191    min: 0.000124454
[fk_srv-1] [FK]: 0.000990868    max: 0.00176191    min: 0.000124454
[fk_srv-1] [FK]: 0.0011251    max: 0.00176191    min: 0.000124454
[fk_srv-1] [FK]: 0.000370502    max: 0.00176191    min: 0.000124454
[fk_srv-1] [FK]: 0.00110769    max: 0.00176191    min: 0.000124454
[fk_srv-1] [FK]: 0.00099206    max: 0.00176191    min: 0.000124454
[fk_srv-1] [FK]: 0.00107837    max: 0.00176191    min: 0.000124454
[fk_srv-1] [FK]: 0.00110912    max: 0.00176191    min: 0.000124454
[fk_srv-1] [FK]: 0.000995398    max: 0.00176191    min: 0.000124454
[fk_srv-1] [FK]: 0.000355244    max: 0.00176191    min: 0.000124454
[fk_srv-1] [FK]: 0.000726223    max: 0.00176191    min: 0.000124454
[fk_srv-1] [FK]: 0.00124526    max: 0.00176191    min: 0.000124454
[fk_srv-1] [FK]: 0.00106835    max: 0.00176191    min: 0.000124454
[fk_srv-1] [FK]: 0.00109911    max: 0.00176191    min: 0.000124454
[fk_srv-1] [FK]: 0.00116229    max: 0.00176191    min: 0.000124454
[fk_srv-1] [FK]: 0.00105524    max: 0.00176191    min: 0.000124454
[fk_srv-1] [FK]: 0.000585079    max: 0.00176191    min: 0.000124454
[fk_srv-1] [FK]: 0.00110197    max: 0.00176191    min: 0.000124454
[fk_srv-1] [FK]: 0.00116467    max: 0.00176191    min: 0.000124454
[fk_srv-1] [FK]: 0.00113535    max: 0.00176191    min: 0.000124454
[fk_srv-1] [FK]: 0.00101829    max: 0.00176191    min: 0.000124454
[fk_srv-1] [FK]: 0.00105262    max: 0.00176191    min: 0.000124454
[fk_srv-1] [FK]: 0.000559807    max: 0.00176191    min: 0.000124454
[fk_srv-1] [FK]: 0.000127792    max: 0.00176191    min: 0.000124454
[fk_srv-1] [FK]: 0.000197411    max: 0.00176191    min: 0.000124454
[fk_srv-1] [FK]: 0.00106001    max: 0.00176191    min: 0.000124454
[fk_srv-1] [FK]: 0.00120473    max: 0.00176191    min: 0.000124454
[fk_srv-1] [FK]: 0.00100517    max: 0.00176191    min: 0.000124454
[fk_srv-1] [FK]: 0.00100231    max: 0.00176191    min: 0.000124454
[fk_srv-1] [FK]: 0.000344753    max: 0.00176191    min: 0.000124454
[fk_srv-1] [FK]: 0.000317097    max: 0.00176191    min: 0.000124454
[fk_srv-1] [FK]: 0.00118685    max: 0.00176191    min: 0.000124454
[fk_srv-1] [FK]: 0.00107646    max: 0.00176191    min: 0.000124454
[fk_srv-1] [FK]: 0.00106597    max: 0.00176191    min: 0.000124454
[fk_srv-1] [FK]: 0.00108957    max: 0.00176191    min: 0.000124454
[fk_srv-1] [FK]: 0.00101542    max: 0.00176191    min: 0.000124454
[fk_srv-1] [FK]: 0.00121665    max: 0.00176191    min: 0.000124454
[fk_srv-1] [FK]: 0.00100183    max: 0.00176191    min: 0.000124454
[fk_srv-1] [FK]: 0.000341177    max: 0.00176191    min: 0.000124454
[fk_srv-1] [FK]: 0.000341892    max: 0.00176191    min: 0.000124454
[fk_srv-1] [FK]: 0.00105548    max: 0.00176191    min: 0.000124454
[fk_srv-1] [FK]: 0.00100088    max: 0.00176191    min: 0.000124454
[fk_srv-1] [FK]: 0.000996113    max: 0.00176191    min: 0.000124454
[fk_srv-1] [FK]: 0.0010252    max: 0.00176191    min: 0.000124454
[fk_srv-1] [FK]: 0.000989437    max: 0.00176191    min: 0.000124454
[fk_srv-1] [FK]: 0.00114751    max: 0.00176191    min: 0.000124454
[fk_srv-1] [FK]: 0.00107479    max: 0.00176191    min: 0.000124454
[fk_srv-1] [FK]: 0.00116086    max: 0.00176191    min: 0.000124454
[fk_srv-1] [FK]: 0.00110984    max: 0.00176191    min: 0.000124454
[fk_srv-1] [FK]: 0.0011034    max: 0.00176191    min: 0.000124454
[fk_srv-1] [FK]: 0.000341177    max: 0.00176191    min: 0.000124454
[fk_srv-1] [FK]: 0.000996113    max: 0.00176191    min: 0.000124454
[fk_srv-1] [FK]: 0.000999212    max: 0.00176191    min: 0.000124454
[fk_srv-1] [FK]: 0.00109911    max: 0.00176191    min: 0.000124454
[fk_srv-1] [FK]: 0.00106788    max: 0.00176191    min: 0.000124454
[fk_srv-1] [FK]: 0.00107002    max: 0.00176191    min: 0.000124454
[fk_srv-1] [FK]: 0.00107408    max: 0.00176191    min: 0.000124454
[fk_srv-1] [FK]: 0.000516176    max: 0.00176191    min: 0.000124454
[fk_srv-1] [FK]: 0.000591755    max: 0.00176191    min: 0.000124454
[fk_srv-1] [FK]: 0.000808001    max: 0.00176191    min: 0.000124454
[fk_srv-1] [FK]: 0.00100374    max: 0.00176191    min: 0.000124454
[fk_srv-1] [FK]: 0.00118089    max: 0.00176191    min: 0.000124454
[fk_srv-1] [FK]: 0.00108171    max: 0.00176191    min: 0.000124454
[fk_srv-1] [FK]: 0.00120902    max: 0.00176191    min: 0.000124454
[fk_srv-1] [FK]: 0.000512123    max: 0.00176191    min: 0.000124454
[fk_srv-1] [FK]: 0.000800848    max: 0.00176191    min: 0.000124454
[fk_srv-1] [FK]: 0.00103879    max: 0.00176191    min: 0.000124454
[fk_srv-1] [FK]: 0.00124907    max: 0.00176191    min: 0.000124454
[fk_srv-1] [FK]: 0.000340939    max: 0.00176191    min: 0.000124454
[fk_srv-1] [FK]: 0.000342369    max: 0.00176191    min: 0.000124454
[fk_srv-1] [FK]: 0.00111914    max: 0.00176191    min: 0.000124454
[fk_srv-1] [FK]: 0.00112152    max: 0.00176191    min: 0.000124454
[fk_srv-1] [FK]: 0.00119257    max: 0.00176191    min: 0.000124454
[fk_srv-1] [FK]: 0.000571251    max: 0.00176191    min: 0.000124454
[fk_srv-1] [FK]: 0.0005126    max: 0.00176191    min: 0.000124454
[fk_srv-1] [FK]: 0.00108981    max: 0.00176191    min: 0.000124454
[fk_srv-1] [FK]: 0.00109625    max: 0.00176191    min: 0.000124454
[fk_srv-1] [FK]: 0.000513077    max: 0.00176191    min: 0.000124454
[fk_srv-1] [FK]: 0.000341892    max: 0.00176191    min: 0.000124454
[fk_srv-1] [FK]: 0.000174284    max: 0.00176191    min: 0.000124454
[fk_srv-1] [FK]: 0.00100255    max: 0.00176191    min: 0.000124454
[fk_srv-1] [FK]: 0.00102663    max: 0.00176191    min: 0.000124454
[fk_srv-1] [FK]: 0.000994444    max: 0.00176191    min: 0.000124454
[fk_srv-1] [FK]: 0.00101328    max: 0.00176191    min: 0.000124454
[fk_srv-1] [FK]: 0.000359535    max: 0.00176191    min: 0.000124454
[fk_srv-1] [FK]: 0.000664473    max: 0.00176191    min: 0.000124454
[fk_srv-1] [FK]: 0.00109148    max: 0.00176191    min: 0.000124454
[fk_srv-1] [FK]: 0.00108838    max: 0.00176191    min: 0.000124454
[fk_srv-1] [FK]: 0.00120759    max: 0.00176191    min: 0.000124454
[fk_srv-1] [FK]: 0.00105834    max: 0.00176191    min: 0.000124454
[fk_srv-1] [FK]: 0.00106549    max: 0.00176191    min: 0.000124454
[fk_srv-1] [FK]: 0.00111151    max: 0.00176191    min: 0.000124454
[fk_srv-1] [FK]: 0.0010581    max: 0.00176191    min: 0.000124454
[fk_srv-1] [FK]: 0.0010066    max: 0.00176191    min: 0.000124454
[fk_srv-1] [FK]: 0.0011735    max: 0.00176191    min: 0.000124454
[fk_srv-1] [FK]: 0.00107694    max: 0.00176191    min: 0.000124454
[fk_srv-1] [FK]: 0.00112152    max: 0.00176191    min: 0.000124454
[fk_srv-1] [FK]: 0.00113082    max: 0.00176191    min: 0.000124454
[fk_srv-1] [FK]: 0.000341415    max: 0.00176191    min: 0.000124454
[fk_srv-1] [FK]: 0.000696898    max: 0.00176191    min: 0.000124454
[fk_srv-1] [FK]: 0.00108171    max: 0.00176191    min: 0.000124454
[fk_srv-1] [FK]: 0.00107837    max: 0.00176191    min: 0.000124454
[fk_srv-1] [FK]: 0.00108147    max: 0.00176191    min: 0.000124454
[fk_srv-1] [FK]: 0.00104666    max: 0.00176191    min: 0.000124454
[fk_srv-1] [FK]: 0.00111699    max: 0.00176191    min: 0.000124454
[fk_srv-1] [FK]: 0.000604153    max: 0.00176191    min: 0.000124454
[fk_srv-1] [FK]: 0.00116444    max: 0.00176191    min: 0.000124454
[fk_srv-1] [FK]: 0.00054121    max: 0.00176191    min: 0.000124454
[fk_srv-1] [FK]: 0.000150681    max: 0.00176191    min: 0.000124454
[fk_srv-1] [FK]: 0.000128031    max: 0.00176191    min: 0.000124454
[fk_srv-1] [FK]: 0.000222445    max: 0.00176191    min: 0.000124454
[fk_srv-1] [FK]: 0.00109053    max: 0.00176191    min: 0.000124454
[fk_srv-1] [FK]: 0.00103235    max: 0.00176191    min: 0.000124454
[fk_srv-1] [FK]: 0.0010004    max: 0.00176191    min: 0.000124454
[fk_srv-1] [FK]: 0.00100088    max: 0.00176191    min: 0.000124454
[fk_srv-1] [FK]: 0.00114751    max: 0.00176191    min: 0.000124454
[fk_srv-1] [FK]: 0.0010066    max: 0.00176191    min: 0.000124454
[fk_srv-1] [FK]: 0.00137758    max: 0.00176191    min: 0.000124454
[fk_srv-1] [FK]: 0.00138187    max: 0.00176191    min: 0.000124454
[fk_srv-1] [FK]: 0.0013237    max: 0.00176191    min: 0.000124454
[fk_srv-1] [FK]: 0.0013206    max: 0.00176191    min: 0.000124454
[fk_srv-1] [FK]: 0.00138044    max: 0.00176191    min: 0.000124454
[fk_srv-1] [FK]: 0.00131488    max: 0.00176191    min: 0.000124454
[fk_srv-1] [FK]: 0.00131917    max: 0.00176191    min: 0.000124454
[fk_srv-1] [FK]: 0.00114083    max: 0.00176191    min: 0.000124454
[fk_srv-1] [FK]: 0.00100279    max: 0.00176191    min: 0.000124454
[fk_srv-1] [FK]: 0.00101757    max: 0.00176191    min: 0.000124454
[fk_srv-1] [FK]: 0.00102615    max: 0.00176191    min: 0.000124454
[fk_srv-1] [FK]: 0.00106311    max: 0.00176191    min: 0.000124454
[fk_srv-1] [FK]: 0.0010798    max: 0.00176191    min: 0.000124454
[fk_srv-1] [FK]: 0.00119185    max: 0.00176191    min: 0.000124454
[fk_srv-1] [FK]: 0.00100303    max: 0.00176191    min: 0.000124454
[fk_srv-1] [FK]: 0.00100446    max: 0.00176191    min: 0.000124454
[fk_srv-1] [FK]: 0.00100088    max: 0.00176191    min: 0.000124454
[fk_srv-1] [FK]: 0.00109529    max: 0.00176191    min: 0.000124454
[fk_srv-1] [FK]: 0.00107312    max: 0.00176191    min: 0.000124454
[fk_srv-1] [FK]: 0.00100255    max: 0.00176191    min: 0.000124454
[fk_srv-1] [FK]: 0.00108552    max: 0.00176191    min: 0.000124454
[fk_srv-1] [FK]: 0.0010047    max: 0.00176191    min: 0.000124454
[fk_srv-1] [FK]: 0.000514746    max: 0.00176191    min: 0.000124454
[fk_srv-1] [FK]: 0.000514269    max: 0.00176191    min: 0.000124454
[fk_srv-1] [FK]: 0.00110149    max: 0.00176191    min: 0.000124454
[fk_srv-1] [FK]: 0.00117588    max: 0.00176191    min: 0.000124454
[fk_srv-1] [FK]: 0.00100422    max: 0.00176191    min: 0.000124454
[fk_srv-1] [FK]: 0.00106096    max: 0.00176191    min: 0.000124454
[fk_srv-1] [FK]: 0.00109839    max: 0.00176191    min: 0.000124454
[fk_srv-1] [FK]: 0.00111914    max: 0.00176191    min: 0.000124454
[fk_srv-1] [FK]: 0.00105381    max: 0.00176191    min: 0.000124454
[fk_srv-1] [FK]: 0.00106764    max: 0.00176191    min: 0.000124454
[fk_srv-1] [FK]: 0.00109959    max: 0.00176191    min: 0.000124454
[fk_srv-1] [FK]: 0.00107384    max: 0.00176191    min: 0.000124454
[fk_srv-1] [FK]: 0.00107646    max: 0.00176191    min: 0.000124454
[fk_srv-1] [FK]: 0.00107741    max: 0.00176191    min: 0.000124454
[fk_srv-1] [FK]: 0.000512838    max: 0.00176191    min: 0.000124454
[fk_srv-1] [FK]: 0.000512838    max: 0.00176191    min: 0.000124454
[fk_srv-1] [FK]: 0.00110769    max: 0.00176191    min: 0.000124454
[fk_srv-1] [FK]: 0.00100112    max: 0.00176191    min: 0.000124454
[fk_srv-1] [FK]: 0.00106645    max: 0.00176191    min: 0.000124454
[fk_srv-1] [FK]: 0.000549316    max: 0.00176191    min: 0.000124454
[fk_srv-1] [FK]: 0.000510693    max: 0.00176191    min: 0.000124454
[fk_srv-1] [FK]: 0.000512362    max: 0.00176191    min: 0.000124454
[fk_srv-1] [FK]: 0.000511646    max: 0.00176191    min: 0.000124454
[fk_srv-1] [FK]: 0.000510931    max: 0.00176191    min: 0.000124454
[fk_srv-1] [FK]: 0.00100207    max: 0.00176191    min: 0.000124454
[fk_srv-1] [FK]: 0.00107265    max: 0.00176191    min: 0.000124454
[fk_srv-1] [FK]: 0.000510216    max: 0.00176191    min: 0.000124454
[fk_srv-1] [FK]: 0.000511646    max: 0.00176191    min: 0.000124454
[fk_srv-1] [FK]: 0.00110364    max: 0.00176191    min: 0.000124454
[fk_srv-1] [FK]: 0.00112319    max: 0.00176191    min: 0.000124454
[fk_srv-1] [FK]: 0.00133133    max: 0.00176191    min: 0.000124454
[fk_srv-1] [FK]: 0.00133276    max: 0.00176191    min: 0.000124454
[fk_srv-1] [FK]: 0.00100422    max: 0.00176191    min: 0.000124454
[fk_srv-1] [FK]: 0.00107265    max: 0.00176191    min: 0.000124454
[fk_srv-1] [FK]: 0.000543356    max: 0.00176191    min: 0.000124454
[fk_srv-1] [FK]: 0.000838995    max: 0.00176191    min: 0.000124454
[fk_srv-1] [FK]: 0.00103092    max: 0.00176191    min: 0.000124454
[fk_srv-1] [FK]: 0.00102782    max: 0.00176191    min: 0.000124454
[fk_srv-1] [FK]: 0.00143147    max: 0.00176191    min: 0.000124454
[fk_srv-1] [FK]: 0.000138044    max: 0.00176191    min: 0.000124454
[fk_srv-1] [FK]: 0.000160933    max: 0.00176191    min: 0.000124454
[fk_srv-1] [FK]: 0.00100374    max: 0.00176191    min: 0.000124454
[fk_srv-1] [FK]: 0.00122809    max: 0.00176191    min: 0.000124454
[fk_srv-1] [FK]: 0.00106215    max: 0.00176191    min: 0.000124454
[fk_srv-1] [FK]: 0.00110221    max: 0.00176191    min: 0.000124454
[fk_srv-1] [FK]: 0.00107002    max: 0.00176191    min: 0.000124454
[fk_srv-1] [FK]: 0.00123262    max: 0.00176191    min: 0.000124454
[fk_srv-1] [FK]: 0.00133562    max: 0.00176191    min: 0.000124454
[fk_srv-1] [FK]: 0.00109172    max: 0.00176191    min: 0.000124454
[fk_srv-1] [FK]: 0.000514507    max: 0.00176191    min: 0.000124454
[fk_srv-1] [FK]: 0.00055933    max: 0.00176191    min: 0.000124454
[fk_srv-1] [FK]: 0.00100398    max: 0.00176191    min: 0.000124454
[fk_srv-1] [FK]: 0.00108051    max: 0.00176191    min: 0.000124454
[fk_srv-1] [FK]: 0.00100255    max: 0.00176191    min: 0.000124454
[fk_srv-1] [FK]: 0.00063324    max: 0.00176191    min: 0.000124454
[fk_srv-1] [FK]: 0.000810385    max: 0.00176191    min: 0.000124454
[fk_srv-1] [FK]: 0.00101757    max: 0.00176191    min: 0.000124454
[fk_srv-1] [FK]: 0.00105476    max: 0.00176191    min: 0.000124454
[fk_srv-1] [FK]: 0.000993252    max: 0.00176191    min: 0.000124454
[fk_srv-1] [FK]: 0.00100374    max: 0.00176191    min: 0.000124454
[fk_srv-1] [FK]: 0.00103045    max: 0.00176191    min: 0.000124454
[fk_srv-1] [FK]: 0.0010891    max: 0.00176191    min: 0.000124454
[fk_srv-1] [FK]: 0.00101852    max: 0.00176191    min: 0.000124454
[fk_srv-1] [FK]: 0.00100279    max: 0.00176191    min: 0.000124454
[fk_srv-1] [FK]: 0.00108004    max: 0.00176191    min: 0.000124454
[fk_srv-1] [FK]: 0.00103235    max: 0.00176191    min: 0.000124454
[fk_srv-1] [FK]: 0.00100613    max: 0.00176191    min: 0.000124454
[fk_srv-1] [FK]: 0.00120974    max: 0.00176191    min: 0.000124454
[fk_srv-1] [FK]: 0.00100374    max: 0.00176191    min: 0.000124454
[fk_srv-1] [FK]: 0.000259161    max: 0.00176191    min: 0.000124454
[fk_srv-1] [FK]: 0.000173092    max: 0.00176191    min: 0.000124454
[fk_srv-1] [FK]: 0.00100565    max: 0.00176191    min: 0.000124454
[fk_srv-1] [FK]: 0.00102806    max: 0.00176191    min: 0.000124454
[fk_srv-1] [FK]: 0.00139284    max: 0.00176191    min: 0.000124454
[fk_srv-1] [FK]: 0.00100279    max: 0.00176191    min: 0.000124454
[fk_srv-1] [FK]: 0.000996828    max: 0.00176191    min: 0.000124454
[fk_srv-1] [FK]: 0.00103092    max: 0.00176191    min: 0.000124454
[fk_srv-1] [FK]: 0.000516891    max: 0.00176191    min: 0.000124454
[fk_srv-1] [FK]: 0.000379801    max: 0.00176191    min: 0.000124454
[fk_srv-1] [FK]: 0.00100017    max: 0.00176191    min: 0.000124454
[fk_srv-1] [FK]: 0.00100136    max: 0.00176191    min: 0.000124454
[fk_srv-1] [FK]: 0.0010035    max: 0.00176191    min: 0.000124454
[fk_srv-1] [FK]: 0.00102448    max: 0.00176191    min: 0.000124454
[fk_srv-1] [FK]: 0.00116897    max: 0.00176191    min: 0.000124454
[fk_srv-1] [FK]: 0.00105643    max: 0.00176191    min: 0.000124454
[fk_srv-1] [FK]: 0.00100088    max: 0.00176191    min: 0.000124454
[fk_srv-1] [FK]: 0.00107408    max: 0.00176191    min: 0.000124454
[fk_srv-1] [FK]: 0.00100446    max: 0.00176191    min: 0.000124454
[fk_srv-1] [FK]: 0.000697851    max: 0.00176191    min: 0.000124454
[fk_srv-1] [FK]: 0.000341892    max: 0.00176191    min: 0.000124454
[fk_srv-1] [FK]: 0.00100422    max: 0.00176191    min: 0.000124454
[fk_srv-1] [FK]: 0.00100255    max: 0.00176191    min: 0.000124454
[fk_srv-1] [FK]: 0.00140166    max: 0.00176191    min: 0.000124454
[fk_srv-1] [FK]: 0.00111032    max: 0.00176191    min: 0.000124454
[fk_srv-1] [FK]: 0.00113916    max: 0.00176191    min: 0.000124454
[fk_srv-1] [FK]: 0.000513554    max: 0.00176191    min: 0.000124454
[fk_srv-1] [FK]: 0.00109434    max: 0.00176191    min: 0.000124454
[fk_srv-1] [FK]: 0.00107741    max: 0.00176191    min: 0.000124454
[fk_srv-1] [FK]: 0.000537395    max: 0.00176191    min: 0.000124454
[fk_srv-1] [FK]: 0.000512362    max: 0.00176191    min: 0.000124454
[fk_srv-1] [FK]: 0.000528336    max: 0.00176191    min: 0.000124454
[fk_srv-1] [FK]: 0.000518084    max: 0.00176191    min: 0.000124454
[fk_srv-1] [FK]: 0.000529051    max: 0.00176191    min: 0.000124454
[fk_srv-1] [FK]: 0.000892639    max: 0.00176191    min: 0.000124454
[fk_srv-1] [FK]: 0.000905514    max: 0.00176191    min: 0.000124454
[fk_srv-1] [FK]: 0.000807285    max: 0.00176191    min: 0.000124454
[fk_srv-1] [FK]: 0.000867367    max: 0.00176191    min: 0.000124454
[fk_srv-1] [FK]: 0.000810862    max: 0.00176191    min: 0.000124454
[fk_srv-1] [FK]: 0.000810862    max: 0.00176191    min: 0.000124454
[fk_srv-1] [FK]: 0.00113773    max: 0.00176191    min: 0.000124454
[fk_srv-1] [FK]: 0.000568628    max: 0.00176191    min: 0.000124454
[fk_srv-1] [FK]: 0.000513792    max: 0.00176191    min: 0.000124454
[fk_srv-1] [FK]: 0.000972509    max: 0.00176191    min: 0.000124454
[fk_srv-1] [FK]: 0.000969887    max: 0.00176191    min: 0.000124454
[fk_srv-1] [FK]: 0.000972986    max: 0.00176191    min: 0.000124454
[fk_srv-1] [FK]: 0.000456333    max: 0.00176191    min: 0.000124454
[fk_srv-1] [FK]: 0.000311613    max: 0.00176191    min: 0.000124454
[fk_srv-1] [FK]: 0.00100374    max: 0.00176191    min: 0.000124454
[fk_srv-1] [FK]: 0.00107169    max: 0.00176191    min: 0.000124454
[INFO] [driver-5]: process has finished cleanly [pid 41672]
[INFO] [webots-4]: process has finished cleanly [pid 41670]
[INFO] [walking_pattern_generator-6]: sending signal 'SIGINT' to process[walking_pattern_generator-6]
[INFO] [walking_stabilization_controller-3]: sending signal 'SIGINT' to process[walking_stabilization_controller-3]
[INFO] [ik_srv-2]: sending signal 'SIGINT' to process[ik_srv-2]
[INFO] [fk_srv-1]: sending signal 'SIGINT' to process[fk_srv-1]
[walking_pattern_generator-6] [INFO] [1681190757.840583509] [rclcpp]: signal_handler(signum=2)
[walking_stabilization_controller-3] [INFO] [1681190757.841387495] [rclcpp]: signal_handler(signum=2)
[ik_srv-2] [INFO] [1681190757.842544676] [rclcpp]: signal_handler(signum=2)
[fk_srv-1] [INFO] [1681190757.843536965] [rclcpp]: signal_handler(signum=2)
[INFO] [walking_pattern_generator-6]: process has finished cleanly [pid 41676]
[INFO] [walking_stabilization_controller-3]: process has finished cleanly [pid 41668]
[INFO] [ik_srv-2]: process has finished cleanly [pid 41666]
[INFO] [fk_srv-1]: process has finished cleanly [pid 41664]
