[INFO] [launch]: All log files can be found below /home/xubu22/.ros/log/2023-04-11-14-42-43-594712-xubu22-Prestige-15-A10SC-44692
[INFO] [launch]: Default logging verbosity is set to INFO
WARNING: No valid Webots directory specified in `ROS2_WEBOTS_HOME` and `WEBOTS_HOME`, fallback to default installation folder /usr/local/webots.
[INFO] [fk_srv-1]: process started with pid [44703]
[INFO] [ik_srv-2]: process started with pid [44705]
[INFO] [walking_stabilization_controller-3]: process started with pid [44707]
[INFO] [webots-4]: process started with pid [44709]
[INFO] [driver-5]: process started with pid [44711]
[INFO] [walking_pattern_generator-6]: process started with pid [44714]
[driver-5] Cannot connect to Webots instance on socket "/tmp/webots-1234/ipc/ROBOTIS_OP2/extern", retrying for another 50 seconds...
[driver-5] [WebotsRobotHandler]: 0.0321057    max: 0.0321057    min: 0.0321057
[driver-5] [WebotsRobotHandler]: 0.0318747    max: 0.0321057    min: 0.0318747
[driver-5] [WebotsRobotHandler]: 0.0360818    max: 0.0360818    min: 0.0318747
[driver-5] [WebotsRobotHandler]: 0.0322695    max: 0.0360818    min: 0.0318747
[driver-5] [WebotsRobotHandler]: 0.0321088    max: 0.0360818    min: 0.0318747
[driver-5] [WebotsRobotHandler]: 0.032234    max: 0.0360818    min: 0.0318747
[driver-5] [WebotsRobotHandler]: 0.0311425    max: 0.0360818    min: 0.0311425
[driver-5] [WebotsRobotHandler]: 0.0325971    max: 0.0360818    min: 0.0311425
[driver-5] [WebotsRobotHandler]: 0.0322826    max: 0.0360818    min: 0.0311425
[driver-5] [WebotsRobotHandler]: 0.0336397    max: 0.0360818    min: 0.0311425
[driver-5] [WebotsRobotHandler]: 0.0297716    max: 0.0360818    min: 0.0297716
[driver-5] [WebotsRobotHandler]: 0.0365102    max: 0.0365102    min: 0.0297716
[driver-5] [WebotsRobotHandler]: 0.0313673    max: 0.0365102    min: 0.0297716
[driver-5] [WebotsRobotHandler]: 0.032443    max: 0.0365102    min: 0.0297716
[driver-5] [WebotsRobotHandler]: 0.0296705    max: 0.0365102    min: 0.0296705
[driver-5] [WebotsRobotHandler]: 0.03443    max: 0.0365102    min: 0.0296705
[driver-5] [WebotsRobotHandler]: 0.0314186    max: 0.0365102    min: 0.0296705
[driver-5] [WebotsRobotHandler]: 0.0320168    max: 0.0365102    min: 0.0296705
[driver-5] [WebotsRobotHandler]: 0.0360253    max: 0.0365102    min: 0.0296705
[driver-5] [WebotsRobotHandler]: 0.0321362    max: 0.0365102    min: 0.0296705
[driver-5] [WebotsRobotHandler]: 0.0321913    max: 0.0365102    min: 0.0296705
[driver-5] [WebotsRobotHandler]: 0.0318425    max: 0.0365102    min: 0.0296705
[driver-5] [WebotsRobotHandler]: 0.0291803    max: 0.0365102    min: 0.0291803
[driver-5] [WebotsRobotHandler]: 0.0322096    max: 0.0365102    min: 0.0291803
[driver-5] [WebotsRobotHandler]: 0.0351839    max: 0.0365102    min: 0.0291803
[driver-5] [WebotsRobotHandler]: 0.0314617    max: 0.0365102    min: 0.0291803
[driver-5] [WebotsRobotHandler]: 0.0350611    max: 0.0365102    min: 0.0291803
[driver-5] [WebotsRobotHandler]: 0.0328999    max: 0.0365102    min: 0.0291803
[driver-5] [WebotsRobotHandler]: 0.0319118    max: 0.0365102    min: 0.0291803
[driver-5] [WebotsRobotHandler]: 0.0317535    max: 0.0365102    min: 0.0291803
[driver-5] [WebotsRobotHandler]: 0.0320694    max: 0.0365102    min: 0.0291803
[driver-5] [WebotsRobotHandler]: 0.0312388    max: 0.0365102    min: 0.0291803
[driver-5] [WebotsRobotHandler]: 0.0298867    max: 0.0365102    min: 0.0291803
[driver-5] [WebotsRobotHandler]: 0.0319424    max: 0.0365102    min: 0.0291803
[driver-5] [WebotsRobotHandler]: 0.0343523    max: 0.0365102    min: 0.0291803
[driver-5] [WebotsRobotHandler]: 0.0366127    max: 0.0366127    min: 0.0291803
[driver-5] [WebotsRobotHandler]: 0.0314345    max: 0.0366127    min: 0.0291803
[driver-5] [WebotsRobotHandler]: 0.0329704    max: 0.0366127    min: 0.0291803
[driver-5] [WebotsRobotHandler]: 0.0318992    max: 0.0366127    min: 0.0291803
[driver-5] [WebotsRobotHandler]: 0.0323164    max: 0.0366127    min: 0.0291803
[driver-5] [WebotsRobotHandler]: 0.0326715    max: 0.0366127    min: 0.0291803
[driver-5] [WebotsRobotHandler]: 0.0313809    max: 0.0366127    min: 0.0291803
[driver-5] [WebotsRobotHandler]: 0.0320277    max: 0.0366127    min: 0.0291803
[driver-5] [WebotsRobotHandler]: 0.0342789    max: 0.0366127    min: 0.0291803
[driver-5] [WebotsRobotHandler]: 0.0293252    max: 0.0366127    min: 0.0291803
[driver-5] [WebotsRobotHandler]: 0.0361466    max: 0.0366127    min: 0.0291803
[driver-5] [WebotsRobotHandler]: 0.0317059    max: 0.0366127    min: 0.0291803
[driver-5] [WebotsRobotHandler]: 0.0325425    max: 0.0366127    min: 0.0291803
[driver-5] [WebotsRobotHandler]: 0.0314167    max: 0.0366127    min: 0.0291803
[driver-5] [WebotsRobotHandler]: 0.0322793    max: 0.0366127    min: 0.0291803
[driver-5] [WebotsRobotHandler]: 0.0357382    max: 0.0366127    min: 0.0291803
[driver-5] [WebotsRobotHandler]: 0.0321047    max: 0.0366127    min: 0.0291803
[driver-5] [WebotsRobotHandler]: 0.0318456    max: 0.0366127    min: 0.0291803
[driver-5] [WebotsRobotHandler]: 0.0325584    max: 0.0366127    min: 0.0291803
[driver-5] [WebotsRobotHandler]: 0.0317371    max: 0.0366127    min: 0.0291803
[driver-5] [WebotsRobotHandler]: 0.0321853    max: 0.0366127    min: 0.0291803
[driver-5] [WebotsRobotHandler]: 0.031522    max: 0.0366127    min: 0.0291803
[driver-5] [WebotsRobotHandler]: 0.0297709    max: 0.0366127    min: 0.0291803
[driver-5] [WebotsRobotHandler]: 0.0329161    max: 0.0366127    min: 0.0291803
[driver-5] [WebotsRobotHandler]: 0.0377834    max: 0.0377834    min: 0.0291803
[driver-5] [WebotsRobotHandler]: 0.0323274    max: 0.0377834    min: 0.0291803
[driver-5] [WebotsRobotHandler]: 0.0320702    max: 0.0377834    min: 0.0291803
[driver-5] [WebotsRobotHandler]: 0.0317988    max: 0.0377834    min: 0.0291803
[driver-5] [WebotsRobotHandler]: 0.0296795    max: 0.0377834    min: 0.0291803
[driver-5] [WebotsRobotHandler]: 0.0291729    max: 0.0377834    min: 0.0291729
[driver-5] [WebotsRobotHandler]: 0.033457    max: 0.0377834    min: 0.0291729
[driver-5] [WebotsRobotHandler]: 0.0374646    max: 0.0377834    min: 0.0291729
[driver-5] [WebotsRobotHandler]: 0.0338664    max: 0.0377834    min: 0.0291729
[driver-5] [WebotsRobotHandler]: 0.0338745    max: 0.0377834    min: 0.0291729
[driver-5] [WebotsRobotHandler]: 0.031302    max: 0.0377834    min: 0.0291729
[driver-5] [WebotsRobotHandler]: 0.0312009    max: 0.0377834    min: 0.0291729
[driver-5] [WebotsRobotHandler]: 0.0307581    max: 0.0377834    min: 0.0291729
[driver-5] [WebotsRobotHandler]: 0.0364392    max: 0.0377834    min: 0.0291729
[driver-5] [WebotsRobotHandler]: 0.0317912    max: 0.0377834    min: 0.0291729
[driver-5] [WebotsRobotHandler]: 0.0333328    max: 0.0377834    min: 0.0291729
[driver-5] [WebotsRobotHandler]: 0.0310614    max: 0.0377834    min: 0.0291729
[driver-5] [WebotsRobotHandler]: 0.0328348    max: 0.0377834    min: 0.0291729
[driver-5] [WebotsRobotHandler]: 0.0323737    max: 0.0377834    min: 0.0291729
[driver-5] [WebotsRobotHandler]: 0.0275438    max: 0.0377834    min: 0.0275438
[driver-5] [WebotsRobotHandler]: 0.0400805    max: 0.0400805    min: 0.0275438
[driver-5] [WebotsRobotHandler]: 0.0319147    max: 0.0400805    min: 0.0275438
[driver-5] [WebotsRobotHandler]: 0.0312684    max: 0.0400805    min: 0.0275438
[driver-5] [WebotsRobotHandler]: 0.0299411    max: 0.0400805    min: 0.0275438
[driver-5] [WebotsRobotHandler]: 0.0317354    max: 0.0400805    min: 0.0275438
[driver-5] [WebotsRobotHandler]: 0.0321102    max: 0.0400805    min: 0.0275438
[driver-5] [WebotsRobotHandler]: 0.0321307    max: 0.0400805    min: 0.0275438
[driver-5] [WebotsRobotHandler]: 0.033175    max: 0.0400805    min: 0.0275438
[driver-5] [WebotsRobotHandler]: 0.0362563    max: 0.0400805    min: 0.0275438
[driver-5] [WebotsRobotHandler]: 0.0364938    max: 0.0400805    min: 0.0275438
[driver-5] [WebotsRobotHandler]: 0.0318272    max: 0.0400805    min: 0.0275438
[driver-5] [WebotsRobotHandler]: 0.0319784    max: 0.0400805    min: 0.0275438
[driver-5] [WebotsRobotHandler]: 0.0337155    max: 0.0400805    min: 0.0275438
[driver-5] [WebotsRobotHandler]: 0.0255105    max: 0.0400805    min: 0.0255105
[driver-5] [WebotsRobotHandler]: 0.0352356    max: 0.0400805    min: 0.0255105
[driver-5] [WebotsRobotHandler]: 0.0343251    max: 0.0400805    min: 0.0255105
[driver-5] [WebotsRobotHandler]: 0.0317087    max: 0.0400805    min: 0.0255105
[driver-5] [WebotsRobotHandler]: 0.0328045    max: 0.0400805    min: 0.0255105
[driver-5] [WebotsRobotHandler]: 0.0340068    max: 0.0400805    min: 0.0255105
[driver-5] [WebotsRobotHandler]: 0.0276809    max: 0.0400805    min: 0.0255105
[driver-5] [WebotsRobotHandler]: 0.0356205    max: 0.0400805    min: 0.0255105
[driver-5] [WebotsRobotHandler]: 0.0336082    max: 0.0400805    min: 0.0255105
[driver-5] [WebotsRobotHandler]: 0.0321047    max: 0.0400805    min: 0.0255105
[driver-5] [WebotsRobotHandler]: 0.0279434    max: 0.0400805    min: 0.0255105
[driver-5] [WebotsRobotHandler]: 0.0336981    max: 0.0400805    min: 0.0255105
[driver-5] [WebotsRobotHandler]: 0.0327291    max: 0.0400805    min: 0.0255105
[driver-5] [WebotsRobotHandler]: 0.0294471    max: 0.0400805    min: 0.0255105
[driver-5] [WebotsRobotHandler]: 0.0360374    max: 0.0400805    min: 0.0255105
[driver-5] [WebotsRobotHandler]: 0.0363896    max: 0.0400805    min: 0.0255105
[driver-5] [WebotsRobotHandler]: 0.0316629    max: 0.0400805    min: 0.0255105
[driver-5] [WebotsRobotHandler]: 0.0315073    max: 0.0400805    min: 0.0255105
[driver-5] [WebotsRobotHandler]: 0.0324874    max: 0.0400805    min: 0.0255105
[driver-5] [WebotsRobotHandler]: 0.0321989    max: 0.0400805    min: 0.0255105
[driver-5] [WebotsRobotHandler]: 0.0260274    max: 0.0400805    min: 0.0255105
[driver-5] [WebotsRobotHandler]: 0.0367289    max: 0.0400805    min: 0.0255105
[driver-5] [WebotsRobotHandler]: 0.031884    max: 0.0400805    min: 0.0255105
[driver-5] [WebotsRobotHandler]: 0.0355546    max: 0.0400805    min: 0.0255105
[driver-5] [WebotsRobotHandler]: 0.0332601    max: 0.0400805    min: 0.0255105
[driver-5] [WebotsRobotHandler]: 0.027523    max: 0.0400805    min: 0.0255105
[driver-5] [WebotsRobotHandler]: 0.0325735    max: 0.0400805    min: 0.0255105
[driver-5] [WebotsRobotHandler]: 0.0369124    max: 0.0400805    min: 0.0255105
[driver-5] [WebotsRobotHandler]: 0.029952    max: 0.0400805    min: 0.0255105
[driver-5] [WebotsRobotHandler]: 0.0341163    max: 0.0400805    min: 0.0255105
[driver-5] [WebotsRobotHandler]: 0.0276453    max: 0.0400805    min: 0.0255105
[driver-5] [WebotsRobotHandler]: 0.0320187    max: 0.0400805    min: 0.0255105
[driver-5] [WebotsRobotHandler]: 0.0379994    max: 0.0400805    min: 0.0255105
[driver-5] [WebotsRobotHandler]: 0.0323699    max: 0.0400805    min: 0.0255105
[driver-5] [WebotsRobotHandler]: 0.0315979    max: 0.0400805    min: 0.0255105
[driver-5] [WebotsRobotHandler]: 0.0323098    max: 0.0400805    min: 0.0255105
[driver-5] [WebotsRobotHandler]: 0.0299335    max: 0.0400805    min: 0.0255105
[driver-5] [WebotsRobotHandler]: 0.0328488    max: 0.0400805    min: 0.0255105
[driver-5] [WebotsRobotHandler]: 0.0355802    max: 0.0400805    min: 0.0255105
[driver-5] [WebotsRobotHandler]: 0.0281279    max: 0.0400805    min: 0.0255105
[driver-5] [WebotsRobotHandler]: 0.0338645    max: 0.0400805    min: 0.0255105
[driver-5] [WebotsRobotHandler]: 0.0375743    max: 0.0400805    min: 0.0255105
[driver-5] [WebotsRobotHandler]: 0.0317569    max: 0.0400805    min: 0.0255105
[driver-5] [WebotsRobotHandler]: 0.0318038    max: 0.0400805    min: 0.0255105
[driver-5] [WebotsRobotHandler]: 0.0331323    max: 0.0400805    min: 0.0255105
[driver-5] [WebotsRobotHandler]: 0.0288045    max: 0.0400805    min: 0.0255105
[driver-5] [WebotsRobotHandler]: 0.0302916    max: 0.0400805    min: 0.0255105
[driver-5] [WebotsRobotHandler]: 0.0327125    max: 0.0400805    min: 0.0255105
[driver-5] [WebotsRobotHandler]: 0.0345409    max: 0.0400805    min: 0.0255105
[driver-5] [WebotsRobotHandler]: 0.0345447    max: 0.0400805    min: 0.0255105
[driver-5] [WebotsRobotHandler]: 0.0335903    max: 0.0400805    min: 0.0255105
[driver-5] [WebotsRobotHandler]: 0.032548    max: 0.0400805    min: 0.0255105
[driver-5] [WebotsRobotHandler]: 0.0321274    max: 0.0400805    min: 0.0255105
[driver-5] [WebotsRobotHandler]: 0.0298045    max: 0.0400805    min: 0.0255105
[driver-5] [WebotsRobotHandler]: 0.0327768    max: 0.0400805    min: 0.0255105
[driver-5] [WebotsRobotHandler]: 0.0321214    max: 0.0400805    min: 0.0255105
[driver-5] [WebotsRobotHandler]: 0.0336564    max: 0.0400805    min: 0.0255105
[driver-5] [WebotsRobotHandler]: 0.0339127    max: 0.0400805    min: 0.0255105
[driver-5] [WebotsRobotHandler]: 0.0335701    max: 0.0400805    min: 0.0255105
[driver-5] [WebotsRobotHandler]: 0.0326548    max: 0.0400805    min: 0.0255105
[driver-5] [WebotsRobotHandler]: 0.0275085    max: 0.0400805    min: 0.0255105
[driver-5] [WebotsRobotHandler]: 0.0322669    max: 0.0400805    min: 0.0255105
[driver-5] [WebotsRobotHandler]: 0.0360017    max: 0.0400805    min: 0.0255105
[driver-5] [WebotsRobotHandler]: 0.0321028    max: 0.0400805    min: 0.0255105
[driver-5] [WebotsRobotHandler]: 0.0352664    max: 0.0400805    min: 0.0255105
[driver-5] [WebotsRobotHandler]: 0.0330229    max: 0.0400805    min: 0.0255105
[driver-5] [WebotsRobotHandler]: 0.0348883    max: 0.0400805    min: 0.0255105
[driver-5] [WebotsRobotHandler]: 0.0272567    max: 0.0400805    min: 0.0255105
[driver-5] [WebotsRobotHandler]: 0.027318    max: 0.0400805    min: 0.0255105
[driver-5] [WebotsRobotHandler]: 0.0341253    max: 0.0400805    min: 0.0255105
[driver-5] [WebotsRobotHandler]: 0.0316193    max: 0.0400805    min: 0.0255105
[driver-5] [WebotsRobotHandler]: 0.0298893    max: 0.0400805    min: 0.0255105
[driver-5] [WebotsRobotHandler]: 0.0324521    max: 0.0400805    min: 0.0255105
[driver-5] [WebotsRobotHandler]: 0.0324137    max: 0.0400805    min: 0.0255105
[driver-5] [WebotsRobotHandler]: 0.0357697    max: 0.0400805    min: 0.0255105
[driver-5] [WebotsRobotHandler]: 0.033772    max: 0.0400805    min: 0.0255105
[driver-5] [WebotsRobotHandler]: 0.0293202    max: 0.0400805    min: 0.0255105
[driver-5] [WebotsRobotHandler]: 0.0322874    max: 0.0400805    min: 0.0255105
[driver-5] [WebotsRobotHandler]: 0.0351882    max: 0.0400805    min: 0.0255105
[driver-5] [WebotsRobotHandler]: 0.0327399    max: 0.0400805    min: 0.0255105
[driver-5] [WebotsRobotHandler]: 0.0281568    max: 0.0400805    min: 0.0255105
[driver-5] [WebotsRobotHandler]: 0.0386369    max: 0.0400805    min: 0.0255105
[driver-5] [WebotsRobotHandler]: 0.031297    max: 0.0400805    min: 0.0255105
[driver-5] [WebotsRobotHandler]: 0.0315802    max: 0.0400805    min: 0.0255105
[driver-5] [WebotsRobotHandler]: 0.0317681    max: 0.0400805    min: 0.0255105
[driver-5] [WebotsRobotHandler]: 0.0310605    max: 0.0400805    min: 0.0255105
[driver-5] [WebotsRobotHandler]: 0.0351079    max: 0.0400805    min: 0.0255105
[driver-5] [WebotsRobotHandler]: 0.0270834    max: 0.0400805    min: 0.0255105
[driver-5] [WebotsRobotHandler]: 0.0325022    max: 0.0400805    min: 0.0255105
[driver-5] [WebotsRobotHandler]: 0.0383098    max: 0.0400805    min: 0.0255105
[driver-5] [WebotsRobotHandler]: 0.0325954    max: 0.0400805    min: 0.0255105
[driver-5] [WebotsRobotHandler]: 0.0312543    max: 0.0400805    min: 0.0255105
[driver-5] [WebotsRobotHandler]: 0.0322487    max: 0.0400805    min: 0.0255105
[driver-5] [WebotsRobotHandler]: 0.0309856    max: 0.0400805    min: 0.0255105
[driver-5] [WebotsRobotHandler]: 0.0320351    max: 0.0400805    min: 0.0255105
[driver-5] [WebotsRobotHandler]: 0.0340865    max: 0.0400805    min: 0.0255105
[driver-5] [WebotsRobotHandler]: 0.031899    max: 0.0400805    min: 0.0255105
[driver-5] [WebotsRobotHandler]: 0.0335169    max: 0.0400805    min: 0.0255105
[driver-5] [WebotsRobotHandler]: 0.034164    max: 0.0400805    min: 0.0255105
[driver-5] [WebotsRobotHandler]: 0.0293174    max: 0.0400805    min: 0.0255105
[driver-5] [WebotsRobotHandler]: 0.0323522    max: 0.0400805    min: 0.0255105
[driver-5] [WebotsRobotHandler]: 0.0330877    max: 0.0400805    min: 0.0255105
[driver-5] [WebotsRobotHandler]: 0.0318866    max: 0.0400805    min: 0.0255105
[driver-5] [WebotsRobotHandler]: 0.029413    max: 0.0400805    min: 0.0255105
[driver-5] [WebotsRobotHandler]: 0.0322475    max: 0.0400805    min: 0.0255105
[driver-5] [WebotsRobotHandler]: 0.0311801    max: 0.0400805    min: 0.0255105
[driver-5] [WebotsRobotHandler]: 0.0322878    max: 0.0400805    min: 0.0255105
[driver-5] [WebotsRobotHandler]: 0.0340972    max: 0.0400805    min: 0.0255105
[driver-5] [WebotsRobotHandler]: 0.0288734    max: 0.0400805    min: 0.0255105
[driver-5] [WebotsRobotHandler]: 0.0375693    max: 0.0400805    min: 0.0255105
[driver-5] [WebotsRobotHandler]: 0.0314798    max: 0.0400805    min: 0.0255105
[driver-5] [WebotsRobotHandler]: 0.0320063    max: 0.0400805    min: 0.0255105
[driver-5] [WebotsRobotHandler]: 0.0322161    max: 0.0400805    min: 0.0255105
[driver-5] [WebotsRobotHandler]: 0.0303802    max: 0.0400805    min: 0.0255105
[driver-5] [WebotsRobotHandler]: 0.0338314    max: 0.0400805    min: 0.0255105
[driver-5] [WebotsRobotHandler]: 0.0317445    max: 0.0400805    min: 0.0255105
[driver-5] [WebotsRobotHandler]: 0.0324798    max: 0.0400805    min: 0.0255105
[driver-5] [WebotsRobotHandler]: 0.0359671    max: 0.0400805    min: 0.0255105
[driver-5] [WebotsRobotHandler]: 0.0360203    max: 0.0400805    min: 0.0255105
[driver-5] [WebotsRobotHandler]: 0.0310791    max: 0.0400805    min: 0.0255105
[driver-5] [WebotsRobotHandler]: 0.032373    max: 0.0400805    min: 0.0255105
[driver-5] [WebotsRobotHandler]: 0.0274463    max: 0.0400805    min: 0.0255105
[driver-5] [WebotsRobotHandler]: 0.0301378    max: 0.0400805    min: 0.0255105
[driver-5] [WebotsRobotHandler]: 0.0348325    max: 0.0400805    min: 0.0255105
[driver-5] [WebotsRobotHandler]: 0.0311465    max: 0.0400805    min: 0.0255105
[driver-5] [WebotsRobotHandler]: 0.0322196    max: 0.0400805    min: 0.0255105
[driver-5] [WebotsRobotHandler]: 0.0334995    max: 0.0400805    min: 0.0255105
[driver-5] [WebotsRobotHandler]: 0.0309498    max: 0.0400805    min: 0.0255105
[driver-5] [WebotsRobotHandler]: 0.0304449    max: 0.0400805    min: 0.0255105
[driver-5] [WebotsRobotHandler]: 0.0414338    max: 0.0414338    min: 0.0255105
[driver-5] [WebotsRobotHandler]: 0.0317147    max: 0.0414338    min: 0.0255105
[driver-5] [WebotsRobotHandler]: 0.0299592    max: 0.0414338    min: 0.0255105
[driver-5] [WebotsRobotHandler]: 0.0325    max: 0.0414338    min: 0.0255105
[driver-5] [WebotsRobotHandler]: 0.0307848    max: 0.0414338    min: 0.0255105
[driver-5] [WebotsRobotHandler]: 0.034241    max: 0.0414338    min: 0.0255105
[driver-5] [WebotsRobotHandler]: 0.031707    max: 0.0414338    min: 0.0255105
[driver-5] [WebotsRobotHandler]: 0.0285544    max: 0.0414338    min: 0.0255105
[driver-5] [WebotsRobotHandler]: 0.0369787    max: 0.0414338    min: 0.0255105
[driver-5] [WebotsRobotHandler]: 0.0392635    max: 0.0414338    min: 0.0255105
[driver-5] [WebotsRobotHandler]: 0.0329077    max: 0.0414338    min: 0.0255105
[driver-5] [WebotsRobotHandler]: 0.0317795    max: 0.0414338    min: 0.0255105
[driver-5] [WebotsRobotHandler]: 0.0314543    max: 0.0414338    min: 0.0255105
[driver-5] [WebotsRobotHandler]: 0.0308423    max: 0.0414338    min: 0.0255105
[driver-5] [WebotsRobotHandler]: 0.0336957    max: 0.0414338    min: 0.0255105
[driver-5] [WebotsRobotHandler]: 0.0316675    max: 0.0414338    min: 0.0255105
[driver-5] [WebotsRobotHandler]: 0.0321712    max: 0.0414338    min: 0.0255105
[driver-5] [WebotsRobotHandler]: 0.0362837    max: 0.0414338    min: 0.0255105
[driver-5] [WebotsRobotHandler]: 0.0315425    max: 0.0414338    min: 0.0255105
[driver-5] [WebotsRobotHandler]: 0.0318589    max: 0.0414338    min: 0.0255105
[driver-5] [WebotsRobotHandler]: 0.0319881    max: 0.0414338    min: 0.0255105
[driver-5] [WebotsRobotHandler]: 0.0256908    max: 0.0414338    min: 0.0255105
[driver-5] [WebotsRobotHandler]: 0.0287614    max: 0.0414338    min: 0.0255105
[driver-5] [WebotsRobotHandler]: 0.0332778    max: 0.0414338    min: 0.0255105
[driver-5] [WebotsRobotHandler]: 0.0367367    max: 0.0414338    min: 0.0255105
[driver-5] [WebotsRobotHandler]: 0.0340996    max: 0.0414338    min: 0.0255105
[driver-5] [WebotsRobotHandler]: 0.0358233    max: 0.0414338    min: 0.0255105
[driver-5] [WebotsRobotHandler]: 0.0320783    max: 0.0414338    min: 0.0255105
[driver-5] [WebotsRobotHandler]: 0.0310512    max: 0.0414338    min: 0.0255105
[driver-5] [WebotsRobotHandler]: 0.0343256    max: 0.0414338    min: 0.0255105
[driver-5] [WebotsRobotHandler]: 0.0300548    max: 0.0414338    min: 0.0255105
[driver-5] [WebotsRobotHandler]: 0.0275371    max: 0.0414338    min: 0.0255105
[driver-5] [WebotsRobotHandler]: 0.0316136    max: 0.0414338    min: 0.0255105
[driver-5] [WebotsRobotHandler]: 0.0322602    max: 0.0414338    min: 0.0255105
[driver-5] [WebotsRobotHandler]: 0.0348277    max: 0.0414338    min: 0.0255105
[driver-5] [WebotsRobotHandler]: 0.0337462    max: 0.0414338    min: 0.0255105
[driver-5] [WebotsRobotHandler]: 0.0336919    max: 0.0414338    min: 0.0255105
[driver-5] [WebotsRobotHandler]: 0.031904    max: 0.0414338    min: 0.0255105
[driver-5] [WebotsRobotHandler]: 0.0323458    max: 0.0414338    min: 0.0255105
[driver-5] [WebotsRobotHandler]: 0.0324392    max: 0.0414338    min: 0.0255105
[driver-5] [WebotsRobotHandler]: 0.0325165    max: 0.0414338    min: 0.0255105
[driver-5] [WebotsRobotHandler]: 0.0291684    max: 0.0414338    min: 0.0255105
[driver-5] [WebotsRobotHandler]: 0.0319405    max: 0.0414338    min: 0.0255105
[driver-5] [WebotsRobotHandler]: 0.0396261    max: 0.0414338    min: 0.0255105
[driver-5] [WebotsRobotHandler]: 0.0306938    max: 0.0414338    min: 0.0255105
[driver-5] [WebotsRobotHandler]: 0.0312314    max: 0.0414338    min: 0.0255105
[driver-5] [WebotsRobotHandler]: 0.0318377    max: 0.0414338    min: 0.0255105
[driver-5] [WebotsRobotHandler]: 0.0279818    max: 0.0414338    min: 0.0255105
[driver-5] [WebotsRobotHandler]: 0.0364277    max: 0.0414338    min: 0.0255105
[driver-5] [WebotsRobotHandler]: 0.0320647    max: 0.0414338    min: 0.0255105
[driver-5] [WebotsRobotHandler]: 0.0295496    max: 0.0414338    min: 0.0255105
[driver-5] [WebotsRobotHandler]: 0.0361679    max: 0.0414338    min: 0.0255105
[driver-5] [WebotsRobotHandler]: 0.0332928    max: 0.0414338    min: 0.0255105
[driver-5] [WebotsRobotHandler]: 0.0339973    max: 0.0414338    min: 0.0255105
[driver-5] [WebotsRobotHandler]: 0.0313959    max: 0.0414338    min: 0.0255105
[driver-5] [WebotsRobotHandler]: 0.0273221    max: 0.0414338    min: 0.0255105
[driver-5] [WebotsRobotHandler]: 0.0343547    max: 0.0414338    min: 0.0255105
[driver-5] [WebotsRobotHandler]: 0.0343182    max: 0.0414338    min: 0.0255105
[driver-5] [WebotsRobotHandler]: 0.0341332    max: 0.0414338    min: 0.0255105
[driver-5] [WebotsRobotHandler]: 0.032337    max: 0.0414338    min: 0.0255105
[driver-5] [WebotsRobotHandler]: 0.0337498    max: 0.0414338    min: 0.0255105
[driver-5] [WebotsRobotHandler]: 0.029994    max: 0.0414338    min: 0.0255105
[driver-5] [WebotsRobotHandler]: 0.0296271    max: 0.0414338    min: 0.0255105
[driver-5] [WebotsRobotHandler]: 0.0324059    max: 0.0414338    min: 0.0255105
[driver-5] [WebotsRobotHandler]: 0.0313087    max: 0.0414338    min: 0.0255105
[driver-5] [WebotsRobotHandler]: 0.0329916    max: 0.0414338    min: 0.0255105
[driver-5] [WebotsRobotHandler]: 0.0351381    max: 0.0414338    min: 0.0255105
[driver-5] [WebotsRobotHandler]: 0.0313871    max: 0.0414338    min: 0.0255105
[driver-5] [WebotsRobotHandler]: 0.0336936    max: 0.0414338    min: 0.0255105
[driver-5] [WebotsRobotHandler]: 0.031301    max: 0.0414338    min: 0.0255105
[driver-5] [WebotsRobotHandler]: 0.0315273    max: 0.0414338    min: 0.0255105
[driver-5] [WebotsRobotHandler]: 0.0279613    max: 0.0414338    min: 0.0255105
[driver-5] [WebotsRobotHandler]: 0.0333357    max: 0.0414338    min: 0.0255105
[driver-5] [WebotsRobotHandler]: 0.0347936    max: 0.0414338    min: 0.0255105
[driver-5] [WebotsRobotHandler]: 0.033572    max: 0.0414338    min: 0.0255105
[driver-5] [WebotsRobotHandler]: 0.0296896    max: 0.0414338    min: 0.0255105
[driver-5] [WebotsRobotHandler]: 0.0365086    max: 0.0414338    min: 0.0255105
[driver-5] [WebotsRobotHandler]: 0.0325594    max: 0.0414338    min: 0.0255105
[driver-5] [WebotsRobotHandler]: 0.0297508    max: 0.0414338    min: 0.0255105
[driver-5] [WebotsRobotHandler]: 0.0343809    max: 0.0414338    min: 0.0255105
[driver-5] [WebotsRobotHandler]: 0.0318522    max: 0.0414338    min: 0.0255105
[driver-5] [WebotsRobotHandler]: 0.0281017    max: 0.0414338    min: 0.0255105
[driver-5] [WebotsRobotHandler]: 0.038002    max: 0.0414338    min: 0.0255105
[driver-5] [WebotsRobotHandler]: 0.032784    max: 0.0414338    min: 0.0255105
[driver-5] [WebotsRobotHandler]: 0.0339231    max: 0.0414338    min: 0.0255105
[driver-5] [WebotsRobotHandler]: 0.0318036    max: 0.0414338    min: 0.0255105
[driver-5] [WebotsRobotHandler]: 0.031755    max: 0.0414338    min: 0.0255105
[driver-5] [WebotsRobotHandler]: 0.0321608    max: 0.0414338    min: 0.0255105
[driver-5] [WebotsRobotHandler]: 0.0275905    max: 0.0414338    min: 0.0255105
[driver-5] [WebotsRobotHandler]: 0.0367324    max: 0.0414338    min: 0.0255105
[driver-5] [WebotsRobotHandler]: 0.0334692    max: 0.0414338    min: 0.0255105
[driver-5] [WebotsRobotHandler]: 0.0335238    max: 0.0414338    min: 0.0255105
[driver-5] [WebotsRobotHandler]: 0.0323539    max: 0.0414338    min: 0.0255105
[driver-5] [WebotsRobotHandler]: 0.0314026    max: 0.0414338    min: 0.0255105
[driver-5] [WebotsRobotHandler]: 0.0323842    max: 0.0414338    min: 0.0255105
[driver-5] [WebotsRobotHandler]: 0.0275648    max: 0.0414338    min: 0.0255105
[driver-5] [WebotsRobotHandler]: 0.0362046    max: 0.0414338    min: 0.0255105
[driver-5] [WebotsRobotHandler]: 0.0329599    max: 0.0414338    min: 0.0255105
[driver-5] [WebotsRobotHandler]: 0.0332069    max: 0.0414338    min: 0.0255105
[driver-5] [WebotsRobotHandler]: 0.0338547    max: 0.0414338    min: 0.0255105
[driver-5] [WebotsRobotHandler]: 0.0331964    max: 0.0414338    min: 0.0255105
[driver-5] [WebotsRobotHandler]: 0.0276113    max: 0.0414338    min: 0.0255105
[driver-5] [WebotsRobotHandler]: 0.0348928    max: 0.0414338    min: 0.0255105
[driver-5] [WebotsRobotHandler]: 0.0319371    max: 0.0414338    min: 0.0255105
[driver-5] [WebotsRobotHandler]: 0.0295436    max: 0.0414338    min: 0.0255105
[driver-5] [WebotsRobotHandler]: 0.0331097    max: 0.0414338    min: 0.0255105
[driver-5] [WebotsRobotHandler]: 0.0376055    max: 0.0414338    min: 0.0255105
[driver-5] [WebotsRobotHandler]: 0.0348222    max: 0.0414338    min: 0.0255105
[driver-5] [WebotsRobotHandler]: 0.0332487    max: 0.0414338    min: 0.0255105
[driver-5] [WebotsRobotHandler]: 0.0314932    max: 0.0414338    min: 0.0255105
[driver-5] [WebotsRobotHandler]: 0.0297446    max: 0.0414338    min: 0.0255105
[driver-5] [WebotsRobotHandler]: 0.0353665    max: 0.0414338    min: 0.0255105
[driver-5] [WebotsRobotHandler]: 0.0317605    max: 0.0414338    min: 0.0255105
[driver-5] [WebotsRobotHandler]: 0.0315037    max: 0.0414338    min: 0.0255105
[driver-5] [WebotsRobotHandler]: 0.0298369    max: 0.0414338    min: 0.0255105
[driver-5] [WebotsRobotHandler]: 0.0341144    max: 0.0414338    min: 0.0255105
[driver-5] [WebotsRobotHandler]: 0.0342903    max: 0.0414338    min: 0.0255105
[driver-5] [WebotsRobotHandler]: 0.0337682    max: 0.0414338    min: 0.0255105
[driver-5] [WebotsRobotHandler]: 0.0320961    max: 0.0414338    min: 0.0255105
[driver-5] [WebotsRobotHandler]: 0.0324829    max: 0.0414338    min: 0.0255105
[driver-5] [WebotsRobotHandler]: 0.0316665    max: 0.0414338    min: 0.0255105
[driver-5] [WebotsRobotHandler]: 0.0272498    max: 0.0414338    min: 0.0255105
[driver-5] [WebotsRobotHandler]: 0.0374348    max: 0.0414338    min: 0.0255105
[driver-5] [WebotsRobotHandler]: 0.03108    max: 0.0414338    min: 0.0255105
[driver-5] [WebotsRobotHandler]: 0.032378    max: 0.0414338    min: 0.0255105
[driver-5] [WebotsRobotHandler]: 0.0364897    max: 0.0414338    min: 0.0255105
[driver-5] [WebotsRobotHandler]: 0.035707    max: 0.0414338    min: 0.0255105
[driver-5] [WebotsRobotHandler]: 0.0317316    max: 0.0414338    min: 0.0255105
[driver-5] [WebotsRobotHandler]: 0.0322938    max: 0.0414338    min: 0.0255105
[driver-5] [WebotsRobotHandler]: 0.0316668    max: 0.0414338    min: 0.0255105
[driver-5] [WebotsRobotHandler]: 0.030081    max: 0.0414338    min: 0.0255105
[driver-5] [WebotsRobotHandler]: 0.0298474    max: 0.0414338    min: 0.0255105
[driver-5] [WebotsRobotHandler]: 0.0286129    max: 0.0414338    min: 0.0255105
[driver-5] [WebotsRobotHandler]: 0.0350311    max: 0.0414338    min: 0.0255105
[driver-5] [WebotsRobotHandler]: 0.0325615    max: 0.0414338    min: 0.0255105
[driver-5] [WebotsRobotHandler]: 0.0337617    max: 0.0414338    min: 0.0255105
[driver-5] [WebotsRobotHandler]: 0.0341606    max: 0.0414338    min: 0.0255105
[driver-5] [WebotsRobotHandler]: 0.0329831    max: 0.0414338    min: 0.0255105
[driver-5] [WebotsRobotHandler]: 0.0310106    max: 0.0414338    min: 0.0255105
[driver-5] [WebotsRobotHandler]: 0.0319862    max: 0.0414338    min: 0.0255105
[driver-5] [WebotsRobotHandler]: 0.0321343    max: 0.0414338    min: 0.0255105
[driver-5] [WebotsRobotHandler]: 0.0311556    max: 0.0414338    min: 0.0255105
[driver-5] [WebotsRobotHandler]: 0.0303383    max: 0.0414338    min: 0.0255105
[driver-5] [WebotsRobotHandler]: 0.0344112    max: 0.0414338    min: 0.0255105
[driver-5] [WebotsRobotHandler]: 0.0332847    max: 0.0414338    min: 0.0255105
[driver-5] [WebotsRobotHandler]: 0.0340118    max: 0.0414338    min: 0.0255105
[driver-5] [WebotsRobotHandler]: 0.0316615    max: 0.0414338    min: 0.0255105
[driver-5] [WebotsRobotHandler]: 0.0321128    max: 0.0414338    min: 0.0255105
[driver-5] [WebotsRobotHandler]: 0.0329256    max: 0.0414338    min: 0.0255105
[driver-5] [WebotsRobotHandler]: 0.0287938    max: 0.0414338    min: 0.0255105
[driver-5] [WebotsRobotHandler]: 0.0320799    max: 0.0414338    min: 0.0255105
[driver-5] [WebotsRobotHandler]: 0.0343168    max: 0.0414338    min: 0.0255105
[driver-5] [WebotsRobotHandler]: 0.035538    max: 0.0414338    min: 0.0255105
[driver-5] [WebotsRobotHandler]: 0.0311048    max: 0.0414338    min: 0.0255105
[driver-5] [WebotsRobotHandler]: 0.0293903    max: 0.0414338    min: 0.0255105
[driver-5] [WebotsRobotHandler]: 0.0355861    max: 0.0414338    min: 0.0255105
[driver-5] [WebotsRobotHandler]: 0.0314097    max: 0.0414338    min: 0.0255105
[driver-5] [WebotsRobotHandler]: 0.0335779    max: 0.0414338    min: 0.0255105
[driver-5] [WebotsRobotHandler]: 0.0330212    max: 0.0414338    min: 0.0255105
[driver-5] [WebotsRobotHandler]: 0.0314271    max: 0.0414338    min: 0.0255105
[driver-5] [WebotsRobotHandler]: 0.0352132    max: 0.0414338    min: 0.0255105
[driver-5] [WebotsRobotHandler]: 0.0328567    max: 0.0414338    min: 0.0255105
[driver-5] [WebotsRobotHandler]: 0.0316474    max: 0.0414338    min: 0.0255105
[driver-5] [WebotsRobotHandler]: 0.0322583    max: 0.0414338    min: 0.0255105
[driver-5] [WebotsRobotHandler]: 0.029614    max: 0.0414338    min: 0.0255105
[driver-5] [WebotsRobotHandler]: 0.0346014    max: 0.0414338    min: 0.0255105
[driver-5] [WebotsRobotHandler]: 0.0311792    max: 0.0414338    min: 0.0255105
[driver-5] [WebotsRobotHandler]: 0.0324667    max: 0.0414338    min: 0.0255105
[driver-5] [WebotsRobotHandler]: 0.0360923    max: 0.0414338    min: 0.0255105
[driver-5] [WebotsRobotHandler]: 0.0354612    max: 0.0414338    min: 0.0255105
[driver-5] [WebotsRobotHandler]: 0.0328054    max: 0.0414338    min: 0.0255105
[driver-5] [WebotsRobotHandler]: 0.0315967    max: 0.0414338    min: 0.0255105
[driver-5] [WebotsRobotHandler]: 0.0290844    max: 0.0414338    min: 0.0255105
[driver-5] [WebotsRobotHandler]: 0.0298665    max: 0.0414338    min: 0.0255105
[driver-5] [WebotsRobotHandler]: 0.03354    max: 0.0414338    min: 0.0255105
[driver-5] [WebotsRobotHandler]: 0.0312068    max: 0.0414338    min: 0.0255105
[driver-5] [WebotsRobotHandler]: 0.0323942    max: 0.0414338    min: 0.0255105
[driver-5] [WebotsRobotHandler]: 0.0349009    max: 0.0414338    min: 0.0255105
[driver-5] [WebotsRobotHandler]: 0.0323236    max: 0.0414338    min: 0.0255105
[driver-5] [WebotsRobotHandler]: 0.0339439    max: 0.0414338    min: 0.0255105
[driver-5] [WebotsRobotHandler]: 0.0304692    max: 0.0414338    min: 0.0255105
[driver-5] [WebotsRobotHandler]: 0.0275321    max: 0.0414338    min: 0.0255105
[driver-5] [WebotsRobotHandler]: 0.03266    max: 0.0414338    min: 0.0255105
[driver-5] [WebotsRobotHandler]: 0.0354474    max: 0.0414338    min: 0.0255105
[driver-5] [WebotsRobotHandler]: 0.0317857    max: 0.0414338    min: 0.0255105
[driver-5] [WebotsRobotHandler]: 0.0321038    max: 0.0414338    min: 0.0255105
[driver-5] [WebotsRobotHandler]: 0.0324583    max: 0.0414338    min: 0.0255105
[driver-5] [WebotsRobotHandler]: 0.0346177    max: 0.0414338    min: 0.0255105
[driver-5] [WebotsRobotHandler]: 0.0338001    max: 0.0414338    min: 0.0255105
[driver-5] [WebotsRobotHandler]: 0.0285628    max: 0.0414338    min: 0.0255105
[driver-5] [WebotsRobotHandler]: 0.0353632    max: 0.0414338    min: 0.0255105
[driver-5] [WebotsRobotHandler]: 0.031625    max: 0.0414338    min: 0.0255105
[driver-5] [WebotsRobotHandler]: 0.0332468    max: 0.0414338    min: 0.0255105
[driver-5] [WebotsRobotHandler]: 0.0309405    max: 0.0414338    min: 0.0255105
[driver-5] [WebotsRobotHandler]: 0.032599    max: 0.0414338    min: 0.0255105
[driver-5] [WebotsRobotHandler]: 0.0343006    max: 0.0414338    min: 0.0255105
[driver-5] [WebotsRobotHandler]: 0.0334468    max: 0.0414338    min: 0.0255105
[driver-5] [WebotsRobotHandler]: 0.0313735    max: 0.0414338    min: 0.0255105
[driver-5] [WebotsRobotHandler]: 0.0326176    max: 0.0414338    min: 0.0255105
[driver-5] [WebotsRobotHandler]: 0.0320768    max: 0.0414338    min: 0.0255105
[driver-5] [WebotsRobotHandler]: 0.0312197    max: 0.0414338    min: 0.0255105
[driver-5] [WebotsRobotHandler]: 0.0320625    max: 0.0414338    min: 0.0255105
[driver-5] [WebotsRobotHandler]: 0.0295837    max: 0.0414338    min: 0.0255105
[driver-5] [WebotsRobotHandler]: 0.0355492    max: 0.0414338    min: 0.0255105
[driver-5] [WebotsRobotHandler]: 0.0355513    max: 0.0414338    min: 0.0255105
[driver-5] [WebotsRobotHandler]: 0.0312123    max: 0.0414338    min: 0.0255105
[driver-5] [WebotsRobotHandler]: 0.0338626    max: 0.0414338    min: 0.0255105
[driver-5] [WebotsRobotHandler]: 0.0283983    max: 0.0414338    min: 0.0255105
[driver-5] [WebotsRobotHandler]: 0.034358    max: 0.0414338    min: 0.0255105
[driver-5] [WebotsRobotHandler]: 0.0323379    max: 0.0414338    min: 0.0255105
[driver-5] [WebotsRobotHandler]: 0.0339289    max: 0.0414338    min: 0.0255105
[driver-5] [WebotsRobotHandler]: 0.0346615    max: 0.0414338    min: 0.0255105
[driver-5] [WebotsRobotHandler]: 0.0278306    max: 0.0414338    min: 0.0255105
[driver-5] [WebotsRobotHandler]: 0.0329635    max: 0.0414338    min: 0.0255105
[driver-5] [WebotsRobotHandler]: 0.0298784    max: 0.0414338    min: 0.0255105
[driver-5] [WebotsRobotHandler]: 0.0313964    max: 0.0414338    min: 0.0255105
[driver-5] [WebotsRobotHandler]: 0.0338988    max: 0.0414338    min: 0.0255105
[driver-5] [WebotsRobotHandler]: 0.0322847    max: 0.0414338    min: 0.0255105
[driver-5] [WebotsRobotHandler]: 0.0368185    max: 0.0414338    min: 0.0255105
[driver-5] [WebotsRobotHandler]: 0.0321121    max: 0.0414338    min: 0.0255105
[driver-5] [WebotsRobotHandler]: 0.0328543    max: 0.0414338    min: 0.0255105
[driver-5] [WebotsRobotHandler]: 0.0264084    max: 0.0414338    min: 0.0255105
[driver-5] [WebotsRobotHandler]: 0.0366182    max: 0.0414338    min: 0.0255105
[driver-5] [WebotsRobotHandler]: 0.0337415    max: 0.0414338    min: 0.0255105
[driver-5] [WebotsRobotHandler]: 0.0282161    max: 0.0414338    min: 0.0255105
[driver-5] [WebotsRobotHandler]: 0.0407076    max: 0.0414338    min: 0.0255105
[driver-5] [WebotsRobotHandler]: 0.0355482    max: 0.0414338    min: 0.0255105
[driver-5] [WebotsRobotHandler]: 0.0323935    max: 0.0414338    min: 0.0255105
[driver-5] [WebotsRobotHandler]: 0.0314786    max: 0.0414338    min: 0.0255105
[driver-5] [WebotsRobotHandler]: 0.0316219    max: 0.0414338    min: 0.0255105
[driver-5] [WebotsRobotHandler]: 0.03017    max: 0.0414338    min: 0.0255105
[driver-5] [WebotsRobotHandler]: 0.0299988    max: 0.0414338    min: 0.0255105
[driver-5] [WebotsRobotHandler]: 0.0323093    max: 0.0414338    min: 0.0255105
[driver-5] [WebotsRobotHandler]: 0.0316992    max: 0.0414338    min: 0.0255105
[driver-5] [WebotsRobotHandler]: 0.0328047    max: 0.0414338    min: 0.0255105
[driver-5] [WebotsRobotHandler]: 0.033016    max: 0.0414338    min: 0.0255105
[driver-5] [WebotsRobotHandler]: 0.0346537    max: 0.0414338    min: 0.0255105
[driver-5] [WebotsRobotHandler]: 0.0363612    max: 0.0414338    min: 0.0255105
[driver-5] [WebotsRobotHandler]: 0.0305657    max: 0.0414338    min: 0.0255105
[driver-5] [WebotsRobotHandler]: 0.0326719    max: 0.0414338    min: 0.0255105
[driver-5] [WebotsRobotHandler]: 0.031538    max: 0.0414338    min: 0.0255105
[driver-5] [WebotsRobotHandler]: 0.0300207    max: 0.0414338    min: 0.0255105
[driver-5] [WebotsRobotHandler]: 0.0297689    max: 0.0414338    min: 0.0255105
[driver-5] [WebotsRobotHandler]: 0.0323925    max: 0.0414338    min: 0.0255105
[driver-5] [WebotsRobotHandler]: 0.0289907    max: 0.0414338    min: 0.0255105
[driver-5] [WebotsRobotHandler]: 0.0331275    max: 0.0414338    min: 0.0255105
[driver-5] [WebotsRobotHandler]: 0.0382185    max: 0.0414338    min: 0.0255105
[driver-5] [WebotsRobotHandler]: 0.0342374    max: 0.0414338    min: 0.0255105
[driver-5] [WebotsRobotHandler]: 0.0342212    max: 0.0414338    min: 0.0255105
[driver-5] [WebotsRobotHandler]: 0.0308096    max: 0.0414338    min: 0.0255105
[driver-5] [WebotsRobotHandler]: 0.0303259    max: 0.0414338    min: 0.0255105
[driver-5] [WebotsRobotHandler]: 0.0281301    max: 0.0414338    min: 0.0255105
[driver-5] [WebotsRobotHandler]: 0.0287306    max: 0.0414338    min: 0.0255105
[driver-5] [WebotsRobotHandler]: 0.037046    max: 0.0414338    min: 0.0255105
[driver-5] [WebotsRobotHandler]: 0.0313678    max: 0.0414338    min: 0.0255105
[driver-5] [WebotsRobotHandler]: 0.0321503    max: 0.0414338    min: 0.0255105
[driver-5] [WebotsRobotHandler]: 0.0346518    max: 0.0414338    min: 0.0255105
[driver-5] [WebotsRobotHandler]: 0.0336792    max: 0.0414338    min: 0.0255105
[driver-5] [WebotsRobotHandler]: 0.029418    max: 0.0414338    min: 0.0255105
[driver-5] [WebotsRobotHandler]: 0.031358    max: 0.0414338    min: 0.0255105
[driver-5] [WebotsRobotHandler]: 0.0352995    max: 0.0414338    min: 0.0255105
[driver-5] [WebotsRobotHandler]: 0.0310845    max: 0.0414338    min: 0.0255105
[driver-5] [WebotsRobotHandler]: 0.030304    max: 0.0414338    min: 0.0255105
[driver-5] [WebotsRobotHandler]: 0.031909    max: 0.0414338    min: 0.0255105
[driver-5] [WebotsRobotHandler]: 0.0352221    max: 0.0414338    min: 0.0255105
[driver-5] [WebotsRobotHandler]: 0.0366359    max: 0.0414338    min: 0.0255105
[driver-5] [WebotsRobotHandler]: 0.0351591    max: 0.0414338    min: 0.0255105
[driver-5] [WebotsRobotHandler]: 0.032124    max: 0.0414338    min: 0.0255105
[driver-5] [WebotsRobotHandler]: 0.0321913    max: 0.0414338    min: 0.0255105
[driver-5] [WebotsRobotHandler]: 0.0326142    max: 0.0414338    min: 0.0255105
[driver-5] [WebotsRobotHandler]: 0.0292871    max: 0.0414338    min: 0.0255105
[driver-5] [WebotsRobotHandler]: 0.0299509    max: 0.0414338    min: 0.0255105
[driver-5] [WebotsRobotHandler]: 0.0289462    max: 0.0414338    min: 0.0255105
[driver-5] [WebotsRobotHandler]: 0.0337915    max: 0.0414338    min: 0.0255105
[driver-5] [WebotsRobotHandler]: 0.0283623    max: 0.0414338    min: 0.0255105
[driver-5] [WebotsRobotHandler]: 0.0332491    max: 0.0414338    min: 0.0255105
[driver-5] [WebotsRobotHandler]: 0.0356069    max: 0.0414338    min: 0.0255105
[driver-5] [WebotsRobotHandler]: 0.0364506    max: 0.0414338    min: 0.0255105
[driver-5] [WebotsRobotHandler]: 0.0311809    max: 0.0414338    min: 0.0255105
[driver-5] [WebotsRobotHandler]: 0.028053    max: 0.0414338    min: 0.0255105
[driver-5] [WebotsRobotHandler]: 0.036335    max: 0.0414338    min: 0.0255105
[driver-5] [WebotsRobotHandler]: 0.0322578    max: 0.0414338    min: 0.0255105
[driver-5] [WebotsRobotHandler]: 0.032609    max: 0.0414338    min: 0.0255105
[driver-5] [WebotsRobotHandler]: 0.0312865    max: 0.0414338    min: 0.0255105
[driver-5] [WebotsRobotHandler]: 0.0342007    max: 0.0414338    min: 0.0255105
[driver-5] [WebotsRobotHandler]: 0.0338511    max: 0.0414338    min: 0.0255105
[driver-5] [WebotsRobotHandler]: 0.0307245    max: 0.0414338    min: 0.0255105
[driver-5] [WebotsRobotHandler]: 0.0310075    max: 0.0414338    min: 0.0255105
[driver-5] [WebotsRobotHandler]: 0.0295107    max: 0.0414338    min: 0.0255105
[driver-5] [WebotsRobotHandler]: 0.0321667    max: 0.0414338    min: 0.0255105
[driver-5] [WebotsRobotHandler]: 0.0341301    max: 0.0414338    min: 0.0255105
[driver-5] [WebotsRobotHandler]: 0.0319457    max: 0.0414338    min: 0.0255105
[driver-5] [WebotsRobotHandler]: 0.0329254    max: 0.0414338    min: 0.0255105
[driver-5] [WebotsRobotHandler]: 0.0346458    max: 0.0414338    min: 0.0255105
[driver-5] [WebotsRobotHandler]: 0.0345039    max: 0.0414338    min: 0.0255105
[driver-5] [WebotsRobotHandler]: 0.0300949    max: 0.0414338    min: 0.0255105
[driver-5] [WebotsRobotHandler]: 0.0300052    max: 0.0414338    min: 0.0255105
[driver-5] [WebotsRobotHandler]: 0.0322359    max: 0.0414338    min: 0.0255105
[driver-5] [WebotsRobotHandler]: 0.0315154    max: 0.0414338    min: 0.0255105
[driver-5] [WebotsRobotHandler]: 0.0319855    max: 0.0414338    min: 0.0255105
[driver-5] [WebotsRobotHandler]: 0.0276451    max: 0.0414338    min: 0.0255105
[driver-5] [WebotsRobotHandler]: 0.0395403    max: 0.0414338    min: 0.0255105
[driver-5] [WebotsRobotHandler]: 0.0332475    max: 0.0414338    min: 0.0255105
[driver-5] [WebotsRobotHandler]: 0.0321302    max: 0.0414338    min: 0.0255105
[driver-5] [WebotsRobotHandler]: 0.0322118    max: 0.0414338    min: 0.0255105
[driver-5] [WebotsRobotHandler]: 0.031986    max: 0.0414338    min: 0.0255105
[driver-5] [WebotsRobotHandler]: 0.0270045    max: 0.0414338    min: 0.0255105
[driver-5] [WebotsRobotHandler]: 0.0323744    max: 0.0414338    min: 0.0255105
[driver-5] [WebotsRobotHandler]: 0.0307252    max: 0.0414338    min: 0.0255105
[driver-5] [WebotsRobotHandler]: 0.0378346    max: 0.0414338    min: 0.0255105
[driver-5] [WebotsRobotHandler]: 0.035547    max: 0.0414338    min: 0.0255105
[driver-5] [WebotsRobotHandler]: 0.0279529    max: 0.0414338    min: 0.0255105
[driver-5] [WebotsRobotHandler]: 0.0322301    max: 0.0414338    min: 0.0255105
[driver-5] [WebotsRobotHandler]: 0.0321496    max: 0.0414338    min: 0.0255105
[driver-5] [WebotsRobotHandler]: 0.0319314    max: 0.0414338    min: 0.0255105
[driver-5] [WebotsRobotHandler]: 0.0320196    max: 0.0414338    min: 0.0255105
[driver-5] [WebotsRobotHandler]: 0.0320556    max: 0.0414338    min: 0.0255105
[driver-5] [WebotsRobotHandler]: 0.0342457    max: 0.0414338    min: 0.0255105
[driver-5] [WebotsRobotHandler]: 0.0338235    max: 0.0414338    min: 0.0255105
[driver-5] [WebotsRobotHandler]: 0.0338497    max: 0.0414338    min: 0.0255105
[driver-5] [WebotsRobotHandler]: 0.0318804    max: 0.0414338    min: 0.0255105
[driver-5] [WebotsRobotHandler]: 0.0322685    max: 0.0414338    min: 0.0255105
[driver-5] [WebotsRobotHandler]: 0.0337713    max: 0.0414338    min: 0.0255105
[driver-5] [WebotsRobotHandler]: 0.0313411    max: 0.0414338    min: 0.0255105
[driver-5] [WebotsRobotHandler]: 0.0321419    max: 0.0414338    min: 0.0255105
[driver-5] [WebotsRobotHandler]: 0.0321565    max: 0.0414338    min: 0.0255105
[driver-5] [WebotsRobotHandler]: 0.0301869    max: 0.0414338    min: 0.0255105
[driver-5] [WebotsRobotHandler]: 0.0381799    max: 0.0414338    min: 0.0255105
[driver-5] [WebotsRobotHandler]: 0.0320859    max: 0.0414338    min: 0.0255105
[driver-5] [WebotsRobotHandler]: 0.0315342    max: 0.0414338    min: 0.0255105
[driver-5] [WebotsRobotHandler]: 0.0319364    max: 0.0414338    min: 0.0255105
[driver-5] [WebotsRobotHandler]: 0.0316737    max: 0.0414338    min: 0.0255105
[driver-5] [WebotsRobotHandler]: 0.0321252    max: 0.0414338    min: 0.0255105
[driver-5] [WebotsRobotHandler]: 0.02879    max: 0.0414338    min: 0.0255105
[driver-5] [WebotsRobotHandler]: 0.0399647    max: 0.0414338    min: 0.0255105
[driver-5] [WebotsRobotHandler]: 0.0319488    max: 0.0414338    min: 0.0255105
[driver-5] [WebotsRobotHandler]: 0.0320878    max: 0.0414338    min: 0.0255105
[driver-5] [WebotsRobotHandler]: 0.0323868    max: 0.0414338    min: 0.0255105
[driver-5] [WebotsRobotHandler]: 0.0295064    max: 0.0414338    min: 0.0255105
[driver-5] [WebotsRobotHandler]: 0.0299618    max: 0.0414338    min: 0.0255105
[driver-5] [WebotsRobotHandler]: 0.0288584    max: 0.0414338    min: 0.0255105
[driver-5] [WebotsRobotHandler]: 0.032444    max: 0.0414338    min: 0.0255105
[driver-5] [WebotsRobotHandler]: 0.0320976    max: 0.0414338    min: 0.0255105
[driver-5] [WebotsRobotHandler]: 0.0370562    max: 0.0414338    min: 0.0255105
[driver-5] [WebotsRobotHandler]: 0.033844    max: 0.0414338    min: 0.0255105
[driver-5] [WebotsRobotHandler]: 0.0358839    max: 0.0414338    min: 0.0255105
[driver-5] [WebotsRobotHandler]: 0.0319262    max: 0.0414338    min: 0.0255105
[driver-5] [WebotsRobotHandler]: 0.0311854    max: 0.0414338    min: 0.0255105
[driver-5] [WebotsRobotHandler]: 0.0323949    max: 0.0414338    min: 0.0255105
[driver-5] [WebotsRobotHandler]: 0.0306695    max: 0.0414338    min: 0.0255105
[driver-5] [WebotsRobotHandler]: 0.0336251    max: 0.0414338    min: 0.0255105
[driver-5] [WebotsRobotHandler]: 0.0318213    max: 0.0414338    min: 0.0255105
[driver-5] [WebotsRobotHandler]: 0.0315845    max: 0.0414338    min: 0.0255105
[driver-5] [WebotsRobotHandler]: 0.0327454    max: 0.0414338    min: 0.0255105
[driver-5] [WebotsRobotHandler]: 0.0314162    max: 0.0414338    min: 0.0255105
[driver-5] [WebotsRobotHandler]: 0.0339289    max: 0.0414338    min: 0.0255105
[driver-5] [WebotsRobotHandler]: 0.0345626    max: 0.0414338    min: 0.0255105
[driver-5] [WebotsRobotHandler]: 0.0365124    max: 0.0414338    min: 0.0255105
[driver-5] [WebotsRobotHandler]: 0.033133    max: 0.0414338    min: 0.0255105
[driver-5] [WebotsRobotHandler]: 0.0321476    max: 0.0414338    min: 0.0255105
[driver-5] [WebotsRobotHandler]: 0.0315962    max: 0.0414338    min: 0.0255105
[driver-5] [WebotsRobotHandler]: 0.0288737    max: 0.0414338    min: 0.0255105
[driver-5] [WebotsRobotHandler]: 0.0328431    max: 0.0414338    min: 0.0255105
[driver-5] [WebotsRobotHandler]: 0.0318909    max: 0.0414338    min: 0.0255105
[driver-5] [WebotsRobotHandler]: 0.0313737    max: 0.0414338    min: 0.0255105
[driver-5] [WebotsRobotHandler]: 0.0289092    max: 0.0414338    min: 0.0255105
[driver-5] [WebotsRobotHandler]: 0.032161    max: 0.0414338    min: 0.0255105
[driver-5] [WebotsRobotHandler]: 0.0322824    max: 0.0414338    min: 0.0255105
[driver-5] [WebotsRobotHandler]: 0.0328517    max: 0.0414338    min: 0.0255105
[driver-5] [WebotsRobotHandler]: 0.0345316    max: 0.0414338    min: 0.0255105
[driver-5] [WebotsRobotHandler]: 0.0332875    max: 0.0414338    min: 0.0255105
[driver-5] [WebotsRobotHandler]: 0.031322    max: 0.0414338    min: 0.0255105
[driver-5] [WebotsRobotHandler]: 0.0272784    max: 0.0414338    min: 0.0255105
[driver-5] [WebotsRobotHandler]: 0.0300543    max: 0.0414338    min: 0.0255105
[driver-5] [WebotsRobotHandler]: 0.0347481    max: 0.0414338    min: 0.0255105
[driver-5] [WebotsRobotHandler]: 0.0331876    max: 0.0414338    min: 0.0255105
[driver-5] [WebotsRobotHandler]: 0.0353796    max: 0.0414338    min: 0.0255105
[driver-5] [WebotsRobotHandler]: 0.0342019    max: 0.0414338    min: 0.0255105
[driver-5] [WebotsRobotHandler]: 0.0312958    max: 0.0414338    min: 0.0255105
[driver-5] [WebotsRobotHandler]: 0.0339208    max: 0.0414338    min: 0.0255105
[driver-5] [WebotsRobotHandler]: 0.0311472    max: 0.0414338    min: 0.0255105
[driver-5] [WebotsRobotHandler]: 0.030092    max: 0.0414338    min: 0.0255105
[driver-5] [WebotsRobotHandler]: 0.0314157    max: 0.0414338    min: 0.0255105
[driver-5] [WebotsRobotHandler]: 0.0289018    max: 0.0414338    min: 0.0255105
[driver-5] [WebotsRobotHandler]: 0.0297098    max: 0.0414338    min: 0.0255105
[driver-5] [WebotsRobotHandler]: 0.0312264    max: 0.0414338    min: 0.0255105
[driver-5] [WebotsRobotHandler]: 0.0329151    max: 0.0414338    min: 0.0255105
[driver-5] [WebotsRobotHandler]: 0.0365551    max: 0.0414338    min: 0.0255105
[driver-5] [WebotsRobotHandler]: 0.0318534    max: 0.0414338    min: 0.0255105
[driver-5] [WebotsRobotHandler]: 0.0363564    max: 0.0414338    min: 0.0255105
[driver-5] [WebotsRobotHandler]: 0.0357943    max: 0.0414338    min: 0.0255105
[driver-5] [WebotsRobotHandler]: 0.0321319    max: 0.0414338    min: 0.0255105
[driver-5] [WebotsRobotHandler]: 0.0322099    max: 0.0414338    min: 0.0255105
[driver-5] [WebotsRobotHandler]: 0.0316615    max: 0.0414338    min: 0.0255105
[driver-5] [WebotsRobotHandler]: 0.0307465    max: 0.0414338    min: 0.0255105
[driver-5] [WebotsRobotHandler]: 0.0280466    max: 0.0414338    min: 0.0255105
[driver-5] [WebotsRobotHandler]: 0.0376964    max: 0.0414338    min: 0.0255105
[driver-5] [WebotsRobotHandler]: 0.0314195    max: 0.0414338    min: 0.0255105
[driver-5] [WebotsRobotHandler]: 0.0337594    max: 0.0414338    min: 0.0255105
[driver-5] [WebotsRobotHandler]: 0.0342135    max: 0.0414338    min: 0.0255105
[driver-5] [WebotsRobotHandler]: 0.0313201    max: 0.0414338    min: 0.0255105
[driver-5] [WebotsRobotHandler]: 0.0348721    max: 0.0414338    min: 0.0255105
[driver-5] [WebotsRobotHandler]: 0.0251265    max: 0.0414338    min: 0.0251265
[driver-5] [WebotsRobotHandler]: 0.0309005    max: 0.0414338    min: 0.0251265
[driver-5] [WebotsRobotHandler]: 0.0372884    max: 0.0414338    min: 0.0251265
[driver-5] [WebotsRobotHandler]: 0.0319719    max: 0.0414338    min: 0.0251265
[driver-5] [WebotsRobotHandler]: 0.0318911    max: 0.0414338    min: 0.0251265
[driver-5] [WebotsRobotHandler]: 0.0370667    max: 0.0414338    min: 0.0251265
[driver-5] [WebotsRobotHandler]: 0.0348399    max: 0.0414338    min: 0.0251265
[driver-5] [WebotsRobotHandler]: 0.0241785    max: 0.0414338    min: 0.0241785
[driver-5] [WebotsRobotHandler]: 0.0342824    max: 0.0414338    min: 0.0241785
[driver-5] [WebotsRobotHandler]: 0.0329962    max: 0.0414338    min: 0.0241785
[driver-5] [WebotsRobotHandler]: 0.0313559    max: 0.0414338    min: 0.0241785
[driver-5] [WebotsRobotHandler]: 0.0342381    max: 0.0414338    min: 0.0241785
[driver-5] [WebotsRobotHandler]: 0.031713    max: 0.0414338    min: 0.0241785
[driver-5] [WebotsRobotHandler]: 0.0372515    max: 0.0414338    min: 0.0241785
[driver-5] [WebotsRobotHandler]: 0.0264587    max: 0.0414338    min: 0.0241785
[driver-5] [WebotsRobotHandler]: 0.0346844    max: 0.0414338    min: 0.0241785
[driver-5] [WebotsRobotHandler]: 0.0336106    max: 0.0414338    min: 0.0241785
[driver-5] [WebotsRobotHandler]: 0.0321038    max: 0.0414338    min: 0.0241785
[driver-5] [WebotsRobotHandler]: 0.030545    max: 0.0414338    min: 0.0241785
[driver-5] [WebotsRobotHandler]: 0.0311027    max: 0.0414338    min: 0.0241785
[driver-5] [WebotsRobotHandler]: 0.0334334    max: 0.0414338    min: 0.0241785
[driver-5] [WebotsRobotHandler]: 0.0299723    max: 0.0414338    min: 0.0241785
[driver-5] [WebotsRobotHandler]: 0.0327747    max: 0.0414338    min: 0.0241785
[driver-5] [WebotsRobotHandler]: 0.0379524    max: 0.0414338    min: 0.0241785
[driver-5] [WebotsRobotHandler]: 0.0326145    max: 0.0414338    min: 0.0241785
[driver-5] [WebotsRobotHandler]: 0.0314026    max: 0.0414338    min: 0.0241785
[driver-5] [WebotsRobotHandler]: 0.0326343    max: 0.0414338    min: 0.0241785
[driver-5] [WebotsRobotHandler]: 0.0320246    max: 0.0414338    min: 0.0241785
[driver-5] [WebotsRobotHandler]: 0.0288236    max: 0.0414338    min: 0.0241785
[driver-5] [WebotsRobotHandler]: 0.0335581    max: 0.0414338    min: 0.0241785
[driver-5] [WebotsRobotHandler]: 0.0339816    max: 0.0414338    min: 0.0241785
[driver-5] [WebotsRobotHandler]: 0.0369198    max: 0.0414338    min: 0.0241785
[driver-5] [WebotsRobotHandler]: 0.032196    max: 0.0414338    min: 0.0241785
[driver-5] [WebotsRobotHandler]: 0.031548    max: 0.0414338    min: 0.0241785
[driver-5] [WebotsRobotHandler]: 0.0313404    max: 0.0414338    min: 0.0241785
[driver-5] [WebotsRobotHandler]: 0.0300698    max: 0.0414338    min: 0.0241785
[driver-5] [WebotsRobotHandler]: 0.0360456    max: 0.0414338    min: 0.0241785
[driver-5] [WebotsRobotHandler]: 0.0328372    max: 0.0414338    min: 0.0241785
[driver-5] [WebotsRobotHandler]: 0.0330083    max: 0.0414338    min: 0.0241785
[driver-5] [WebotsRobotHandler]: 0.02812    max: 0.0414338    min: 0.0241785
[driver-5] [WebotsRobotHandler]: 0.0319076    max: 0.0414338    min: 0.0241785
[driver-5] [WebotsRobotHandler]: 0.0330324    max: 0.0414338    min: 0.0241785
[driver-5] [WebotsRobotHandler]: 0.034091    max: 0.0414338    min: 0.0241785
[driver-5] [WebotsRobotHandler]: 0.0324209    max: 0.0414338    min: 0.0241785
[driver-5] [WebotsRobotHandler]: 0.0319121    max: 0.0414338    min: 0.0241785
[driver-5] [WebotsRobotHandler]: 0.0361886    max: 0.0414338    min: 0.0241785
[driver-5] [WebotsRobotHandler]: 0.0319884    max: 0.0414338    min: 0.0241785
[driver-5] [WebotsRobotHandler]: 0.0315177    max: 0.0414338    min: 0.0241785
[driver-5] [WebotsRobotHandler]: 0.0293224    max: 0.0414338    min: 0.0241785
[driver-5] [WebotsRobotHandler]: 0.0302923    max: 0.0414338    min: 0.0241785
[driver-5] [WebotsRobotHandler]: 0.0340626    max: 0.0414338    min: 0.0241785
[driver-5] [WebotsRobotHandler]: 0.035393    max: 0.0414338    min: 0.0241785
[driver-5] [WebotsRobotHandler]: 0.0337443    max: 0.0414338    min: 0.0241785
[driver-5] [WebotsRobotHandler]: 0.0318663    max: 0.0414338    min: 0.0241785
[driver-5] [WebotsRobotHandler]: 0.0324953    max: 0.0414338    min: 0.0241785
[driver-5] [WebotsRobotHandler]: 0.0299854    max: 0.0414338    min: 0.0241785
[driver-5] [WebotsRobotHandler]: 0.0355222    max: 0.0414338    min: 0.0241785
[driver-5] [WebotsRobotHandler]: 0.0320394    max: 0.0414338    min: 0.0241785
[driver-5] [WebotsRobotHandler]: 0.0311198    max: 0.0414338    min: 0.0241785
[driver-5] [WebotsRobotHandler]: 0.0323308    max: 0.0414338    min: 0.0241785
[driver-5] [WebotsRobotHandler]: 0.031539    max: 0.0414338    min: 0.0241785
[driver-5] [WebotsRobotHandler]: 0.0292902    max: 0.0414338    min: 0.0241785
[driver-5] [WebotsRobotHandler]: 0.0335784    max: 0.0414338    min: 0.0241785
[driver-5] [WebotsRobotHandler]: 0.0330362    max: 0.0414338    min: 0.0241785
[driver-5] [WebotsRobotHandler]: 0.0361922    max: 0.0414338    min: 0.0241785
[driver-5] [WebotsRobotHandler]: 0.0324862    max: 0.0414338    min: 0.0241785
[driver-5] [WebotsRobotHandler]: 0.0300329    max: 0.0414338    min: 0.0241785
[driver-5] [WebotsRobotHandler]: 0.0314984    max: 0.0414338    min: 0.0241785
[driver-5] [WebotsRobotHandler]: 0.0318804    max: 0.0414338    min: 0.0241785
[driver-5] [WebotsRobotHandler]: 0.0304868    max: 0.0414338    min: 0.0241785
[driver-5] [WebotsRobotHandler]: 0.0378728    max: 0.0414338    min: 0.0241785
[driver-5] [WebotsRobotHandler]: 0.0339878    max: 0.0414338    min: 0.0241785
[driver-5] [WebotsRobotHandler]: 0.0317912    max: 0.0414338    min: 0.0241785
[driver-5] [WebotsRobotHandler]: 0.0340176    max: 0.0414338    min: 0.0241785
[driver-5] [WebotsRobotHandler]: 0.0302083    max: 0.0414338    min: 0.0241785
[driver-5] [WebotsRobotHandler]: 0.0295675    max: 0.0414338    min: 0.0241785
[driver-5] [WebotsRobotHandler]: 0.0339162    max: 0.0414338    min: 0.0241785
[driver-5] [WebotsRobotHandler]: 0.0321889    max: 0.0414338    min: 0.0241785
[driver-5] [WebotsRobotHandler]: 0.0340705    max: 0.0414338    min: 0.0241785
[driver-5] [WebotsRobotHandler]: 0.0339942    max: 0.0414338    min: 0.0241785
[driver-5] [WebotsRobotHandler]: 0.0321369    max: 0.0414338    min: 0.0241785
[driver-5] [WebotsRobotHandler]: 0.0321145    max: 0.0414338    min: 0.0241785
[driver-5] [WebotsRobotHandler]: 0.0323358    max: 0.0414338    min: 0.0241785
[driver-5] [WebotsRobotHandler]: 0.0318809    max: 0.0414338    min: 0.0241785
[driver-5] [WebotsRobotHandler]: 0.0319073    max: 0.0414338    min: 0.0241785
[driver-5] [WebotsRobotHandler]: 0.0321913    max: 0.0414338    min: 0.0241785
[driver-5] [WebotsRobotHandler]: 0.0352657    max: 0.0414338    min: 0.0241785
[driver-5] [WebotsRobotHandler]: 0.0321982    max: 0.0414338    min: 0.0241785
[driver-5] [WebotsRobotHandler]: 0.0320756    max: 0.0414338    min: 0.0241785
[driver-5] [WebotsRobotHandler]: 0.0333555    max: 0.0414338    min: 0.0241785
[driver-5] [WebotsRobotHandler]: 0.0263662    max: 0.0414338    min: 0.0241785
[driver-5] [WebotsRobotHandler]: 0.0356302    max: 0.0414338    min: 0.0241785
[driver-5] [WebotsRobotHandler]: 0.032603    max: 0.0414338    min: 0.0241785
[driver-5] [WebotsRobotHandler]: 0.0337331    max: 0.0414338    min: 0.0241785
[driver-5] [WebotsRobotHandler]: 0.0334406    max: 0.0414338    min: 0.0241785
[driver-5] [WebotsRobotHandler]: 0.0315664    max: 0.0414338    min: 0.0241785
[driver-5] [WebotsRobotHandler]: 0.0326786    max: 0.0414338    min: 0.0241785
[driver-5] [WebotsRobotHandler]: 0.0320809    max: 0.0414338    min: 0.0241785
[driver-5] [WebotsRobotHandler]: 0.0316572    max: 0.0414338    min: 0.0241785
[driver-5] [WebotsRobotHandler]: 0.0320215    max: 0.0414338    min: 0.0241785
[driver-5] [WebotsRobotHandler]: 0.0322032    max: 0.0414338    min: 0.0241785
[driver-5] [WebotsRobotHandler]: 0.0315609    max: 0.0414338    min: 0.0241785
[driver-5] [WebotsRobotHandler]: 0.0365782    max: 0.0414338    min: 0.0241785
[driver-5] [WebotsRobotHandler]: 0.0314598    max: 0.0414338    min: 0.0241785
[driver-5] [WebotsRobotHandler]: 0.0322335    max: 0.0414338    min: 0.0241785
[driver-5] [WebotsRobotHandler]: 0.0330734    max: 0.0414338    min: 0.0241785
[driver-5] [WebotsRobotHandler]: 0.031332    max: 0.0414338    min: 0.0241785
[driver-5] [WebotsRobotHandler]: 0.0311446    max: 0.0414338    min: 0.0241785
[driver-5] [WebotsRobotHandler]: 0.0323341    max: 0.0414338    min: 0.0241785
[driver-5] [WebotsRobotHandler]: 0.0312433    max: 0.0414338    min: 0.0241785
[driver-5] [WebotsRobotHandler]: 0.0358319    max: 0.0414338    min: 0.0241785
[driver-5] [WebotsRobotHandler]: 0.034204    max: 0.0414338    min: 0.0241785
[driver-5] [WebotsRobotHandler]: 0.0333622    max: 0.0414338    min: 0.0241785
[driver-5] [WebotsRobotHandler]: 0.0317519    max: 0.0414338    min: 0.0241785
[driver-5] [WebotsRobotHandler]: 0.0343182    max: 0.0414338    min: 0.0241785
[driver-5] [WebotsRobotHandler]: 0.0314426    max: 0.0414338    min: 0.0241785
[driver-5] [WebotsRobotHandler]: 0.0266092    max: 0.0414338    min: 0.0241785
[driver-5] [WebotsRobotHandler]: 0.0377486    max: 0.0414338    min: 0.0241785
[driver-5] [WebotsRobotHandler]: 0.0308464    max: 0.0414338    min: 0.0241785
[driver-5] [WebotsRobotHandler]: 0.0334346    max: 0.0414338    min: 0.0241785
[driver-5] [WebotsRobotHandler]: 0.032908    max: 0.0414338    min: 0.0241785
[driver-5] [WebotsRobotHandler]: 0.032392    max: 0.0414338    min: 0.0241785
[driver-5] [WebotsRobotHandler]: 0.0307853    max: 0.0414338    min: 0.0241785
[driver-5] [WebotsRobotHandler]: 0.032639    max: 0.0414338    min: 0.0241785
[driver-5] [WebotsRobotHandler]: 0.033294    max: 0.0414338    min: 0.0241785
[driver-5] [WebotsRobotHandler]: 0.0342269    max: 0.0414338    min: 0.0241785
[driver-5] [WebotsRobotHandler]: 0.033211    max: 0.0414338    min: 0.0241785
[driver-5] [WebotsRobotHandler]: 0.03106    max: 0.0414338    min: 0.0241785
[driver-5] [WebotsRobotHandler]: 0.0326045    max: 0.0414338    min: 0.0241785
[driver-5] [WebotsRobotHandler]: 0.0294178    max: 0.0414338    min: 0.0241785
[driver-5] [WebotsRobotHandler]: 0.0266054    max: 0.0414338    min: 0.0241785
[driver-5] [WebotsRobotHandler]: 0.034168    max: 0.0414338    min: 0.0241785
[driver-5] [WebotsRobotHandler]: 0.0315688    max: 0.0414338    min: 0.0241785
[driver-5] [WebotsRobotHandler]: 0.0324154    max: 0.0414338    min: 0.0241785
[driver-5] [WebotsRobotHandler]: 0.0362945    max: 0.0414338    min: 0.0241785
[driver-5] [WebotsRobotHandler]: 0.034713    max: 0.0414338    min: 0.0241785
[driver-5] [WebotsRobotHandler]: 0.0340741    max: 0.0414338    min: 0.0241785
[driver-5] [WebotsRobotHandler]: 0.0331359    max: 0.0414338    min: 0.0241785
[driver-5] [WebotsRobotHandler]: 0.0286727    max: 0.0414338    min: 0.0241785
[driver-5] [WebotsRobotHandler]: 0.0259666    max: 0.0414338    min: 0.0241785
[driver-5] [WebotsRobotHandler]: 0.0319636    max: 0.0414338    min: 0.0241785
[driver-5] [WebotsRobotHandler]: 0.0360544    max: 0.0414338    min: 0.0241785
[driver-5] [WebotsRobotHandler]: 0.0324337    max: 0.0414338    min: 0.0241785
[driver-5] [WebotsRobotHandler]: 0.0339034    max: 0.0414338    min: 0.0241785
[driver-5] [WebotsRobotHandler]: 0.0325634    max: 0.0414338    min: 0.0241785
[driver-5] [WebotsRobotHandler]: 0.033056    max: 0.0414338    min: 0.0241785
[driver-5] [WebotsRobotHandler]: 0.0324943    max: 0.0414338    min: 0.0241785
[driver-5] [WebotsRobotHandler]: 0.0298154    max: 0.0414338    min: 0.0241785
[driver-5] [WebotsRobotHandler]: 0.0309665    max: 0.0414338    min: 0.0241785
[driver-5] [WebotsRobotHandler]: 0.03181    max: 0.0414338    min: 0.0241785
[driver-5] [WebotsRobotHandler]: 0.0327868    max: 0.0414338    min: 0.0241785
[driver-5] [WebotsRobotHandler]: 0.0340843    max: 0.0414338    min: 0.0241785
[driver-5] [WebotsRobotHandler]: 0.0332799    max: 0.0414338    min: 0.0241785
[driver-5] [WebotsRobotHandler]: 0.0355604    max: 0.0414338    min: 0.0241785
[driver-5] [WebotsRobotHandler]: 0.0352392    max: 0.0414338    min: 0.0241785
[driver-5] [WebotsRobotHandler]: 0.0326946    max: 0.0414338    min: 0.0241785
[driver-5] [WebotsRobotHandler]: 0.0312176    max: 0.0414338    min: 0.0241785
[driver-5] [WebotsRobotHandler]: 0.0332561    max: 0.0414338    min: 0.0241785
[driver-5] [WebotsRobotHandler]: 0.0255463    max: 0.0414338    min: 0.0241785
[driver-5] [WebotsRobotHandler]: 0.0326898    max: 0.0414338    min: 0.0241785
[driver-5] [WebotsRobotHandler]: 0.0363111    max: 0.0414338    min: 0.0241785
[driver-5] [WebotsRobotHandler]: 0.0321631    max: 0.0414338    min: 0.0241785
[driver-5] [WebotsRobotHandler]: 0.031487    max: 0.0414338    min: 0.0241785
[driver-5] [WebotsRobotHandler]: 0.0327289    max: 0.0414338    min: 0.0241785
[driver-5] [WebotsRobotHandler]: 0.0334265    max: 0.0414338    min: 0.0241785
[driver-5] [WebotsRobotHandler]: 0.0353327    max: 0.0414338    min: 0.0241785
[driver-5] [WebotsRobotHandler]: 0.0303984    max: 0.0414338    min: 0.0241785
[driver-5] [WebotsRobotHandler]: 0.0329862    max: 0.0414338    min: 0.0241785
[driver-5] [WebotsRobotHandler]: 0.0275221    max: 0.0414338    min: 0.0241785
[driver-5] [WebotsRobotHandler]: 0.0357096    max: 0.0414338    min: 0.0241785
[driver-5] [WebotsRobotHandler]: 0.0328977    max: 0.0414338    min: 0.0241785
[driver-5] [WebotsRobotHandler]: 0.0319548    max: 0.0414338    min: 0.0241785
[driver-5] [WebotsRobotHandler]: 0.0345683    max: 0.0414338    min: 0.0241785
[driver-5] [WebotsRobotHandler]: 0.0337546    max: 0.0414338    min: 0.0241785
[driver-5] [WebotsRobotHandler]: 0.0357952    max: 0.0414338    min: 0.0241785
[driver-5] [WebotsRobotHandler]: 0.0320628    max: 0.0414338    min: 0.0241785
[driver-5] [WebotsRobotHandler]: 0.0318801    max: 0.0414338    min: 0.0241785
[driver-5] [WebotsRobotHandler]: 0.0324817    max: 0.0414338    min: 0.0241785
[driver-5] [WebotsRobotHandler]: 0.0290871    max: 0.0414338    min: 0.0241785
[driver-5] [WebotsRobotHandler]: 0.0315888    max: 0.0414338    min: 0.0241785
[driver-5] [WebotsRobotHandler]: 0.0343258    max: 0.0414338    min: 0.0241785
[driver-5] [WebotsRobotHandler]: 0.0329092    max: 0.0414338    min: 0.0241785
[driver-5] [WebotsRobotHandler]: 0.035332    max: 0.0414338    min: 0.0241785
[driver-5] [WebotsRobotHandler]: 0.0320935    max: 0.0414338    min: 0.0241785
[driver-5] [WebotsRobotHandler]: 0.0316017    max: 0.0414338    min: 0.0241785
[driver-5] [WebotsRobotHandler]: 0.0318766    max: 0.0414338    min: 0.0241785
[driver-5] [WebotsRobotHandler]: 0.0312335    max: 0.0414338    min: 0.0241785
[driver-5] [WebotsRobotHandler]: 0.032701    max: 0.0414338    min: 0.0241785
[driver-5] [WebotsRobotHandler]: 0.0295355    max: 0.0414338    min: 0.0241785
[driver-5] [WebotsRobotHandler]: 0.0316834    max: 0.0414338    min: 0.0241785
[driver-5] [WebotsRobotHandler]: 0.0375366    max: 0.0414338    min: 0.0241785
[driver-5] [WebotsRobotHandler]: 0.0342886    max: 0.0414338    min: 0.0241785
[driver-5] [WebotsRobotHandler]: 0.0308352    max: 0.0414338    min: 0.0241785
[driver-5] [WebotsRobotHandler]: 0.0323088    max: 0.0414338    min: 0.0241785
[driver-5] [WebotsRobotHandler]: 0.0326443    max: 0.0414338    min: 0.0241785
[driver-5] [WebotsRobotHandler]: 0.0296926    max: 0.0414338    min: 0.0241785
[driver-5] [WebotsRobotHandler]: 0.0305927    max: 0.0414338    min: 0.0241785
[driver-5] [WebotsRobotHandler]: 0.0270011    max: 0.0414338    min: 0.0241785
[driver-5] [WebotsRobotHandler]: 0.0389216    max: 0.0414338    min: 0.0241785
[driver-5] [WebotsRobotHandler]: 0.0256641    max: 0.0414338    min: 0.0241785
[driver-5] [WebotsRobotHandler]: 0.0375035    max: 0.0414338    min: 0.0241785
[driver-5] [WebotsRobotHandler]: 0.0335703    max: 0.0414338    min: 0.0241785
[driver-5] [WebotsRobotHandler]: 0.0369143    max: 0.0414338    min: 0.0241785
[driver-5] [WebotsRobotHandler]: 0.0315332    max: 0.0414338    min: 0.0241785
[driver-5] [WebotsRobotHandler]: 0.0318291    max: 0.0414338    min: 0.0241785
[driver-5] [WebotsRobotHandler]: 0.0347598    max: 0.0414338    min: 0.0241785
[driver-5] [WebotsRobotHandler]: 0.024514    max: 0.0414338    min: 0.0241785
[driver-5] [WebotsRobotHandler]: 0.0342762    max: 0.0414338    min: 0.0241785
[driver-5] [WebotsRobotHandler]: 0.0346868    max: 0.0414338    min: 0.0241785
[driver-5] [WebotsRobotHandler]: 0.032557    max: 0.0414338    min: 0.0241785
[driver-5] [WebotsRobotHandler]: 0.0315449    max: 0.0414338    min: 0.0241785
[driver-5] [WebotsRobotHandler]: 0.0377913    max: 0.0414338    min: 0.0241785
[driver-5] [WebotsRobotHandler]: 0.0303309    max: 0.0414338    min: 0.0241785
[driver-5] [WebotsRobotHandler]: 0.0325119    max: 0.0414338    min: 0.0241785
[driver-5] [WebotsRobotHandler]: 0.0318525    max: 0.0414338    min: 0.0241785
[driver-5] [WebotsRobotHandler]: 0.0294356    max: 0.0414338    min: 0.0241785
[driver-5] [WebotsRobotHandler]: 0.0328164    max: 0.0414338    min: 0.0241785
[driver-5] [WebotsRobotHandler]: 0.0336823    max: 0.0414338    min: 0.0241785
[driver-5] [WebotsRobotHandler]: 0.0347123    max: 0.0414338    min: 0.0241785
[driver-5] [WebotsRobotHandler]: 0.0330706    max: 0.0414338    min: 0.0241785
[driver-5] [WebotsRobotHandler]: 0.0319126    max: 0.0414338    min: 0.0241785
[driver-5] [WebotsRobotHandler]: 0.0319748    max: 0.0414338    min: 0.0241785
[driver-5] [WebotsRobotHandler]: 0.0320392    max: 0.0414338    min: 0.0241785
[driver-5] [WebotsRobotHandler]: 0.0320272    max: 0.0414338    min: 0.0241785
[driver-5] [WebotsRobotHandler]: 0.0317039    max: 0.0414338    min: 0.0241785
[driver-5] [WebotsRobotHandler]: 0.0322175    max: 0.0414338    min: 0.0241785
[driver-5] [WebotsRobotHandler]: 0.0322466    max: 0.0414338    min: 0.0241785
[driver-5] [WebotsRobotHandler]: 0.0314252    max: 0.0414338    min: 0.0241785
[driver-5] [WebotsRobotHandler]: 0.0367293    max: 0.0414338    min: 0.0241785
[driver-5] [WebotsRobotHandler]: 0.0319531    max: 0.0414338    min: 0.0241785
[driver-5] [WebotsRobotHandler]: 0.0317113    max: 0.0414338    min: 0.0241785
[driver-5] [WebotsRobotHandler]: 0.0321155    max: 0.0414338    min: 0.0241785
[driver-5] [WebotsRobotHandler]: 0.0321338    max: 0.0414338    min: 0.0241785
[driver-5] [WebotsRobotHandler]: 0.0293705    max: 0.0414338    min: 0.0241785
[driver-5] [WebotsRobotHandler]: 0.0347762    max: 0.0414338    min: 0.0241785
[driver-5] [WebotsRobotHandler]: 0.0355113    max: 0.0414338    min: 0.0241785
[driver-5] [WebotsRobotHandler]: 0.0317051    max: 0.0414338    min: 0.0241785
[driver-5] [WebotsRobotHandler]: 0.031759    max: 0.0414338    min: 0.0241785
[driver-5] [WebotsRobotHandler]: 0.0304134    max: 0.0414338    min: 0.0241785
[driver-5] [WebotsRobotHandler]: 0.0278847    max: 0.0414338    min: 0.0241785
[driver-5] [WebotsRobotHandler]: 0.0309789    max: 0.0414338    min: 0.0241785
[driver-5] [WebotsRobotHandler]: 0.0340614    max: 0.0414338    min: 0.0241785
[driver-5] [WebotsRobotHandler]: 0.0324619    max: 0.0414338    min: 0.0241785
[driver-5] [WebotsRobotHandler]: 0.0345123    max: 0.0414338    min: 0.0241785
[driver-5] [WebotsRobotHandler]: 0.0338037    max: 0.0414338    min: 0.0241785
[driver-5] [WebotsRobotHandler]: 0.0321035    max: 0.0414338    min: 0.0241785
[driver-5] [WebotsRobotHandler]: 0.0322406    max: 0.0414338    min: 0.0241785
[driver-5] [WebotsRobotHandler]: 0.0283141    max: 0.0414338    min: 0.0241785
[driver-5] [WebotsRobotHandler]: 0.0311091    max: 0.0414338    min: 0.0241785
[driver-5] [WebotsRobotHandler]: 0.0340943    max: 0.0414338    min: 0.0241785
[driver-5] [WebotsRobotHandler]: 0.0387235    max: 0.0414338    min: 0.0241785
[driver-5] [WebotsRobotHandler]: 0.0322721    max: 0.0414338    min: 0.0241785
[driver-5] [WebotsRobotHandler]: 0.031425    max: 0.0414338    min: 0.0241785
[driver-5] [WebotsRobotHandler]: 0.0326543    max: 0.0414338    min: 0.0241785
[driver-5] [WebotsRobotHandler]: 0.0291283    max: 0.0414338    min: 0.0241785
[driver-5] [WebotsRobotHandler]: 0.0348172    max: 0.0414338    min: 0.0241785
[driver-5] [WebotsRobotHandler]: 0.0316777    max: 0.0414338    min: 0.0241785
[driver-5] [WebotsRobotHandler]: 0.0324323    max: 0.0414338    min: 0.0241785
[driver-5] [WebotsRobotHandler]: 0.0342219    max: 0.0414338    min: 0.0241785
[driver-5] [WebotsRobotHandler]: 0.033597    max: 0.0414338    min: 0.0241785
[driver-5] [WebotsRobotHandler]: 0.0344186    max: 0.0414338    min: 0.0241785
[driver-5] [WebotsRobotHandler]: 0.0290534    max: 0.0414338    min: 0.0241785
[driver-5] [WebotsRobotHandler]: 0.0323794    max: 0.0414338    min: 0.0241785
[driver-5] [WebotsRobotHandler]: 0.03145    max: 0.0414338    min: 0.0241785
[driver-5] [WebotsRobotHandler]: 0.0325837    max: 0.0414338    min: 0.0241785
[driver-5] [WebotsRobotHandler]: 0.0315177    max: 0.0414338    min: 0.0241785
[driver-5] [WebotsRobotHandler]: 0.0357063    max: 0.0414338    min: 0.0241785
[driver-5] [WebotsRobotHandler]: 0.0323465    max: 0.0414338    min: 0.0241785
[driver-5] [WebotsRobotHandler]: 0.027986    max: 0.0414338    min: 0.0241785
[driver-5] [WebotsRobotHandler]: 0.0345621    max: 0.0414338    min: 0.0241785
[driver-5] [WebotsRobotHandler]: 0.0333087    max: 0.0414338    min: 0.0241785
[driver-5] [WebotsRobotHandler]: 0.0320458    max: 0.0414338    min: 0.0241785
[driver-5] [WebotsRobotHandler]: 0.0320873    max: 0.0414338    min: 0.0241785
[driver-5] [WebotsRobotHandler]: 0.0360181    max: 0.0414338    min: 0.0241785
[driver-5] [WebotsRobotHandler]: 0.032187    max: 0.0414338    min: 0.0241785
[driver-5] [WebotsRobotHandler]: 0.0314128    max: 0.0414338    min: 0.0241785
[driver-5] [WebotsRobotHandler]: 0.0330091    max: 0.0414338    min: 0.0241785
[driver-5] [WebotsRobotHandler]: 0.0312166    max: 0.0414338    min: 0.0241785
[driver-5] [WebotsRobotHandler]: 0.0296884    max: 0.0414338    min: 0.0241785
[driver-5] [WebotsRobotHandler]: 0.0318916    max: 0.0414338    min: 0.0241785
[driver-5] [WebotsRobotHandler]: 0.0349269    max: 0.0414338    min: 0.0241785
[driver-5] [WebotsRobotHandler]: 0.0346768    max: 0.0414338    min: 0.0241785
[driver-5] [WebotsRobotHandler]: 0.0329223    max: 0.0414338    min: 0.0241785
[driver-5] [WebotsRobotHandler]: 0.0322413    max: 0.0414338    min: 0.0241785
[driver-5] [WebotsRobotHandler]: 0.0320404    max: 0.0414338    min: 0.0241785
[driver-5] [WebotsRobotHandler]: 0.0318561    max: 0.0414338    min: 0.0241785
[driver-5] [WebotsRobotHandler]: 0.0306091    max: 0.0414338    min: 0.0241785
[driver-5] [WebotsRobotHandler]: 0.0335171    max: 0.0414338    min: 0.0241785
[driver-5] [WebotsRobotHandler]: 0.0319338    max: 0.0414338    min: 0.0241785
[driver-5] [WebotsRobotHandler]: 0.0323064    max: 0.0414338    min: 0.0241785
[driver-5] [WebotsRobotHandler]: 0.0363567    max: 0.0414338    min: 0.0241785
[driver-5] [WebotsRobotHandler]: 0.0310576    max: 0.0414338    min: 0.0241785
[driver-5] [WebotsRobotHandler]: 0.0289698    max: 0.0414338    min: 0.0241785
[driver-5] [WebotsRobotHandler]: 0.0296671    max: 0.0414338    min: 0.0241785
[driver-5] [WebotsRobotHandler]: 0.0321577    max: 0.0414338    min: 0.0241785
[driver-5] [WebotsRobotHandler]: 0.0358553    max: 0.0414338    min: 0.0241785
[driver-5] [WebotsRobotHandler]: 0.0306141    max: 0.0414338    min: 0.0241785
[driver-5] [WebotsRobotHandler]: 0.0348427    max: 0.0414338    min: 0.0241785
[driver-5] [WebotsRobotHandler]: 0.0329261    max: 0.0414338    min: 0.0241785
[driver-5] [WebotsRobotHandler]: 0.0309196    max: 0.0414338    min: 0.0241785
[driver-5] [WebotsRobotHandler]: 0.0366533    max: 0.0414338    min: 0.0241785
[driver-5] [WebotsRobotHandler]: 0.031435    max: 0.0414338    min: 0.0241785
[driver-5] [WebotsRobotHandler]: 0.0287282    max: 0.0414338    min: 0.0241785
[driver-5] [WebotsRobotHandler]: 0.0355628    max: 0.0414338    min: 0.0241785
[driver-5] [WebotsRobotHandler]: 0.0334342    max: 0.0414338    min: 0.0241785
[driver-5] [WebotsRobotHandler]: 0.0309458    max: 0.0414338    min: 0.0241785
[driver-5] [WebotsRobotHandler]: 0.0313144    max: 0.0414338    min: 0.0241785
[driver-5] [WebotsRobotHandler]: 0.0345511    max: 0.0414338    min: 0.0241785
[driver-5] [WebotsRobotHandler]: 0.0335462    max: 0.0414338    min: 0.0241785
[driver-5] [WebotsRobotHandler]: 0.0285499    max: 0.0414338    min: 0.0241785
[driver-5] [WebotsRobotHandler]: 0.0347135    max: 0.0414338    min: 0.0241785
[driver-5] [WebotsRobotHandler]: 0.034862    max: 0.0414338    min: 0.0241785
[driver-5] [WebotsRobotHandler]: 0.0312774    max: 0.0414338    min: 0.0241785
[driver-5] [WebotsRobotHandler]: 0.0309041    max: 0.0414338    min: 0.0241785
[driver-5] [WebotsRobotHandler]: 0.0320032    max: 0.0414338    min: 0.0241785
[driver-5] [WebotsRobotHandler]: 0.0348239    max: 0.0414338    min: 0.0241785
[driver-5] [WebotsRobotHandler]: 0.0290344    max: 0.0414338    min: 0.0241785
[driver-5] [WebotsRobotHandler]: 0.0358744    max: 0.0414338    min: 0.0241785
[driver-5] [WebotsRobotHandler]: 0.0312362    max: 0.0414338    min: 0.0241785
[driver-5] [WebotsRobotHandler]: 0.0325942    max: 0.0414338    min: 0.0241785
[driver-5] [WebotsRobotHandler]: 0.031316    max: 0.0414338    min: 0.0241785
[driver-5] [WebotsRobotHandler]: 0.0319746    max: 0.0414338    min: 0.0241785
[driver-5] [WebotsRobotHandler]: 0.0325668    max: 0.0414338    min: 0.0241785
[driver-5] [WebotsRobotHandler]: 0.0276654    max: 0.0414338    min: 0.0241785
[driver-5] [WebotsRobotHandler]: 0.0381    max: 0.0414338    min: 0.0241785
[driver-5] [WebotsRobotHandler]: 0.0332417    max: 0.0414338    min: 0.0241785
[driver-5] [WebotsRobotHandler]: 0.0327115    max: 0.0414338    min: 0.0241785
[driver-5] [WebotsRobotHandler]: 0.0316677    max: 0.0414338    min: 0.0241785
[driver-5] [WebotsRobotHandler]: 0.0325472    max: 0.0414338    min: 0.0241785
[driver-5] [WebotsRobotHandler]: 0.0317409    max: 0.0414338    min: 0.0241785
[driver-5] [WebotsRobotHandler]: 0.0294654    max: 0.0414338    min: 0.0241785
[driver-5] [WebotsRobotHandler]: 0.0352275    max: 0.0414338    min: 0.0241785
[driver-5] [WebotsRobotHandler]: 0.032872    max: 0.0414338    min: 0.0241785
[driver-5] [WebotsRobotHandler]: 0.0347383    max: 0.0414338    min: 0.0241785
[driver-5] [WebotsRobotHandler]: 0.0365956    max: 0.0414338    min: 0.0241785
[driver-5] [WebotsRobotHandler]: 0.0311503    max: 0.0414338    min: 0.0241785
[driver-5] [WebotsRobotHandler]: 0.029048    max: 0.0414338    min: 0.0241785
[driver-5] [WebotsRobotHandler]: 0.0326033    max: 0.0414338    min: 0.0241785
[driver-5] [WebotsRobotHandler]: 0.0303416    max: 0.0414338    min: 0.0241785
[driver-5] [WebotsRobotHandler]: 0.0356753    max: 0.0414338    min: 0.0241785
[driver-5] [WebotsRobotHandler]: 0.0326524    max: 0.0414338    min: 0.0241785
[driver-5] [WebotsRobotHandler]: 0.0323267    max: 0.0414338    min: 0.0241785
[driver-5] [WebotsRobotHandler]: 0.0349391    max: 0.0414338    min: 0.0241785
[driver-5] [WebotsRobotHandler]: 0.0287437    max: 0.0414338    min: 0.0241785
[driver-5] [WebotsRobotHandler]: 0.0342689    max: 0.0414338    min: 0.0241785
[driver-5] [WebotsRobotHandler]: 0.0330079    max: 0.0414338    min: 0.0241785
[driver-5] [WebotsRobotHandler]: 0.0501962    max: 0.0501962    min: 0.0241785
[driver-5] [WebotsRobotHandler]: 0.00928283    max: 0.0501962    min: 0.00928283
[driver-5] [WebotsRobotHandler]: 0.0329673    max: 0.0501962    min: 0.00928283
[driver-5] [WebotsRobotHandler]: 0.0358183    max: 0.0501962    min: 0.00928283
[driver-5] [WebotsRobotHandler]: 0.0348794    max: 0.0501962    min: 0.00928283
[driver-5] [WebotsRobotHandler]: 0.0333042    max: 0.0501962    min: 0.00928283
[driver-5] [WebotsRobotHandler]: 0.0323021    max: 0.0501962    min: 0.00928283
[driver-5] [WebotsRobotHandler]: 0.03127    max: 0.0501962    min: 0.00928283
[driver-5] [WebotsRobotHandler]: 0.0327728    max: 0.0501962    min: 0.00928283
[driver-5] [WebotsRobotHandler]: 0.0380723    max: 0.0501962    min: 0.00928283
[driver-5] [WebotsRobotHandler]: 0.0266404    max: 0.0501962    min: 0.00928283
[driver-5] [WebotsRobotHandler]: 0.0283835    max: 0.0501962    min: 0.00928283
[driver-5] [WebotsRobotHandler]: 0.0323126    max: 0.0501962    min: 0.00928283
[driver-5] [WebotsRobotHandler]: 0.0391729    max: 0.0501962    min: 0.00928283
[driver-5] [WebotsRobotHandler]: 0.0318837    max: 0.0501962    min: 0.00928283
[driver-5] [WebotsRobotHandler]: 0.0319207    max: 0.0501962    min: 0.00928283
[driver-5] [WebotsRobotHandler]: 0.0321033    max: 0.0501962    min: 0.00928283
[driver-5] [WebotsRobotHandler]: 0.030076    max: 0.0501962    min: 0.00928283
[driver-5] [WebotsRobotHandler]: 0.0291586    max: 0.0501962    min: 0.00928283
[driver-5] [WebotsRobotHandler]: 0.0356789    max: 0.0501962    min: 0.00928283
[driver-5] [WebotsRobotHandler]: 0.0351822    max: 0.0501962    min: 0.00928283
[driver-5] [WebotsRobotHandler]: 0.0289879    max: 0.0501962    min: 0.00928283
[driver-5] [WebotsRobotHandler]: 0.0346253    max: 0.0501962    min: 0.00928283
[driver-5] [WebotsRobotHandler]: 0.0366325    max: 0.0501962    min: 0.00928283
[driver-5] [WebotsRobotHandler]: 0.0327532    max: 0.0501962    min: 0.00928283
[driver-5] [WebotsRobotHandler]: 0.0241342    max: 0.0501962    min: 0.00928283
[driver-5] [WebotsRobotHandler]: 0.0297923    max: 0.0501962    min: 0.00928283
[driver-5] [WebotsRobotHandler]: 0.0348196    max: 0.0501962    min: 0.00928283
[driver-5] [WebotsRobotHandler]: 0.037462    max: 0.0501962    min: 0.00928283
[driver-5] [WebotsRobotHandler]: 0.0328109    max: 0.0501962    min: 0.00928283
[driver-5] [WebotsRobotHandler]: 0.0354757    max: 0.0501962    min: 0.00928283
[driver-5] [WebotsRobotHandler]: 0.0280154    max: 0.0501962    min: 0.00928283
[driver-5] [WebotsRobotHandler]: 0.0310783    max: 0.0501962    min: 0.00928283
[driver-5] [WebotsRobotHandler]: 0.039248    max: 0.0501962    min: 0.00928283
[driver-5] [WebotsRobotHandler]: 0.0289733    max: 0.0501962    min: 0.00928283
[driver-5] [WebotsRobotHandler]: 0.0325658    max: 0.0501962    min: 0.00928283
[driver-5] [WebotsRobotHandler]: 0.0342762    max: 0.0501962    min: 0.00928283
[driver-5] [WebotsRobotHandler]: 0.026721    max: 0.0501962    min: 0.00928283
[driver-5] [WebotsRobotHandler]: 0.0337362    max: 0.0501962    min: 0.00928283
[driver-5] [WebotsRobotHandler]: 0.0364239    max: 0.0501962    min: 0.00928283
[driver-5] [WebotsRobotHandler]: 0.0329046    max: 0.0501962    min: 0.00928283
[driver-5] [WebotsRobotHandler]: 0.0311821    max: 0.0501962    min: 0.00928283
[driver-5] [WebotsRobotHandler]: 0.0332718    max: 0.0501962    min: 0.00928283
[driver-5] [WebotsRobotHandler]: 0.0285275    max: 0.0501962    min: 0.00928283
[driver-5] [WebotsRobotHandler]: 0.0312681    max: 0.0501962    min: 0.00928283
[driver-5] [WebotsRobotHandler]: 0.0323861    max: 0.0501962    min: 0.00928283
[driver-5] [WebotsRobotHandler]: 0.0384138    max: 0.0501962    min: 0.00928283
[driver-5] [WebotsRobotHandler]: 0.0332987    max: 0.0501962    min: 0.00928283
[driver-5] [WebotsRobotHandler]: 0.0321677    max: 0.0501962    min: 0.00928283
[driver-5] [WebotsRobotHandler]: 0.0314221    max: 0.0501962    min: 0.00928283
[driver-5] [WebotsRobotHandler]: 0.0320001    max: 0.0501962    min: 0.00928283
[driver-5] [WebotsRobotHandler]: 0.0262892    max: 0.0501962    min: 0.00928283
[driver-5] [WebotsRobotHandler]: 0.0316596    max: 0.0501962    min: 0.00928283
[driver-5] [WebotsRobotHandler]: 0.0368307    max: 0.0501962    min: 0.00928283
[driver-5] [WebotsRobotHandler]: 0.0338287    max: 0.0501962    min: 0.00928283
[driver-5] [WebotsRobotHandler]: 0.0350897    max: 0.0501962    min: 0.00928283
[driver-5] [WebotsRobotHandler]: 0.0306516    max: 0.0501962    min: 0.00928283
[driver-5] [WebotsRobotHandler]: 0.0342224    max: 0.0501962    min: 0.00928283
[driver-5] [WebotsRobotHandler]: 0.0276752    max: 0.0501962    min: 0.00928283
[driver-5] [WebotsRobotHandler]: 0.0354304    max: 0.0501962    min: 0.00928283
[driver-5] [WebotsRobotHandler]: 0.0339348    max: 0.0501962    min: 0.00928283
[driver-5] [WebotsRobotHandler]: 0.02584    max: 0.0501962    min: 0.00928283
[driver-5] [WebotsRobotHandler]: 0.0384657    max: 0.0501962    min: 0.00928283
[driver-5] [WebotsRobotHandler]: 0.0347919    max: 0.0501962    min: 0.00928283
[driver-5] [WebotsRobotHandler]: 0.0318758    max: 0.0501962    min: 0.00928283
[driver-5] [WebotsRobotHandler]: 0.031873    max: 0.0501962    min: 0.00928283
[driver-5] [WebotsRobotHandler]: 0.0298486    max: 0.0501962    min: 0.00928283
[driver-5] [WebotsRobotHandler]: 0.033823    max: 0.0501962    min: 0.00928283
[driver-5] [WebotsRobotHandler]: 0.0317616    max: 0.0501962    min: 0.00928283
[driver-5] [WebotsRobotHandler]: 0.0323157    max: 0.0501962    min: 0.00928283
[driver-5] [WebotsRobotHandler]: 0.0391376    max: 0.0501962    min: 0.00928283
[driver-5] [WebotsRobotHandler]: 0.0244172    max: 0.0501962    min: 0.00928283
[driver-5] [WebotsRobotHandler]: 0.0325413    max: 0.0501962    min: 0.00928283
[driver-5] [WebotsRobotHandler]: 0.0367703    max: 0.0501962    min: 0.00928283
[driver-5] [WebotsRobotHandler]: 0.0300667    max: 0.0501962    min: 0.00928283
[driver-5] [WebotsRobotHandler]: 0.0335243    max: 0.0501962    min: 0.00928283
[driver-5] [WebotsRobotHandler]: 0.0284302    max: 0.0501962    min: 0.00928283
[driver-5] [WebotsRobotHandler]: 0.0364695    max: 0.0501962    min: 0.00928283
[driver-5] [WebotsRobotHandler]: 0.0337148    max: 0.0501962    min: 0.00928283
[driver-5] [WebotsRobotHandler]: 0.0327222    max: 0.0501962    min: 0.00928283
[driver-5] [WebotsRobotHandler]: 0.0323927    max: 0.0501962    min: 0.00928283
[driver-5] [WebotsRobotHandler]: 0.0271134    max: 0.0501962    min: 0.00928283
[driver-5] [WebotsRobotHandler]: 0.0324631    max: 0.0501962    min: 0.00928283
[driver-5] [WebotsRobotHandler]: 0.0305212    max: 0.0501962    min: 0.00928283
[driver-5] [WebotsRobotHandler]: 0.0321405    max: 0.0501962    min: 0.00928283
[driver-5] [WebotsRobotHandler]: 0.0314372    max: 0.0501962    min: 0.00928283
[driver-5] [WebotsRobotHandler]: 0.0317905    max: 0.0501962    min: 0.00928283
[driver-5] [WebotsRobotHandler]: 0.0383449    max: 0.0501962    min: 0.00928283
[driver-5] [WebotsRobotHandler]: 0.0303657    max: 0.0501962    min: 0.00928283
[driver-5] [WebotsRobotHandler]: 0.0326889    max: 0.0501962    min: 0.00928283
[driver-5] [WebotsRobotHandler]: 0.0307958    max: 0.0501962    min: 0.00928283
[driver-5] [WebotsRobotHandler]: 0.0293379    max: 0.0501962    min: 0.00928283
[driver-5] [WebotsRobotHandler]: 0.0313318    max: 0.0501962    min: 0.00928283
[driver-5] [WebotsRobotHandler]: 0.0328619    max: 0.0501962    min: 0.00928283
[driver-5] [WebotsRobotHandler]: 0.0380521    max: 0.0501962    min: 0.00928283
[driver-5] [WebotsRobotHandler]: 0.0310416    max: 0.0501962    min: 0.00928283
[driver-5] [WebotsRobotHandler]: 0.0348344    max: 0.0501962    min: 0.00928283
[driver-5] [WebotsRobotHandler]: 0.0330181    max: 0.0501962    min: 0.00928283
[driver-5] [WebotsRobotHandler]: 0.0325284    max: 0.0501962    min: 0.00928283
[driver-5] [WebotsRobotHandler]: 0.0314589    max: 0.0501962    min: 0.00928283
[driver-5] [WebotsRobotHandler]: 0.0325637    max: 0.0501962    min: 0.00928283
[driver-5] [WebotsRobotHandler]: 0.0277405    max: 0.0501962    min: 0.00928283
[driver-5] [WebotsRobotHandler]: 0.0354633    max: 0.0501962    min: 0.00928283
[INFO] [driver-5]: process has finished cleanly [pid 44711]
[INFO] [webots-4]: process has finished cleanly [pid 44709]
[INFO] [walking_pattern_generator-6]: sending signal 'SIGINT' to process[walking_pattern_generator-6]
[INFO] [walking_stabilization_controller-3]: sending signal 'SIGINT' to process[walking_stabilization_controller-3]
[INFO] [ik_srv-2]: sending signal 'SIGINT' to process[ik_srv-2]
[INFO] [fk_srv-1]: sending signal 'SIGINT' to process[fk_srv-1]
[walking_pattern_generator-6] [INFO] [1681191809.006909668] [rclcpp]: signal_handler(signum=2)
[walking_stabilization_controller-3] [INFO] [1681191809.007555347] [rclcpp]: signal_handler(signum=2)
[ik_srv-2] [INFO] [1681191809.008237366] [rclcpp]: signal_handler(signum=2)
[fk_srv-1] [INFO] [1681191809.009146013] [rclcpp]: signal_handler(signum=2)
[INFO] [walking_pattern_generator-6]: process has finished cleanly [pid 44714]
[INFO] [walking_stabilization_controller-3]: process has finished cleanly [pid 44707]
[INFO] [ik_srv-2]: process has finished cleanly [pid 44705]
[INFO] [fk_srv-1]: process has finished cleanly [pid 44703]
