[INFO] [launch]: All log files can be found below /home/xubu22/.ros/log/2023-04-11-13-01-54-523831-xubu22-Prestige-15-A10SC-26323
[INFO] [launch]: Default logging verbosity is set to INFO
WARNING: No valid Webots directory specified in `ROS2_WEBOTS_HOME` and `WEBOTS_HOME`, fallback to default installation folder /usr/local/webots.
[INFO] [fk_srv-1]: process started with pid [26324]
[INFO] [ik_srv-2]: process started with pid [26326]
[INFO] [walking_stabilization_controller-3]: process started with pid [26328]
[INFO] [webots-4]: process started with pid [26330]
[INFO] [driver-5]: process started with pid [26332]
[INFO] [walking_pattern_generator-6]: process started with pid [26334]
[driver-5] Cannot connect to Webots instance on socket "/tmp/webots-1234/ipc/ROBOTIS_OP2/extern", retrying for another 50 seconds...
[walking_stabilization_controller-3] [WalkingStabilizationController]: 0.0317068    max: 0.0317068    min: 0.0317068
[walking_stabilization_controller-3] [WalkingStabilizationController]: 0.0320404    max: 0.0320404    min: 0.0317068
[walking_stabilization_controller-3] [WalkingStabilizationController]: 0.0268025    max: 0.0320404    min: 0.0268025
[walking_stabilization_controller-3] [WalkingStabilizationController]: 0.0356402    max: 0.0356402    min: 0.0268025
[walking_stabilization_controller-3] [WalkingStabilizationController]: 0.0296082    max: 0.0356402    min: 0.0268025
[walking_stabilization_controller-3] [WalkingStabilizationController]: 0.0302191    max: 0.0356402    min: 0.0268025
[walking_stabilization_controller-3] [WalkingStabilizationController]: 0.0377083    max: 0.0377083    min: 0.0268025
[walking_stabilization_controller-3] [WalkingStabilizationController]: 0.0319335    max: 0.0377083    min: 0.0268025
[walking_stabilization_controller-3] [WalkingStabilizationController]: 0.0325463    max: 0.0377083    min: 0.0268025
[walking_stabilization_controller-3] [WalkingStabilizationController]: 0.034034    max: 0.0377083    min: 0.0268025
[walking_stabilization_controller-3] [WalkingStabilizationController]: 0.0318005    max: 0.0377083    min: 0.0268025
[walking_stabilization_controller-3] [WalkingStabilizationController]: 0.032182    max: 0.0377083    min: 0.0268025
[walking_stabilization_controller-3] [WalkingStabilizationController]: 0.0357974    max: 0.0377083    min: 0.0268025
[walking_stabilization_controller-3] [WalkingStabilizationController]: 0.0321984    max: 0.0377083    min: 0.0268025
[walking_stabilization_controller-3] [WalkingStabilizationController]: 0.032155    max: 0.0377083    min: 0.0268025
[walking_stabilization_controller-3] [WalkingStabilizationController]: 0.0307152    max: 0.0377083    min: 0.0268025
[walking_stabilization_controller-3] [WalkingStabilizationController]: 0.0307941    max: 0.0377083    min: 0.0268025
[walking_stabilization_controller-3] [WalkingStabilizationController]: 0.0325406    max: 0.0377083    min: 0.0268025
[walking_stabilization_controller-3] [WalkingStabilizationController]: 0.0311415    max: 0.0377083    min: 0.0268025
[walking_stabilization_controller-3] [WalkingStabilizationController]: 0.0309975    max: 0.0377083    min: 0.0268025
[walking_stabilization_controller-3] [WalkingStabilizationController]: 0.0264471    max: 0.0377083    min: 0.0264471
[walking_stabilization_controller-3] [WalkingStabilizationController]: 0.0410845    max: 0.0410845    min: 0.0264471
[walking_stabilization_controller-3] [WalkingStabilizationController]: 0.0325289    max: 0.0410845    min: 0.0264471
[walking_stabilization_controller-3] [WalkingStabilizationController]: 0.0320659    max: 0.0410845    min: 0.0264471
[walking_stabilization_controller-3] [WalkingStabilizationController]: 0.0280366    max: 0.0410845    min: 0.0264471
[walking_stabilization_controller-3] [WalkingStabilizationController]: 0.0301478    max: 0.0410845    min: 0.0264471
[walking_stabilization_controller-3] [WalkingStabilizationController]: 0.0372667    max: 0.0410845    min: 0.0264471
[walking_stabilization_controller-3] [WalkingStabilizationController]: 0.0328579    max: 0.0410845    min: 0.0264471
[walking_stabilization_controller-3] [WalkingStabilizationController]: 0.0318456    max: 0.0410845    min: 0.0264471
[walking_stabilization_controller-3] [WalkingStabilizationController]: 0.0327144    max: 0.0410845    min: 0.0264471
[walking_stabilization_controller-3] [WalkingStabilizationController]: 0.0355065    max: 0.0410845    min: 0.0264471
[walking_stabilization_controller-3] [WalkingStabilizationController]: 0.0320528    max: 0.0410845    min: 0.0264471
[walking_stabilization_controller-3] [WalkingStabilizationController]: 0.0332158    max: 0.0410845    min: 0.0264471
[walking_stabilization_controller-3] [WalkingStabilizationController]: 0.0313823    max: 0.0410845    min: 0.0264471
[walking_stabilization_controller-3] [WalkingStabilizationController]: 0.032608    max: 0.0410845    min: 0.0264471
[walking_stabilization_controller-3] [WalkingStabilizationController]: 0.0279751    max: 0.0410845    min: 0.0264471
[walking_stabilization_controller-3] [WalkingStabilizationController]: 0.0303242    max: 0.0410845    min: 0.0264471
[walking_stabilization_controller-3] [WalkingStabilizationController]: 0.0415578    max: 0.0415578    min: 0.0264471
[walking_stabilization_controller-3] [WalkingStabilizationController]: 0.0321214    max: 0.0415578    min: 0.0264471
[walking_stabilization_controller-3] [WalkingStabilizationController]: 0.0327005    max: 0.0415578    min: 0.0264471
[walking_stabilization_controller-3] [WalkingStabilizationController]: 0.0316966    max: 0.0415578    min: 0.0264471
[walking_stabilization_controller-3] [WalkingStabilizationController]: 0.0317681    max: 0.0415578    min: 0.0264471
[walking_stabilization_controller-3] [WalkingStabilizationController]: 0.0315361    max: 0.0415578    min: 0.0264471
[walking_stabilization_controller-3] [WalkingStabilizationController]: 0.0269365    max: 0.0415578    min: 0.0264471
[walking_stabilization_controller-3] [WalkingStabilizationController]: 0.0309768    max: 0.0415578    min: 0.0264471
[walking_stabilization_controller-3] [WalkingStabilizationController]: 0.0344484    max: 0.0415578    min: 0.0264471
[walking_stabilization_controller-3] [WalkingStabilizationController]: 0.0325432    max: 0.0415578    min: 0.0264471
[walking_stabilization_controller-3] [WalkingStabilizationController]: 0.0394411    max: 0.0415578    min: 0.0264471
[walking_stabilization_controller-3] [WalkingStabilizationController]: 0.0317059    max: 0.0415578    min: 0.0264471
[walking_stabilization_controller-3] [WalkingStabilizationController]: 0.0328443    max: 0.0415578    min: 0.0264471
[walking_stabilization_controller-3] [WalkingStabilizationController]: 0.0308354    max: 0.0415578    min: 0.0264471
[walking_stabilization_controller-3] [WalkingStabilizationController]: 0.0310688    max: 0.0415578    min: 0.0264471
[walking_stabilization_controller-3] [WalkingStabilizationController]: 0.0295341    max: 0.0415578    min: 0.0264471
[walking_stabilization_controller-3] [WalkingStabilizationController]: 0.0399859    max: 0.0415578    min: 0.0264471
[walking_stabilization_controller-3] [WalkingStabilizationController]: 0.0314844    max: 0.0415578    min: 0.0264471
[walking_stabilization_controller-3] [WalkingStabilizationController]: 0.0276399    max: 0.0415578    min: 0.0264471
[walking_stabilization_controller-3] [WalkingStabilizationController]: 0.0302846    max: 0.0415578    min: 0.0264471
[walking_stabilization_controller-3] [WalkingStabilizationController]: 0.0349271    max: 0.0415578    min: 0.0264471
[walking_stabilization_controller-3] [WalkingStabilizationController]: 0.033448    max: 0.0415578    min: 0.0264471
[walking_stabilization_controller-3] [WalkingStabilizationController]: 0.0341003    max: 0.0415578    min: 0.0264471
[walking_stabilization_controller-3] [WalkingStabilizationController]: 0.0335443    max: 0.0415578    min: 0.0264471
[walking_stabilization_controller-3] [WalkingStabilizationController]: 0.0334525    max: 0.0415578    min: 0.0264471
[walking_stabilization_controller-3] [WalkingStabilizationController]: 0.0319743    max: 0.0415578    min: 0.0264471
[walking_stabilization_controller-3] [WalkingStabilizationController]: 0.0279911    max: 0.0415578    min: 0.0264471
[walking_stabilization_controller-3] [WalkingStabilizationController]: 0.0303352    max: 0.0415578    min: 0.0264471
[walking_stabilization_controller-3] [WalkingStabilizationController]: 0.0362053    max: 0.0415578    min: 0.0264471
[walking_stabilization_controller-3] [WalkingStabilizationController]: 0.0334055    max: 0.0415578    min: 0.0264471
[walking_stabilization_controller-3] [WalkingStabilizationController]: 0.0308585    max: 0.0415578    min: 0.0264471
[walking_stabilization_controller-3] [WalkingStabilizationController]: 0.0258415    max: 0.0415578    min: 0.0258415
[walking_stabilization_controller-3] [WalkingStabilizationController]: 0.0433075    max: 0.0433075    min: 0.0258415
[walking_stabilization_controller-3] [WalkingStabilizationController]: 0.0327652    max: 0.0433075    min: 0.0258415
[walking_stabilization_controller-3] [WalkingStabilizationController]: 0.0320921    max: 0.0433075    min: 0.0258415
[walking_stabilization_controller-3] [WalkingStabilizationController]: 0.0318561    max: 0.0433075    min: 0.0258415
[walking_stabilization_controller-3] [WalkingStabilizationController]: 0.0302091    max: 0.0433075    min: 0.0258415
[walking_stabilization_controller-3] [WalkingStabilizationController]: 0.0339026    max: 0.0433075    min: 0.0258415
[walking_stabilization_controller-3] [WalkingStabilizationController]: 0.0319746    max: 0.0433075    min: 0.0258415
[walking_stabilization_controller-3] [WalkingStabilizationController]: 0.0255058    max: 0.0433075    min: 0.0255058
[walking_stabilization_controller-3] [WalkingStabilizationController]: 0.0354486    max: 0.0433075    min: 0.0255058
[walking_stabilization_controller-3] [WalkingStabilizationController]: 0.0381434    max: 0.0433075    min: 0.0255058
[walking_stabilization_controller-3] [WalkingStabilizationController]: 0.0321381    max: 0.0433075    min: 0.0255058
[walking_stabilization_controller-3] [WalkingStabilizationController]: 0.0327117    max: 0.0433075    min: 0.0255058
[walking_stabilization_controller-3] [WalkingStabilizationController]: 0.0316629    max: 0.0433075    min: 0.0255058
[walking_stabilization_controller-3] [WalkingStabilizationController]: 0.0318978    max: 0.0433075    min: 0.0255058
[walking_stabilization_controller-3] [WalkingStabilizationController]: 0.0262754    max: 0.0433075    min: 0.0255058
[walking_stabilization_controller-3] [WalkingStabilizationController]: 0.0311458    max: 0.0433075    min: 0.0255058
[walking_stabilization_controller-3] [WalkingStabilizationController]: 0.0344236    max: 0.0433075    min: 0.0255058
[walking_stabilization_controller-3] [WalkingStabilizationController]: 0.041136    max: 0.0433075    min: 0.0255058
[walking_stabilization_controller-3] [WalkingStabilizationController]: 0.0323503    max: 0.0433075    min: 0.0255058
[walking_stabilization_controller-3] [WalkingStabilizationController]: 0.0329571    max: 0.0433075    min: 0.0255058
[walking_stabilization_controller-3] [WalkingStabilizationController]: 0.0331957    max: 0.0433075    min: 0.0255058
[walking_stabilization_controller-3] [WalkingStabilizationController]: 0.0247898    max: 0.0433075    min: 0.0247898
[walking_stabilization_controller-3] [WalkingStabilizationController]: 0.0338767    max: 0.0433075    min: 0.0247898
[walking_stabilization_controller-3] [WalkingStabilizationController]: 0.0332642    max: 0.0433075    min: 0.0247898
[walking_stabilization_controller-3] [WalkingStabilizationController]: 0.031841    max: 0.0433075    min: 0.0247898
[walking_stabilization_controller-3] [WalkingStabilizationController]: 0.0321295    max: 0.0433075    min: 0.0247898
[walking_stabilization_controller-3] [WalkingStabilizationController]: 0.0326855    max: 0.0433075    min: 0.0247898
[walking_stabilization_controller-3] [WalkingStabilizationController]: 0.0349665    max: 0.0433075    min: 0.0247898
[walking_stabilization_controller-3] [WalkingStabilizationController]: 0.032835    max: 0.0433075    min: 0.0247898
[walking_stabilization_controller-3] [WalkingStabilizationController]: 0.031951    max: 0.0433075    min: 0.0247898
[walking_stabilization_controller-3] [WalkingStabilizationController]: 0.0307527    max: 0.0433075    min: 0.0247898
[walking_stabilization_controller-3] [WalkingStabilizationController]: 0.0295441    max: 0.0433075    min: 0.0247898
[walking_stabilization_controller-3] [WalkingStabilizationController]: 0.028244    max: 0.0433075    min: 0.0247898
[walking_stabilization_controller-3] [WalkingStabilizationController]: 0.0418346    max: 0.0433075    min: 0.0247898
[walking_stabilization_controller-3] [WalkingStabilizationController]: 0.0345755    max: 0.0433075    min: 0.0247898
[walking_stabilization_controller-3] [WalkingStabilizationController]: 0.0311742    max: 0.0433075    min: 0.0247898
[walking_stabilization_controller-3] [WalkingStabilizationController]: 0.0321939    max: 0.0433075    min: 0.0247898
[walking_stabilization_controller-3] [WalkingStabilizationController]: 0.0359695    max: 0.0433075    min: 0.0247898
[walking_stabilization_controller-3] [WalkingStabilizationController]: 0.0326722    max: 0.0433075    min: 0.0247898
[walking_stabilization_controller-3] [WalkingStabilizationController]: 0.0292234    max: 0.0433075    min: 0.0247898
[walking_stabilization_controller-3] [WalkingStabilizationController]: 0.0304706    max: 0.0433075    min: 0.0247898
[walking_stabilization_controller-3] [WalkingStabilizationController]: 0.0315251    max: 0.0433075    min: 0.0247898
[walking_stabilization_controller-3] [WalkingStabilizationController]: 0.0280976    max: 0.0433075    min: 0.0247898
[walking_stabilization_controller-3] [WalkingStabilizationController]: 0.0360749    max: 0.0433075    min: 0.0247898
[walking_stabilization_controller-3] [WalkingStabilizationController]: 0.0333927    max: 0.0433075    min: 0.0247898
[walking_stabilization_controller-3] [WalkingStabilizationController]: 0.0308204    max: 0.0433075    min: 0.0247898
[walking_stabilization_controller-3] [WalkingStabilizationController]: 0.032038    max: 0.0433075    min: 0.0247898
[walking_stabilization_controller-3] [WalkingStabilizationController]: 0.0286877    max: 0.0433075    min: 0.0247898
[walking_stabilization_controller-3] [WalkingStabilizationController]: 0.031462    max: 0.0433075    min: 0.0247898
[walking_stabilization_controller-3] [WalkingStabilizationController]: 0.0391963    max: 0.0433075    min: 0.0247898
[walking_stabilization_controller-3] [WalkingStabilizationController]: 0.0336597    max: 0.0433075    min: 0.0247898
[walking_stabilization_controller-3] [WalkingStabilizationController]: 0.0318487    max: 0.0433075    min: 0.0247898
[walking_stabilization_controller-3] [WalkingStabilizationController]: 0.0310464    max: 0.0433075    min: 0.0247898
[walking_stabilization_controller-3] [WalkingStabilizationController]: 0.0318978    max: 0.0433075    min: 0.0247898
[walking_stabilization_controller-3] [WalkingStabilizationController]: 0.0379429    max: 0.0433075    min: 0.0247898
[walking_stabilization_controller-3] [WalkingStabilizationController]: 0.0231047    max: 0.0433075    min: 0.0231047
[walking_stabilization_controller-3] [WalkingStabilizationController]: 0.0332122    max: 0.0433075    min: 0.0231047
[walking_stabilization_controller-3] [WalkingStabilizationController]: 0.0367663    max: 0.0433075    min: 0.0231047
[walking_stabilization_controller-3] [WalkingStabilizationController]: 0.030081    max: 0.0433075    min: 0.0231047
[walking_stabilization_controller-3] [WalkingStabilizationController]: 0.0351713    max: 0.0433075    min: 0.0231047
[walking_stabilization_controller-3] [WalkingStabilizationController]: 0.0314629    max: 0.0433075    min: 0.0231047
[walking_stabilization_controller-3] [WalkingStabilizationController]: 0.031534    max: 0.0433075    min: 0.0231047
[walking_stabilization_controller-3] [WalkingStabilizationController]: 0.032161    max: 0.0433075    min: 0.0231047
[walking_stabilization_controller-3] [WalkingStabilizationController]: 0.0297489    max: 0.0433075    min: 0.0231047
[walking_stabilization_controller-3] [WalkingStabilizationController]: 0.0382082    max: 0.0433075    min: 0.0231047
[walking_stabilization_controller-3] [WalkingStabilizationController]: 0.0339603    max: 0.0433075    min: 0.0231047
[walking_stabilization_controller-3] [WalkingStabilizationController]: 0.030916    max: 0.0433075    min: 0.0231047
[walking_stabilization_controller-3] [WalkingStabilizationController]: 0.0320611    max: 0.0433075    min: 0.0231047
[walking_stabilization_controller-3] [WalkingStabilizationController]: 0.0293577    max: 0.0433075    min: 0.0231047
[walking_stabilization_controller-3] [WalkingStabilizationController]: 0.029022    max: 0.0433075    min: 0.0231047
[walking_stabilization_controller-3] [WalkingStabilizationController]: 0.0395749    max: 0.0433075    min: 0.0231047
[walking_stabilization_controller-3] [WalkingStabilizationController]: 0.0345218    max: 0.0433075    min: 0.0231047
[walking_stabilization_controller-3] [WalkingStabilizationController]: 0.0350018    max: 0.0433075    min: 0.0231047
[walking_stabilization_controller-3] [WalkingStabilizationController]: 0.0322304    max: 0.0433075    min: 0.0231047
[walking_stabilization_controller-3] [WalkingStabilizationController]: 0.0315676    max: 0.0433075    min: 0.0231047
[walking_stabilization_controller-3] [WalkingStabilizationController]: 0.0333855    max: 0.0433075    min: 0.0231047
[walking_stabilization_controller-3] [WalkingStabilizationController]: 0.0289588    max: 0.0433075    min: 0.0231047
[walking_stabilization_controller-3] [WalkingStabilizationController]: 0.0342412    max: 0.0433075    min: 0.0231047
[walking_stabilization_controller-3] [WalkingStabilizationController]: 0.0323534    max: 0.0433075    min: 0.0231047
[walking_stabilization_controller-3] [WalkingStabilizationController]: 0.0258188    max: 0.0433075    min: 0.0231047
[walking_stabilization_controller-3] [WalkingStabilizationController]: 0.0421932    max: 0.0433075    min: 0.0231047
[walking_stabilization_controller-3] [WalkingStabilizationController]: 0.0317192    max: 0.0433075    min: 0.0231047
[walking_stabilization_controller-3] [WalkingStabilizationController]: 0.0284212    max: 0.0433075    min: 0.0231047
[walking_stabilization_controller-3] [WalkingStabilizationController]: 0.0331473    max: 0.0433075    min: 0.0231047
[walking_stabilization_controller-3] [WalkingStabilizationController]: 0.0319526    max: 0.0433075    min: 0.0231047
[walking_stabilization_controller-3] [WalkingStabilizationController]: 0.0335896    max: 0.0433075    min: 0.0231047
[walking_stabilization_controller-3] [WalkingStabilizationController]: 0.0282202    max: 0.0433075    min: 0.0231047
[walking_stabilization_controller-3] [WalkingStabilizationController]: 0.0333869    max: 0.0433075    min: 0.0231047
[walking_stabilization_controller-3] [WalkingStabilizationController]: 0.039777    max: 0.0433075    min: 0.0231047
[walking_stabilization_controller-3] [WalkingStabilizationController]: 0.0312009    max: 0.0433075    min: 0.0231047
[walking_stabilization_controller-3] [WalkingStabilizationController]: 0.03214    max: 0.0433075    min: 0.0231047
[walking_stabilization_controller-3] [WalkingStabilizationController]: 0.0323298    max: 0.0433075    min: 0.0231047
[walking_stabilization_controller-3] [WalkingStabilizationController]: 0.0308318    max: 0.0433075    min: 0.0231047
[walking_stabilization_controller-3] [WalkingStabilizationController]: 0.0319304    max: 0.0433075    min: 0.0231047
[walking_stabilization_controller-3] [WalkingStabilizationController]: 0.034348    max: 0.0433075    min: 0.0231047
[walking_stabilization_controller-3] [WalkingStabilizationController]: 0.0239804    max: 0.0433075    min: 0.0231047
[walking_stabilization_controller-3] [WalkingStabilizationController]: 0.0417228    max: 0.0433075    min: 0.0231047
[walking_stabilization_controller-3] [WalkingStabilizationController]: 0.0323453    max: 0.0433075    min: 0.0231047
[walking_stabilization_controller-3] [WalkingStabilizationController]: 0.0316491    max: 0.0433075    min: 0.0231047
[walking_stabilization_controller-3] [WalkingStabilizationController]: 0.0320902    max: 0.0433075    min: 0.0231047
[walking_stabilization_controller-3] [WalkingStabilizationController]: 0.0318913    max: 0.0433075    min: 0.0231047
[walking_stabilization_controller-3] [WalkingStabilizationController]: 0.0302186    max: 0.0433075    min: 0.0231047
[walking_stabilization_controller-3] [WalkingStabilizationController]: 0.0340908    max: 0.0433075    min: 0.0231047
[walking_stabilization_controller-3] [WalkingStabilizationController]: 0.0282702    max: 0.0433075    min: 0.0231047
[walking_stabilization_controller-3] [WalkingStabilizationController]: 0.0357463    max: 0.0433075    min: 0.0231047
[walking_stabilization_controller-3] [WalkingStabilizationController]: 0.0363832    max: 0.0433075    min: 0.0231047
[walking_stabilization_controller-3] [WalkingStabilizationController]: 0.0360892    max: 0.0433075    min: 0.0231047
[walking_stabilization_controller-3] [WalkingStabilizationController]: 0.0317242    max: 0.0433075    min: 0.0231047
[walking_stabilization_controller-3] [WalkingStabilizationController]: 0.0318501    max: 0.0433075    min: 0.0231047
[walking_stabilization_controller-3] [WalkingStabilizationController]: 0.0330951    max: 0.0433075    min: 0.0231047
[walking_stabilization_controller-3] [WalkingStabilizationController]: 0.0291903    max: 0.0433075    min: 0.0231047
[walking_stabilization_controller-3] [WalkingStabilizationController]: 0.0243063    max: 0.0433075    min: 0.0231047
[walking_stabilization_controller-3] [WalkingStabilizationController]: 0.0301995    max: 0.0433075    min: 0.0231047
[walking_stabilization_controller-3] [WalkingStabilizationController]: 0.0403295    max: 0.0433075    min: 0.0231047
[walking_stabilization_controller-3] [WalkingStabilizationController]: 0.0312521    max: 0.0433075    min: 0.0231047
[walking_stabilization_controller-3] [WalkingStabilizationController]: 0.0287259    max: 0.0433075    min: 0.0231047
[walking_stabilization_controller-3] [WalkingStabilizationController]: 0.0319848    max: 0.0433075    min: 0.0231047
[walking_stabilization_controller-3] [WalkingStabilizationController]: 0.0396235    max: 0.0433075    min: 0.0231047
[walking_stabilization_controller-3] [WalkingStabilizationController]: 0.0310431    max: 0.0433075    min: 0.0231047
[walking_stabilization_controller-3] [WalkingStabilizationController]: 0.0302646    max: 0.0433075    min: 0.0231047
[walking_stabilization_controller-3] [WalkingStabilizationController]: 0.0345459    max: 0.0433075    min: 0.0231047
[walking_stabilization_controller-3] [WalkingStabilizationController]: 0.0318964    max: 0.0433075    min: 0.0231047
[walking_stabilization_controller-3] [WalkingStabilizationController]: 0.0317142    max: 0.0433075    min: 0.0231047
[walking_stabilization_controller-3] [WalkingStabilizationController]: 0.0256529    max: 0.0433075    min: 0.0231047
[walking_stabilization_controller-3] [WalkingStabilizationController]: 0.035938    max: 0.0433075    min: 0.0231047
[walking_stabilization_controller-3] [WalkingStabilizationController]: 0.0388482    max: 0.0433075    min: 0.0231047
[walking_stabilization_controller-3] [WalkingStabilizationController]: 0.0279534    max: 0.0433075    min: 0.0231047
[walking_stabilization_controller-3] [WalkingStabilizationController]: 0.0290031    max: 0.0433075    min: 0.0231047
[walking_stabilization_controller-3] [WalkingStabilizationController]: 0.0322514    max: 0.0433075    min: 0.0231047
[walking_stabilization_controller-3] [WalkingStabilizationController]: 0.0347834    max: 0.0433075    min: 0.0231047
[walking_stabilization_controller-3] [WalkingStabilizationController]: 0.0344293    max: 0.0433075    min: 0.0231047
[walking_stabilization_controller-3] [WalkingStabilizationController]: 0.0328424    max: 0.0433075    min: 0.0231047
[walking_stabilization_controller-3] [WalkingStabilizationController]: 0.0317516    max: 0.0433075    min: 0.0231047
[walking_stabilization_controller-3] [WalkingStabilizationController]: 0.0304596    max: 0.0433075    min: 0.0231047
[walking_stabilization_controller-3] [WalkingStabilizationController]: 0.0303755    max: 0.0433075    min: 0.0231047
[walking_stabilization_controller-3] [WalkingStabilizationController]: 0.0345566    max: 0.0433075    min: 0.0231047
[walking_stabilization_controller-3] [WalkingStabilizationController]: 0.0360005    max: 0.0433075    min: 0.0231047
[walking_stabilization_controller-3] [WalkingStabilizationController]: 0.0321362    max: 0.0433075    min: 0.0231047
[walking_stabilization_controller-3] [WalkingStabilizationController]: 0.0324261    max: 0.0433075    min: 0.0231047
[walking_stabilization_controller-3] [WalkingStabilizationController]: 0.0321786    max: 0.0433075    min: 0.0231047
[walking_stabilization_controller-3] [WalkingStabilizationController]: 0.0323961    max: 0.0433075    min: 0.0231047
[walking_stabilization_controller-3] [WalkingStabilizationController]: 0.0338931    max: 0.0433075    min: 0.0231047
[walking_stabilization_controller-3] [WalkingStabilizationController]: 0.0349486    max: 0.0433075    min: 0.0231047
[walking_stabilization_controller-3] [WalkingStabilizationController]: 0.0249002    max: 0.0433075    min: 0.0231047
[walking_stabilization_controller-3] [WalkingStabilizationController]: 0.0316665    max: 0.0433075    min: 0.0231047
[walking_stabilization_controller-3] [WalkingStabilizationController]: 0.0355222    max: 0.0433075    min: 0.0231047
[walking_stabilization_controller-3] [WalkingStabilizationController]: 0.0352912    max: 0.0433075    min: 0.0231047
[walking_stabilization_controller-3] [WalkingStabilizationController]: 0.0316293    max: 0.0433075    min: 0.0231047
[walking_stabilization_controller-3] [WalkingStabilizationController]: 0.0326319    max: 0.0433075    min: 0.0231047
[walking_stabilization_controller-3] [WalkingStabilizationController]: 0.0362604    max: 0.0433075    min: 0.0231047
[walking_stabilization_controller-3] [WalkingStabilizationController]: 0.0319858    max: 0.0433075    min: 0.0231047
[walking_stabilization_controller-3] [WalkingStabilizationController]: 0.0312753    max: 0.0433075    min: 0.0231047
[walking_stabilization_controller-3] [WalkingStabilizationController]: 0.0296574    max: 0.0433075    min: 0.0231047
[walking_stabilization_controller-3] [WalkingStabilizationController]: 0.0308931    max: 0.0433075    min: 0.0231047
[walking_stabilization_controller-3] [WalkingStabilizationController]: 0.0317466    max: 0.0433075    min: 0.0231047
[walking_stabilization_controller-3] [WalkingStabilizationController]: 0.0276794    max: 0.0433075    min: 0.0231047
[walking_stabilization_controller-3] [WalkingStabilizationController]: 0.0320818    max: 0.0433075    min: 0.0231047
[walking_stabilization_controller-3] [WalkingStabilizationController]: 0.0392451    max: 0.0433075    min: 0.0231047
[walking_stabilization_controller-3] [WalkingStabilizationController]: 0.0341699    max: 0.0433075    min: 0.0231047
[walking_stabilization_controller-3] [WalkingStabilizationController]: 0.0267978    max: 0.0433075    min: 0.0231047
[walking_stabilization_controller-3] [WalkingStabilizationController]: 0.0331893    max: 0.0433075    min: 0.0231047
[walking_stabilization_controller-3] [WalkingStabilizationController]: 0.0367327    max: 0.0433075    min: 0.0231047
[walking_stabilization_controller-3] [WalkingStabilizationController]: 0.0335972    max: 0.0433075    min: 0.0231047
[walking_stabilization_controller-3] [WalkingStabilizationController]: 0.0283873    max: 0.0433075    min: 0.0231047
[walking_stabilization_controller-3] [WalkingStabilizationController]: 0.0297678    max: 0.0433075    min: 0.0231047
[walking_stabilization_controller-3] [WalkingStabilizationController]: 0.0376229    max: 0.0433075    min: 0.0231047
[walking_stabilization_controller-3] [WalkingStabilizationController]: 0.0325809    max: 0.0433075    min: 0.0231047
[walking_stabilization_controller-3] [WalkingStabilizationController]: 0.0333979    max: 0.0433075    min: 0.0231047
[walking_stabilization_controller-3] [WalkingStabilizationController]: 0.0348091    max: 0.0433075    min: 0.0231047
[walking_stabilization_controller-3] [WalkingStabilizationController]: 0.0351644    max: 0.0433075    min: 0.0231047
[walking_stabilization_controller-3] [WalkingStabilizationController]: 0.0267382    max: 0.0433075    min: 0.0231047
[walking_stabilization_controller-3] [WalkingStabilizationController]: 0.0351181    max: 0.0433075    min: 0.0231047
[walking_stabilization_controller-3] [WalkingStabilizationController]: 0.0342684    max: 0.0433075    min: 0.0231047
[walking_stabilization_controller-3] [WalkingStabilizationController]: 0.0298045    max: 0.0433075    min: 0.0231047
[walking_stabilization_controller-3] [WalkingStabilizationController]: 0.0304925    max: 0.0433075    min: 0.0231047
[walking_stabilization_controller-3] [WalkingStabilizationController]: 0.0257008    max: 0.0433075    min: 0.0231047
[walking_stabilization_controller-3] [WalkingStabilizationController]: 0.0318069    max: 0.0433075    min: 0.0231047
[walking_stabilization_controller-3] [WalkingStabilizationController]: 0.0362318    max: 0.0433075    min: 0.0231047
[walking_stabilization_controller-3] [WalkingStabilizationController]: 0.0365992    max: 0.0433075    min: 0.0231047
[walking_stabilization_controller-3] [WalkingStabilizationController]: 0.0336154    max: 0.0433075    min: 0.0231047
[walking_stabilization_controller-3] [WalkingStabilizationController]: 0.0357754    max: 0.0433075    min: 0.0231047
[walking_stabilization_controller-3] [WalkingStabilizationController]: 0.0331888    max: 0.0433075    min: 0.0231047
[walking_stabilization_controller-3] [WalkingStabilizationController]: 0.0309715    max: 0.0433075    min: 0.0231047
[walking_stabilization_controller-3] [WalkingStabilizationController]: 0.0266085    max: 0.0433075    min: 0.0231047
[walking_stabilization_controller-3] [WalkingStabilizationController]: 0.0315506    max: 0.0433075    min: 0.0231047
[walking_stabilization_controller-3] [WalkingStabilizationController]: 0.0359001    max: 0.0433075    min: 0.0231047
[walking_stabilization_controller-3] [WalkingStabilizationController]: 0.0316684    max: 0.0433075    min: 0.0231047
[walking_stabilization_controller-3] [WalkingStabilizationController]: 0.0316043    max: 0.0433075    min: 0.0231047
[walking_stabilization_controller-3] [WalkingStabilizationController]: 0.0360055    max: 0.0433075    min: 0.0231047
[walking_stabilization_controller-3] [WalkingStabilizationController]: 0.03318    max: 0.0433075    min: 0.0231047
[walking_stabilization_controller-3] [WalkingStabilizationController]: 0.0325181    max: 0.0433075    min: 0.0231047
[walking_stabilization_controller-3] [WalkingStabilizationController]: 0.0257349    max: 0.0433075    min: 0.0231047
[walking_stabilization_controller-3] [WalkingStabilizationController]: 0.0378973    max: 0.0433075    min: 0.0231047
[walking_stabilization_controller-3] [WalkingStabilizationController]: 0.0321918    max: 0.0433075    min: 0.0231047
[walking_stabilization_controller-3] [WalkingStabilizationController]: 0.0335507    max: 0.0433075    min: 0.0231047
[walking_stabilization_controller-3] [WalkingStabilizationController]: 0.0315306    max: 0.0433075    min: 0.0231047
[walking_stabilization_controller-3] [WalkingStabilizationController]: 0.0337162    max: 0.0433075    min: 0.0231047
[walking_stabilization_controller-3] [WalkingStabilizationController]: 0.0286975    max: 0.0433075    min: 0.0231047
[walking_stabilization_controller-3] [WalkingStabilizationController]: 0.0370748    max: 0.0433075    min: 0.0231047
[walking_stabilization_controller-3] [WalkingStabilizationController]: 0.0323122    max: 0.0433075    min: 0.0231047
[walking_stabilization_controller-3] [WalkingStabilizationController]: 0.0319569    max: 0.0433075    min: 0.0231047
[walking_stabilization_controller-3] [WalkingStabilizationController]: 0.0306072    max: 0.0433075    min: 0.0231047
[walking_stabilization_controller-3] [WalkingStabilizationController]: 0.0287755    max: 0.0433075    min: 0.0231047
[walking_stabilization_controller-3] [WalkingStabilizationController]: 0.0274808    max: 0.0433075    min: 0.0231047
[walking_stabilization_controller-3] [WalkingStabilizationController]: 0.0315106    max: 0.0433075    min: 0.0231047
[walking_stabilization_controller-3] [WalkingStabilizationController]: 0.0372236    max: 0.0433075    min: 0.0231047
[walking_stabilization_controller-3] [WalkingStabilizationController]: 0.0344167    max: 0.0433075    min: 0.0231047
[walking_stabilization_controller-3] [WalkingStabilizationController]: 0.0272589    max: 0.0433075    min: 0.0231047
[walking_stabilization_controller-3] [WalkingStabilizationController]: 0.0322516    max: 0.0433075    min: 0.0231047
[walking_stabilization_controller-3] [WalkingStabilizationController]: 0.0342669    max: 0.0433075    min: 0.0231047
[walking_stabilization_controller-3] [WalkingStabilizationController]: 0.0371447    max: 0.0433075    min: 0.0231047
[walking_stabilization_controller-3] [WalkingStabilizationController]: 0.0286791    max: 0.0433075    min: 0.0231047
[walking_stabilization_controller-3] [WalkingStabilizationController]: 0.030369    max: 0.0433075    min: 0.0231047
[walking_stabilization_controller-3] [WalkingStabilizationController]: 0.0372009    max: 0.0433075    min: 0.0231047
[walking_stabilization_controller-3] [WalkingStabilizationController]: 0.0354207    max: 0.0433075    min: 0.0231047
[walking_stabilization_controller-3] [WalkingStabilizationController]: 0.0284913    max: 0.0433075    min: 0.0231047
[walking_stabilization_controller-3] [WalkingStabilizationController]: 0.0340991    max: 0.0433075    min: 0.0231047
[walking_stabilization_controller-3] [WalkingStabilizationController]: 0.0320408    max: 0.0433075    min: 0.0231047
[walking_stabilization_controller-3] [WalkingStabilizationController]: 0.0314677    max: 0.0433075    min: 0.0231047
[walking_stabilization_controller-3] [WalkingStabilizationController]: 0.0340567    max: 0.0433075    min: 0.0231047
[walking_stabilization_controller-3] [WalkingStabilizationController]: 0.0319347    max: 0.0433075    min: 0.0231047
[walking_stabilization_controller-3] [WalkingStabilizationController]: 0.0315814    max: 0.0433075    min: 0.0231047
[walking_stabilization_controller-3] [WalkingStabilizationController]: 0.0364521    max: 0.0433075    min: 0.0231047
[walking_stabilization_controller-3] [WalkingStabilizationController]: 0.0289698    max: 0.0433075    min: 0.0231047
[walking_stabilization_controller-3] [WalkingStabilizationController]: 0.0389192    max: 0.0433075    min: 0.0231047
[walking_stabilization_controller-3] [WalkingStabilizationController]: 0.0279529    max: 0.0433075    min: 0.0231047
[walking_stabilization_controller-3] [WalkingStabilizationController]: 0.0337422    max: 0.0433075    min: 0.0231047
[walking_stabilization_controller-3] [WalkingStabilizationController]: 0.0333245    max: 0.0433075    min: 0.0231047
[walking_stabilization_controller-3] [WalkingStabilizationController]: 0.0333877    max: 0.0433075    min: 0.0231047
[walking_stabilization_controller-3] [WalkingStabilizationController]: 0.0314479    max: 0.0433075    min: 0.0231047
[walking_stabilization_controller-3] [WalkingStabilizationController]: 0.0275831    max: 0.0433075    min: 0.0231047
[walking_stabilization_controller-3] [WalkingStabilizationController]: 0.0402865    max: 0.0433075    min: 0.0231047
[walking_stabilization_controller-3] [WalkingStabilizationController]: 0.031532    max: 0.0433075    min: 0.0231047
[walking_stabilization_controller-3] [WalkingStabilizationController]: 0.0321038    max: 0.0433075    min: 0.0231047
[walking_stabilization_controller-3] [WalkingStabilizationController]: 0.0267704    max: 0.0433075    min: 0.0231047
[walking_stabilization_controller-3] [WalkingStabilizationController]: 0.0313604    max: 0.0433075    min: 0.0231047
[walking_stabilization_controller-3] [WalkingStabilizationController]: 0.0323215    max: 0.0433075    min: 0.0231047
[walking_stabilization_controller-3] [WalkingStabilizationController]: 0.0385919    max: 0.0433075    min: 0.0231047
[walking_stabilization_controller-3] [WalkingStabilizationController]: 0.034719    max: 0.0433075    min: 0.0231047
[walking_stabilization_controller-3] [WalkingStabilizationController]: 0.023874    max: 0.0433075    min: 0.0231047
[walking_stabilization_controller-3] [WalkingStabilizationController]: 0.0333071    max: 0.0433075    min: 0.0231047
[walking_stabilization_controller-3] [WalkingStabilizationController]: 0.0330462    max: 0.0433075    min: 0.0231047
[walking_stabilization_controller-3] [WalkingStabilizationController]: 0.0379152    max: 0.0433075    min: 0.0231047
[walking_stabilization_controller-3] [WalkingStabilizationController]: 0.0314519    max: 0.0433075    min: 0.0231047
[walking_stabilization_controller-3] [WalkingStabilizationController]: 0.0281439    max: 0.0433075    min: 0.0231047
[walking_stabilization_controller-3] [WalkingStabilizationController]: 0.0333071    max: 0.0433075    min: 0.0231047
[walking_stabilization_controller-3] [WalkingStabilizationController]: 0.0337296    max: 0.0433075    min: 0.0231047
[walking_stabilization_controller-3] [WalkingStabilizationController]: 0.0333769    max: 0.0433075    min: 0.0231047
[walking_stabilization_controller-3] [WalkingStabilizationController]: 0.0357528    max: 0.0433075    min: 0.0231047
[walking_stabilization_controller-3] [WalkingStabilizationController]: 0.0322676    max: 0.0433075    min: 0.0231047
[walking_stabilization_controller-3] [WalkingStabilizationController]: 0.0285554    max: 0.0433075    min: 0.0231047
[walking_stabilization_controller-3] [WalkingStabilizationController]: 0.0305541    max: 0.0433075    min: 0.0231047
[walking_stabilization_controller-3] [WalkingStabilizationController]: 0.0329251    max: 0.0433075    min: 0.0231047
[walking_stabilization_controller-3] [WalkingStabilizationController]: 0.0343606    max: 0.0433075    min: 0.0231047
[walking_stabilization_controller-3] [WalkingStabilizationController]: 0.0335989    max: 0.0433075    min: 0.0231047
[walking_stabilization_controller-3] [WalkingStabilizationController]: 0.0253468    max: 0.0433075    min: 0.0231047
[walking_stabilization_controller-3] [WalkingStabilizationController]: 0.034234    max: 0.0433075    min: 0.0231047
[walking_stabilization_controller-3] [WalkingStabilizationController]: 0.0333953    max: 0.0433075    min: 0.0231047
[walking_stabilization_controller-3] [WalkingStabilizationController]: 0.032182    max: 0.0433075    min: 0.0231047
[walking_stabilization_controller-3] [WalkingStabilizationController]: 0.0328372    max: 0.0433075    min: 0.0231047
[walking_stabilization_controller-3] [WalkingStabilizationController]: 0.0391371    max: 0.0433075    min: 0.0231047
[walking_stabilization_controller-3] [WalkingStabilizationController]: 0.0288825    max: 0.0433075    min: 0.0231047
[walking_stabilization_controller-3] [WalkingStabilizationController]: 0.0344491    max: 0.0433075    min: 0.0231047
[walking_stabilization_controller-3] [WalkingStabilizationController]: 0.0326757    max: 0.0433075    min: 0.0231047
[walking_stabilization_controller-3] [WalkingStabilizationController]: 0.0341289    max: 0.0433075    min: 0.0231047
[walking_stabilization_controller-3] [WalkingStabilizationController]: 0.0338411    max: 0.0433075    min: 0.0231047
[walking_stabilization_controller-3] [WalkingStabilizationController]: 0.0312843    max: 0.0433075    min: 0.0231047
[walking_stabilization_controller-3] [WalkingStabilizationController]: 0.0330203    max: 0.0433075    min: 0.0231047
[walking_stabilization_controller-3] [WalkingStabilizationController]: 0.0322394    max: 0.0433075    min: 0.0231047
[walking_stabilization_controller-3] [WalkingStabilizationController]: 0.0292819    max: 0.0433075    min: 0.0231047
[walking_stabilization_controller-3] [WalkingStabilizationController]: 0.0291259    max: 0.0433075    min: 0.0231047
[walking_stabilization_controller-3] [WalkingStabilizationController]: 0.0255139    max: 0.0433075    min: 0.0231047
[walking_stabilization_controller-3] [WalkingStabilizationController]: 0.0314465    max: 0.0433075    min: 0.0231047
[walking_stabilization_controller-3] [WalkingStabilizationController]: 0.0397711    max: 0.0433075    min: 0.0231047
[walking_stabilization_controller-3] [WalkingStabilizationController]: 0.0368037    max: 0.0433075    min: 0.0231047
[walking_stabilization_controller-3] [WalkingStabilizationController]: 0.0272186    max: 0.0433075    min: 0.0231047
[walking_stabilization_controller-3] [WalkingStabilizationController]: 0.0319903    max: 0.0433075    min: 0.0231047
[walking_stabilization_controller-3] [WalkingStabilizationController]: 0.0314584    max: 0.0433075    min: 0.0231047
[walking_stabilization_controller-3] [WalkingStabilizationController]: 0.0344529    max: 0.0433075    min: 0.0231047
[walking_stabilization_controller-3] [WalkingStabilizationController]: 0.0337164    max: 0.0433075    min: 0.0231047
[walking_stabilization_controller-3] [WalkingStabilizationController]: 0.031179    max: 0.0433075    min: 0.0231047
[walking_stabilization_controller-3] [WalkingStabilizationController]: 0.0334136    max: 0.0433075    min: 0.0231047
[walking_stabilization_controller-3] [WalkingStabilizationController]: 0.0351195    max: 0.0433075    min: 0.0231047
[walking_stabilization_controller-3] [WalkingStabilizationController]: 0.0325534    max: 0.0433075    min: 0.0231047
[walking_stabilization_controller-3] [WalkingStabilizationController]: 0.0314953    max: 0.0433075    min: 0.0231047
[walking_stabilization_controller-3] [WalkingStabilizationController]: 0.0259504    max: 0.0433075    min: 0.0231047
[walking_stabilization_controller-3] [WalkingStabilizationController]: 0.0298641    max: 0.0433075    min: 0.0231047
[walking_stabilization_controller-3] [WalkingStabilizationController]: 0.0307391    max: 0.0433075    min: 0.0231047
[walking_stabilization_controller-3] [WalkingStabilizationController]: 0.0417993    max: 0.0433075    min: 0.0231047
[walking_stabilization_controller-3] [WalkingStabilizationController]: 0.0335081    max: 0.0433075    min: 0.0231047
[walking_stabilization_controller-3] [WalkingStabilizationController]: 0.0325856    max: 0.0433075    min: 0.0231047
[walking_stabilization_controller-3] [WalkingStabilizationController]: 0.0344694    max: 0.0433075    min: 0.0231047
[walking_stabilization_controller-3] [WalkingStabilizationController]: 0.0312879    max: 0.0433075    min: 0.0231047
[walking_stabilization_controller-3] [WalkingStabilizationController]: 0.0319486    max: 0.0433075    min: 0.0231047
[walking_stabilization_controller-3] [WalkingStabilizationController]: 0.0321021    max: 0.0433075    min: 0.0231047
[walking_stabilization_controller-3] [WalkingStabilizationController]: 0.0258403    max: 0.0433075    min: 0.0231047
[walking_stabilization_controller-3] [WalkingStabilizationController]: 0.0339882    max: 0.0433075    min: 0.0231047
[walking_stabilization_controller-3] [WalkingStabilizationController]: 0.0325878    max: 0.0433075    min: 0.0231047
[walking_stabilization_controller-3] [WalkingStabilizationController]: 0.0306926    max: 0.0433075    min: 0.0231047
[walking_stabilization_controller-3] [WalkingStabilizationController]: 0.0332603    max: 0.0433075    min: 0.0231047
[walking_stabilization_controller-3] [WalkingStabilizationController]: 0.0340927    max: 0.0433075    min: 0.0231047
[walking_stabilization_controller-3] [WalkingStabilizationController]: 0.0341198    max: 0.0433075    min: 0.0231047
[walking_stabilization_controller-3] [WalkingStabilizationController]: 0.0299561    max: 0.0433075    min: 0.0231047
[walking_stabilization_controller-3] [WalkingStabilizationController]: 0.0261936    max: 0.0433075    min: 0.0231047
[walking_stabilization_controller-3] [WalkingStabilizationController]: 0.0327172    max: 0.0433075    min: 0.0231047
[walking_stabilization_controller-3] [WalkingStabilizationController]: 0.0323577    max: 0.0433075    min: 0.0231047
[walking_stabilization_controller-3] [WalkingStabilizationController]: 0.0376055    max: 0.0433075    min: 0.0231047
[walking_stabilization_controller-3] [WalkingStabilizationController]: 0.0330515    max: 0.0433075    min: 0.0231047
[walking_stabilization_controller-3] [WalkingStabilizationController]: 0.0356891    max: 0.0433075    min: 0.0231047
[walking_stabilization_controller-3] [WalkingStabilizationController]: 0.0348949    max: 0.0433075    min: 0.0231047
[walking_stabilization_controller-3] [WalkingStabilizationController]: 0.0311892    max: 0.0433075    min: 0.0231047
[walking_stabilization_controller-3] [WalkingStabilizationController]: 0.0297215    max: 0.0433075    min: 0.0231047
[walking_stabilization_controller-3] [WalkingStabilizationController]: 0.0320268    max: 0.0433075    min: 0.0231047
[walking_stabilization_controller-3] [WalkingStabilizationController]: 0.0308902    max: 0.0433075    min: 0.0231047
[walking_stabilization_controller-3] [WalkingStabilizationController]: 0.0318134    max: 0.0433075    min: 0.0231047
[walking_stabilization_controller-3] [WalkingStabilizationController]: 0.0318451    max: 0.0433075    min: 0.0231047
[walking_stabilization_controller-3] [WalkingStabilizationController]: 0.0367267    max: 0.0433075    min: 0.0231047
[walking_stabilization_controller-3] [WalkingStabilizationController]: 0.030755    max: 0.0433075    min: 0.0231047
[walking_stabilization_controller-3] [WalkingStabilizationController]: 0.0301652    max: 0.0433075    min: 0.0231047
[walking_stabilization_controller-3] [WalkingStabilizationController]: 0.02916    max: 0.0433075    min: 0.0231047
[walking_stabilization_controller-3] [WalkingStabilizationController]: 0.0364518    max: 0.0433075    min: 0.0231047
[walking_stabilization_controller-3] [WalkingStabilizationController]: 0.0294816    max: 0.0433075    min: 0.0231047
[walking_stabilization_controller-3] [WalkingStabilizationController]: 0.031652    max: 0.0433075    min: 0.0231047
[walking_stabilization_controller-3] [WalkingStabilizationController]: 0.0329401    max: 0.0433075    min: 0.0231047
[walking_stabilization_controller-3] [WalkingStabilizationController]: 0.0355535    max: 0.0433075    min: 0.0231047
[walking_stabilization_controller-3] [WalkingStabilizationController]: 0.0286593    max: 0.0433075    min: 0.0231047
[walking_stabilization_controller-3] [WalkingStabilizationController]: 0.0308571    max: 0.0433075    min: 0.0231047
[walking_stabilization_controller-3] [WalkingStabilizationController]: 0.0370588    max: 0.0433075    min: 0.0231047
[walking_stabilization_controller-3] [WalkingStabilizationController]: 0.031848    max: 0.0433075    min: 0.0231047
[walking_stabilization_controller-3] [WalkingStabilizationController]: 0.0336139    max: 0.0433075    min: 0.0231047
[walking_stabilization_controller-3] [WalkingStabilizationController]: 0.0313587    max: 0.0433075    min: 0.0231047
[walking_stabilization_controller-3] [WalkingStabilizationController]: 0.0320787    max: 0.0433075    min: 0.0231047
[walking_stabilization_controller-3] [WalkingStabilizationController]: 0.0272236    max: 0.0433075    min: 0.0231047
[walking_stabilization_controller-3] [WalkingStabilizationController]: 0.0373466    max: 0.0433075    min: 0.0231047
[walking_stabilization_controller-3] [WalkingStabilizationController]: 0.0359938    max: 0.0433075    min: 0.0231047
[walking_stabilization_controller-3] [WalkingStabilizationController]: 0.0249157    max: 0.0433075    min: 0.0231047
[walking_stabilization_controller-3] [WalkingStabilizationController]: 0.0337892    max: 0.0433075    min: 0.0231047
[walking_stabilization_controller-3] [WalkingStabilizationController]: 0.0336792    max: 0.0433075    min: 0.0231047
[walking_stabilization_controller-3] [WalkingStabilizationController]: 0.0334506    max: 0.0433075    min: 0.0231047
[walking_stabilization_controller-3] [WalkingStabilizationController]: 0.0332336    max: 0.0433075    min: 0.0231047
[walking_stabilization_controller-3] [WalkingStabilizationController]: 0.0310907    max: 0.0433075    min: 0.0231047
[walking_stabilization_controller-3] [WalkingStabilizationController]: 0.0358095    max: 0.0433075    min: 0.0231047
[walking_stabilization_controller-3] [WalkingStabilizationController]: 0.0328999    max: 0.0433075    min: 0.0231047
[walking_stabilization_controller-3] [WalkingStabilizationController]: 0.0319183    max: 0.0433075    min: 0.0231047
[walking_stabilization_controller-3] [WalkingStabilizationController]: 0.0275195    max: 0.0433075    min: 0.0231047
[walking_stabilization_controller-3] [WalkingStabilizationController]: 0.0312579    max: 0.0433075    min: 0.0231047
[walking_stabilization_controller-3] [WalkingStabilizationController]: 0.03635    max: 0.0433075    min: 0.0231047
[walking_stabilization_controller-3] [WalkingStabilizationController]: 0.0330906    max: 0.0433075    min: 0.0231047
[walking_stabilization_controller-3] [WalkingStabilizationController]: 0.0351865    max: 0.0433075    min: 0.0231047
[walking_stabilization_controller-3] [WalkingStabilizationController]: 0.032176    max: 0.0433075    min: 0.0231047
[walking_stabilization_controller-3] [WalkingStabilizationController]: 0.0332274    max: 0.0433075    min: 0.0231047
[walking_stabilization_controller-3] [WalkingStabilizationController]: 0.0239742    max: 0.0433075    min: 0.0231047
[walking_stabilization_controller-3] [WalkingStabilizationController]: 0.0368161    max: 0.0433075    min: 0.0231047
[walking_stabilization_controller-3] [WalkingStabilizationController]: 0.0295262    max: 0.0433075    min: 0.0231047
[walking_stabilization_controller-3] [WalkingStabilizationController]: 0.0318298    max: 0.0433075    min: 0.0231047
[walking_stabilization_controller-3] [WalkingStabilizationController]: 0.0332034    max: 0.0433075    min: 0.0231047
[walking_stabilization_controller-3] [WalkingStabilizationController]: 0.0348561    max: 0.0433075    min: 0.0231047
[walking_stabilization_controller-3] [WalkingStabilizationController]: 0.0321572    max: 0.0433075    min: 0.0231047
[walking_stabilization_controller-3] [WalkingStabilizationController]: 0.0324481    max: 0.0433075    min: 0.0231047
[walking_stabilization_controller-3] [WalkingStabilizationController]: 0.0279045    max: 0.0433075    min: 0.0231047
[walking_stabilization_controller-3] [WalkingStabilizationController]: 0.0338831    max: 0.0433075    min: 0.0231047
[walking_stabilization_controller-3] [WalkingStabilizationController]: 0.0348473    max: 0.0433075    min: 0.0231047
[walking_stabilization_controller-3] [WalkingStabilizationController]: 0.0315917    max: 0.0433075    min: 0.0231047
[walking_stabilization_controller-3] [WalkingStabilizationController]: 0.0317965    max: 0.0433075    min: 0.0231047
[walking_stabilization_controller-3] [WalkingStabilizationController]: 0.0363133    max: 0.0433075    min: 0.0231047
[walking_stabilization_controller-3] [WalkingStabilizationController]: 0.0257628    max: 0.0433075    min: 0.0231047
[walking_stabilization_controller-3] [WalkingStabilizationController]: 0.0315676    max: 0.0433075    min: 0.0231047
[walking_stabilization_controller-3] [WalkingStabilizationController]: 0.0327907    max: 0.0433075    min: 0.0231047
[walking_stabilization_controller-3] [WalkingStabilizationController]: 0.0381968    max: 0.0433075    min: 0.0231047
[walking_stabilization_controller-3] [WalkingStabilizationController]: 0.0311887    max: 0.0433075    min: 0.0231047
[walking_stabilization_controller-3] [WalkingStabilizationController]: 0.0319965    max: 0.0433075    min: 0.0231047
[walking_stabilization_controller-3] [WalkingStabilizationController]: 0.0323486    max: 0.0433075    min: 0.0231047
[walking_stabilization_controller-3] [WalkingStabilizationController]: 0.0284188    max: 0.0433075    min: 0.0231047
[walking_stabilization_controller-3] [WalkingStabilizationController]: 0.0329669    max: 0.0433075    min: 0.0231047
[walking_stabilization_controller-3] [WalkingStabilizationController]: 0.0396054    max: 0.0433075    min: 0.0231047
[walking_stabilization_controller-3] [WalkingStabilizationController]: 0.030817    max: 0.0433075    min: 0.0231047
[walking_stabilization_controller-3] [WalkingStabilizationController]: 0.0316527    max: 0.0433075    min: 0.0231047
[walking_stabilization_controller-3] [WalkingStabilizationController]: 0.0320225    max: 0.0433075    min: 0.0231047
[walking_stabilization_controller-3] [WalkingStabilizationController]: 0.0344086    max: 0.0433075    min: 0.0231047
[walking_stabilization_controller-3] [WalkingStabilizationController]: 0.0242865    max: 0.0433075    min: 0.0231047
[walking_stabilization_controller-3] [WalkingStabilizationController]: 0.0389802    max: 0.0433075    min: 0.0231047
[walking_stabilization_controller-3] [WalkingStabilizationController]: 0.0349672    max: 0.0433075    min: 0.0231047
[walking_stabilization_controller-3] [WalkingStabilizationController]: 0.0318098    max: 0.0433075    min: 0.0231047
[walking_stabilization_controller-3] [WalkingStabilizationController]: 0.0291252    max: 0.0433075    min: 0.0231047
[walking_stabilization_controller-3] [WalkingStabilizationController]: 0.0315573    max: 0.0433075    min: 0.0231047
[walking_stabilization_controller-3] [WalkingStabilizationController]: 0.0365047    max: 0.0433075    min: 0.0231047
[walking_stabilization_controller-3] [WalkingStabilizationController]: 0.0328925    max: 0.0433075    min: 0.0231047
[walking_stabilization_controller-3] [WalkingStabilizationController]: 0.0317466    max: 0.0433075    min: 0.0231047
[walking_stabilization_controller-3] [WalkingStabilizationController]: 0.0287349    max: 0.0433075    min: 0.0231047
[walking_stabilization_controller-3] [WalkingStabilizationController]: 0.0277841    max: 0.0433075    min: 0.0231047
[walking_stabilization_controller-3] [WalkingStabilizationController]: 0.0377593    max: 0.0433075    min: 0.0231047
[walking_stabilization_controller-3] [WalkingStabilizationController]: 0.0351574    max: 0.0433075    min: 0.0231047
[walking_stabilization_controller-3] [WalkingStabilizationController]: 0.0343571    max: 0.0433075    min: 0.0231047
[walking_stabilization_controller-3] [WalkingStabilizationController]: 0.0341609    max: 0.0433075    min: 0.0231047
[walking_stabilization_controller-3] [WalkingStabilizationController]: 0.0318754    max: 0.0433075    min: 0.0231047
[walking_stabilization_controller-3] [WalkingStabilizationController]: 0.0285378    max: 0.0433075    min: 0.0231047
[walking_stabilization_controller-3] [WalkingStabilizationController]: 0.0341837    max: 0.0433075    min: 0.0231047
[walking_stabilization_controller-3] [WalkingStabilizationController]: 0.029434    max: 0.0433075    min: 0.0231047
[walking_stabilization_controller-3] [WalkingStabilizationController]: 0.0311034    max: 0.0433075    min: 0.0231047
[walking_stabilization_controller-3] [WalkingStabilizationController]: 0.0270131    max: 0.0433075    min: 0.0231047
[walking_stabilization_controller-3] [WalkingStabilizationController]: 0.0386693    max: 0.0433075    min: 0.0231047
[walking_stabilization_controller-3] [WalkingStabilizationController]: 0.0311713    max: 0.0433075    min: 0.0231047
[walking_stabilization_controller-3] [WalkingStabilizationController]: 0.0359118    max: 0.0433075    min: 0.0231047
[walking_stabilization_controller-3] [WalkingStabilizationController]: 0.0327897    max: 0.0433075    min: 0.0231047
[walking_stabilization_controller-3] [WalkingStabilizationController]: 0.031703    max: 0.0433075    min: 0.0231047
[walking_stabilization_controller-3] [WalkingStabilizationController]: 0.0284567    max: 0.0433075    min: 0.0231047
[walking_stabilization_controller-3] [WalkingStabilizationController]: 0.0297594    max: 0.0433075    min: 0.0231047
[walking_stabilization_controller-3] [WalkingStabilizationController]: 0.0360694    max: 0.0433075    min: 0.0231047
[walking_stabilization_controller-3] [WalkingStabilizationController]: 0.0354159    max: 0.0433075    min: 0.0231047
[walking_stabilization_controller-3] [WalkingStabilizationController]: 0.0313668    max: 0.0433075    min: 0.0231047
[walking_stabilization_controller-3] [WalkingStabilizationController]: 0.0356839    max: 0.0433075    min: 0.0231047
[walking_stabilization_controller-3] [WalkingStabilizationController]: 0.0308471    max: 0.0433075    min: 0.0231047
[walking_stabilization_controller-3] [WalkingStabilizationController]: 0.025769    max: 0.0433075    min: 0.0231047
[walking_stabilization_controller-3] [WalkingStabilizationController]: 0.0323505    max: 0.0433075    min: 0.0231047
[walking_stabilization_controller-3] [WalkingStabilizationController]: 0.0351379    max: 0.0433075    min: 0.0231047
[walking_stabilization_controller-3] [WalkingStabilizationController]: 0.0295963    max: 0.0433075    min: 0.0231047
[walking_stabilization_controller-3] [WalkingStabilizationController]: 0.0394363    max: 0.0433075    min: 0.0231047
[walking_stabilization_controller-3] [WalkingStabilizationController]: 0.0294008    max: 0.0433075    min: 0.0231047
[walking_stabilization_controller-3] [WalkingStabilizationController]: 0.0362661    max: 0.0433075    min: 0.0231047
[walking_stabilization_controller-3] [WalkingStabilizationController]: 0.0321908    max: 0.0433075    min: 0.0231047
[walking_stabilization_controller-3] [WalkingStabilizationController]: 0.0322309    max: 0.0433075    min: 0.0231047
[walking_stabilization_controller-3] [WalkingStabilizationController]: 0.0328033    max: 0.0433075    min: 0.0231047
[walking_stabilization_controller-3] [WalkingStabilizationController]: 0.0306966    max: 0.0433075    min: 0.0231047
[walking_stabilization_controller-3] [WalkingStabilizationController]: 0.0317733    max: 0.0433075    min: 0.0231047
[walking_stabilization_controller-3] [WalkingStabilizationController]: 0.0342901    max: 0.0433075    min: 0.0231047
[walking_stabilization_controller-3] [WalkingStabilizationController]: 0.0267255    max: 0.0433075    min: 0.0231047
[walking_stabilization_controller-3] [WalkingStabilizationController]: 0.0361812    max: 0.0433075    min: 0.0231047
[walking_stabilization_controller-3] [WalkingStabilizationController]: 0.034982    max: 0.0433075    min: 0.0231047
[walking_stabilization_controller-3] [WalkingStabilizationController]: 0.0313697    max: 0.0433075    min: 0.0231047
[walking_stabilization_controller-3] [WalkingStabilizationController]: 0.0336199    max: 0.0433075    min: 0.0231047
[walking_stabilization_controller-3] [WalkingStabilizationController]: 0.032707    max: 0.0433075    min: 0.0231047
[walking_stabilization_controller-3] [WalkingStabilizationController]: 0.0251193    max: 0.0433075    min: 0.0231047
[walking_stabilization_controller-3] [WalkingStabilizationController]: 0.0375602    max: 0.0433075    min: 0.0231047
[walking_stabilization_controller-3] [WalkingStabilizationController]: 0.0319386    max: 0.0433075    min: 0.0231047
[walking_stabilization_controller-3] [WalkingStabilizationController]: 0.0339024    max: 0.0433075    min: 0.0231047
[walking_stabilization_controller-3] [WalkingStabilizationController]: 0.0302048    max: 0.0433075    min: 0.0231047
[walking_stabilization_controller-3] [WalkingStabilizationController]: 0.0327587    max: 0.0433075    min: 0.0231047
[walking_stabilization_controller-3] [WalkingStabilizationController]: 0.0345511    max: 0.0433075    min: 0.0231047
[walking_stabilization_controller-3] [WalkingStabilizationController]: 0.0310547    max: 0.0433075    min: 0.0231047
[walking_stabilization_controller-3] [WalkingStabilizationController]: 0.0325191    max: 0.0433075    min: 0.0231047
[walking_stabilization_controller-3] [WalkingStabilizationController]: 0.0315118    max: 0.0433075    min: 0.0231047
[walking_stabilization_controller-3] [WalkingStabilizationController]: 0.035934    max: 0.0433075    min: 0.0231047
[walking_stabilization_controller-3] [WalkingStabilizationController]: 0.032016    max: 0.0433075    min: 0.0231047
[walking_stabilization_controller-3] [WalkingStabilizationController]: 0.0316191    max: 0.0433075    min: 0.0231047
[walking_stabilization_controller-3] [WalkingStabilizationController]: 0.0327795    max: 0.0433075    min: 0.0231047
[walking_stabilization_controller-3] [WalkingStabilizationController]: 0.031909    max: 0.0433075    min: 0.0231047
[walking_stabilization_controller-3] [WalkingStabilizationController]: 0.035903    max: 0.0433075    min: 0.0231047
[walking_stabilization_controller-3] [WalkingStabilizationController]: 0.0266032    max: 0.0433075    min: 0.0231047
[walking_stabilization_controller-3] [WalkingStabilizationController]: 0.0330403    max: 0.0433075    min: 0.0231047
[walking_stabilization_controller-3] [WalkingStabilizationController]: 0.0302606    max: 0.0433075    min: 0.0231047
[walking_stabilization_controller-3] [WalkingStabilizationController]: 0.0316031    max: 0.0433075    min: 0.0231047
[walking_stabilization_controller-3] [WalkingStabilizationController]: 0.0362329    max: 0.0433075    min: 0.0231047
[walking_stabilization_controller-3] [WalkingStabilizationController]: 0.031745    max: 0.0433075    min: 0.0231047
[walking_stabilization_controller-3] [WalkingStabilizationController]: 0.0277226    max: 0.0433075    min: 0.0231047
[walking_stabilization_controller-3] [WalkingStabilizationController]: 0.0381973    max: 0.0433075    min: 0.0231047
[walking_stabilization_controller-3] [WalkingStabilizationController]: 0.0342627    max: 0.0433075    min: 0.0231047
[walking_stabilization_controller-3] [WalkingStabilizationController]: 0.0365255    max: 0.0433075    min: 0.0231047
[walking_stabilization_controller-3] [WalkingStabilizationController]: 0.0327358    max: 0.0433075    min: 0.0231047
[walking_stabilization_controller-3] [WalkingStabilizationController]: 0.0307786    max: 0.0433075    min: 0.0231047
[walking_stabilization_controller-3] [WalkingStabilizationController]: 0.0315275    max: 0.0433075    min: 0.0231047
[walking_stabilization_controller-3] [WalkingStabilizationController]: 0.0306809    max: 0.0433075    min: 0.0231047
[walking_stabilization_controller-3] [WalkingStabilizationController]: 0.0298064    max: 0.0433075    min: 0.0231047
[walking_stabilization_controller-3] [WalkingStabilizationController]: 0.0327096    max: 0.0433075    min: 0.0231047
[walking_stabilization_controller-3] [WalkingStabilizationController]: 0.0280204    max: 0.0433075    min: 0.0231047
[walking_stabilization_controller-3] [WalkingStabilizationController]: 0.0274692    max: 0.0433075    min: 0.0231047
[walking_stabilization_controller-3] [WalkingStabilizationController]: 0.0343978    max: 0.0433075    min: 0.0231047
[walking_stabilization_controller-3] [WalkingStabilizationController]: 0.0355225    max: 0.0433075    min: 0.0231047
[walking_stabilization_controller-3] [WalkingStabilizationController]: 0.0368626    max: 0.0433075    min: 0.0231047
[walking_stabilization_controller-3] [WalkingStabilizationController]: 0.0322585    max: 0.0433075    min: 0.0231047
[walking_stabilization_controller-3] [WalkingStabilizationController]: 0.0318804    max: 0.0433075    min: 0.0231047
[walking_stabilization_controller-3] [WalkingStabilizationController]: 0.0319338    max: 0.0433075    min: 0.0231047
[walking_stabilization_controller-3] [WalkingStabilizationController]: 0.0318272    max: 0.0433075    min: 0.0231047
[walking_stabilization_controller-3] [WalkingStabilizationController]: 0.0324767    max: 0.0433075    min: 0.0231047
[walking_stabilization_controller-3] [WalkingStabilizationController]: 0.0307107    max: 0.0433075    min: 0.0231047
[walking_stabilization_controller-3] [WalkingStabilizationController]: 0.0374415    max: 0.0433075    min: 0.0231047
[walking_stabilization_controller-3] [WalkingStabilizationController]: 0.0322397    max: 0.0433075    min: 0.0231047
[walking_stabilization_controller-3] [WalkingStabilizationController]: 0.0319471    max: 0.0433075    min: 0.0231047
[walking_stabilization_controller-3] [WalkingStabilizationController]: 0.0311377    max: 0.0433075    min: 0.0231047
[walking_stabilization_controller-3] [WalkingStabilizationController]: 0.0337691    max: 0.0433075    min: 0.0231047
[walking_stabilization_controller-3] [WalkingStabilizationController]: 0.0251899    max: 0.0433075    min: 0.0231047
[walking_stabilization_controller-3] [WalkingStabilizationController]: 0.0384557    max: 0.0433075    min: 0.0231047
[walking_stabilization_controller-3] [WalkingStabilizationController]: 0.0356052    max: 0.0433075    min: 0.0231047
[walking_stabilization_controller-3] [WalkingStabilizationController]: 0.036309    max: 0.0433075    min: 0.0231047
[walking_stabilization_controller-3] [WalkingStabilizationController]: 0.0316286    max: 0.0433075    min: 0.0231047
[walking_stabilization_controller-3] [WalkingStabilizationController]: 0.0327787    max: 0.0433075    min: 0.0231047
[walking_stabilization_controller-3] [WalkingStabilizationController]: 0.0258415    max: 0.0433075    min: 0.0231047
[walking_stabilization_controller-3] [WalkingStabilizationController]: 0.0297818    max: 0.0433075    min: 0.0231047
[walking_stabilization_controller-3] [WalkingStabilizationController]: 0.0356016    max: 0.0433075    min: 0.0231047
[walking_stabilization_controller-3] [WalkingStabilizationController]: 0.0328128    max: 0.0433075    min: 0.0231047
[walking_stabilization_controller-3] [WalkingStabilizationController]: 0.0337877    max: 0.0433075    min: 0.0231047
[walking_stabilization_controller-3] [WalkingStabilizationController]: 0.0328934    max: 0.0433075    min: 0.0231047
[walking_stabilization_controller-3] [WalkingStabilizationController]: 0.03193    max: 0.0433075    min: 0.0231047
[walking_stabilization_controller-3] [WalkingStabilizationController]: 0.0335841    max: 0.0433075    min: 0.0231047
[walking_stabilization_controller-3] [WalkingStabilizationController]: 0.0250418    max: 0.0433075    min: 0.0231047
[walking_stabilization_controller-3] [WalkingStabilizationController]: 0.0347271    max: 0.0433075    min: 0.0231047
[walking_stabilization_controller-3] [WalkingStabilizationController]: 0.0296936    max: 0.0433075    min: 0.0231047
[walking_stabilization_controller-3] [WalkingStabilizationController]: 0.0374444    max: 0.0433075    min: 0.0231047
[walking_stabilization_controller-3] [WalkingStabilizationController]: 0.0337665    max: 0.0433075    min: 0.0231047
[walking_stabilization_controller-3] [WalkingStabilizationController]: 0.0352631    max: 0.0433075    min: 0.0231047
[walking_stabilization_controller-3] [WalkingStabilizationController]: 0.0331178    max: 0.0433075    min: 0.0231047
[walking_stabilization_controller-3] [WalkingStabilizationController]: 0.0301249    max: 0.0433075    min: 0.0231047
[walking_stabilization_controller-3] [WalkingStabilizationController]: 0.035157    max: 0.0433075    min: 0.0231047
[walking_stabilization_controller-3] [WalkingStabilizationController]: 0.0322814    max: 0.0433075    min: 0.0231047
[walking_stabilization_controller-3] [WalkingStabilizationController]: 0.0330441    max: 0.0433075    min: 0.0231047
[walking_stabilization_controller-3] [WalkingStabilizationController]: 0.03034    max: 0.0433075    min: 0.0231047
[walking_stabilization_controller-3] [WalkingStabilizationController]: 0.0330791    max: 0.0433075    min: 0.0231047
[walking_stabilization_controller-3] [WalkingStabilizationController]: 0.028008    max: 0.0433075    min: 0.0231047
[walking_stabilization_controller-3] [WalkingStabilizationController]: 0.0364966    max: 0.0433075    min: 0.0231047
[walking_stabilization_controller-3] [WalkingStabilizationController]: 0.0351107    max: 0.0433075    min: 0.0231047
[walking_stabilization_controller-3] [WalkingStabilizationController]: 0.0316308    max: 0.0433075    min: 0.0231047
[walking_stabilization_controller-3] [WalkingStabilizationController]: 0.0338891    max: 0.0433075    min: 0.0231047
[walking_stabilization_controller-3] [WalkingStabilizationController]: 0.0239322    max: 0.0433075    min: 0.0231047
[walking_stabilization_controller-3] [WalkingStabilizationController]: 0.0320151    max: 0.0433075    min: 0.0231047
[walking_stabilization_controller-3] [WalkingStabilizationController]: 0.0416398    max: 0.0433075    min: 0.0231047
[walking_stabilization_controller-3] [WalkingStabilizationController]: 0.0369833    max: 0.0433075    min: 0.0231047
[walking_stabilization_controller-3] [WalkingStabilizationController]: 0.0268893    max: 0.0433075    min: 0.0231047
[walking_stabilization_controller-3] [WalkingStabilizationController]: 0.0367377    max: 0.0433075    min: 0.0231047
[walking_stabilization_controller-3] [WalkingStabilizationController]: 0.0302429    max: 0.0433075    min: 0.0231047
[walking_stabilization_controller-3] [WalkingStabilizationController]: 0.0299284    max: 0.0433075    min: 0.0231047
[walking_stabilization_controller-3] [WalkingStabilizationController]: 0.0281975    max: 0.0433075    min: 0.0231047
[walking_stabilization_controller-3] [WalkingStabilizationController]: 0.0310261    max: 0.0433075    min: 0.0231047
[walking_stabilization_controller-3] [WalkingStabilizationController]: 0.0394838    max: 0.0433075    min: 0.0231047
[walking_stabilization_controller-3] [WalkingStabilizationController]: 0.0342638    max: 0.0433075    min: 0.0231047
[walking_stabilization_controller-3] [WalkingStabilizationController]: 0.032696    max: 0.0433075    min: 0.0231047
[walking_stabilization_controller-3] [WalkingStabilizationController]: 0.0272455    max: 0.0433075    min: 0.0231047
[walking_stabilization_controller-3] [WalkingStabilizationController]: 0.0318084    max: 0.0433075    min: 0.0231047
[walking_stabilization_controller-3] [WalkingStabilizationController]: 0.0334783    max: 0.0433075    min: 0.0231047
[walking_stabilization_controller-3] [WalkingStabilizationController]: 0.0315802    max: 0.0433075    min: 0.0231047
[walking_stabilization_controller-3] [WalkingStabilizationController]: 0.0314832    max: 0.0433075    min: 0.0231047
[walking_stabilization_controller-3] [WalkingStabilizationController]: 0.0416005    max: 0.0433075    min: 0.0231047
[walking_stabilization_controller-3] [WalkingStabilizationController]: 0.033597    max: 0.0433075    min: 0.0231047
[walking_stabilization_controller-3] [WalkingStabilizationController]: 0.0312452    max: 0.0433075    min: 0.0231047
[walking_stabilization_controller-3] [WalkingStabilizationController]: 0.0305042    max: 0.0433075    min: 0.0231047
[walking_stabilization_controller-3] [WalkingStabilizationController]: 0.0237694    max: 0.0433075    min: 0.0231047
[walking_stabilization_controller-3] [WalkingStabilizationController]: 0.0303946    max: 0.0433075    min: 0.0231047
[walking_stabilization_controller-3] [WalkingStabilizationController]: 0.0384905    max: 0.0433075    min: 0.0231047
[walking_stabilization_controller-3] [WalkingStabilizationController]: 0.0327115    max: 0.0433075    min: 0.0231047
[walking_stabilization_controller-3] [WalkingStabilizationController]: 0.035305    max: 0.0433075    min: 0.0231047
[walking_stabilization_controller-3] [WalkingStabilizationController]: 0.0323997    max: 0.0433075    min: 0.0231047
[walking_stabilization_controller-3] [WalkingStabilizationController]: 0.0328221    max: 0.0433075    min: 0.0231047
[walking_stabilization_controller-3] [WalkingStabilizationController]: 0.0239499    max: 0.0433075    min: 0.0231047
[walking_stabilization_controller-3] [WalkingStabilizationController]: 0.0298491    max: 0.0433075    min: 0.0231047
[walking_stabilization_controller-3] [WalkingStabilizationController]: 0.0424452    max: 0.0433075    min: 0.0231047
[walking_stabilization_controller-3] [WalkingStabilizationController]: 0.0263772    max: 0.0433075    min: 0.0231047
[walking_stabilization_controller-3] [WalkingStabilizationController]: 0.030112    max: 0.0433075    min: 0.0231047
[walking_stabilization_controller-3] [WalkingStabilizationController]: 0.0389805    max: 0.0433075    min: 0.0231047
[walking_stabilization_controller-3] [WalkingStabilizationController]: 0.0313945    max: 0.0433075    min: 0.0231047
[walking_stabilization_controller-3] [WalkingStabilizationController]: 0.0278952    max: 0.0433075    min: 0.0231047
[walking_stabilization_controller-3] [WalkingStabilizationController]: 0.0345159    max: 0.0433075    min: 0.0231047
[walking_stabilization_controller-3] [WalkingStabilizationController]: 0.0387528    max: 0.0433075    min: 0.0231047
[walking_stabilization_controller-3] [WalkingStabilizationController]: 0.0320039    max: 0.0433075    min: 0.0231047
[walking_stabilization_controller-3] [WalkingStabilizationController]: 0.0417943    max: 0.0433075    min: 0.0231047
[walking_stabilization_controller-3] [WalkingStabilizationController]: 0.0325077    max: 0.0433075    min: 0.0231047
[walking_stabilization_controller-3] [WalkingStabilizationController]: 0.0297279    max: 0.0433075    min: 0.0231047
[walking_stabilization_controller-3] [WalkingStabilizationController]: 0.0356317    max: 0.0433075    min: 0.0231047
[walking_stabilization_controller-3] [WalkingStabilizationController]: 0.0313234    max: 0.0433075    min: 0.0231047
[walking_stabilization_controller-3] [WalkingStabilizationController]: 0.0335209    max: 0.0433075    min: 0.0231047
[walking_stabilization_controller-3] [WalkingStabilizationController]: 0.0262229    max: 0.0433075    min: 0.0231047
[walking_stabilization_controller-3] [WalkingStabilizationController]: 0.0324998    max: 0.0433075    min: 0.0231047
[walking_stabilization_controller-3] [WalkingStabilizationController]: 0.0301478    max: 0.0433075    min: 0.0231047
[walking_stabilization_controller-3] [WalkingStabilizationController]: 0.0406899    max: 0.0433075    min: 0.0231047
[walking_stabilization_controller-3] [WalkingStabilizationController]: 0.0318375    max: 0.0433075    min: 0.0231047
[walking_stabilization_controller-3] [WalkingStabilizationController]: 0.0337613    max: 0.0433075    min: 0.0231047
[walking_stabilization_controller-3] [WalkingStabilizationController]: 0.0329118    max: 0.0433075    min: 0.0231047
[walking_stabilization_controller-3] [WalkingStabilizationController]: 0.031409    max: 0.0433075    min: 0.0231047
[walking_stabilization_controller-3] [WalkingStabilizationController]: 0.0276563    max: 0.0433075    min: 0.0231047
[walking_stabilization_controller-3] [WalkingStabilizationController]: 0.0295579    max: 0.0433075    min: 0.0231047
[walking_stabilization_controller-3] [WalkingStabilizationController]: 0.0384476    max: 0.0433075    min: 0.0231047
[walking_stabilization_controller-3] [WalkingStabilizationController]: 0.0323818    max: 0.0433075    min: 0.0231047
[walking_stabilization_controller-3] [WalkingStabilizationController]: 0.0338376    max: 0.0433075    min: 0.0231047
[walking_stabilization_controller-3] [WalkingStabilizationController]: 0.0341394    max: 0.0433075    min: 0.0231047
[walking_stabilization_controller-3] [WalkingStabilizationController]: 0.0363035    max: 0.0433075    min: 0.0231047
[walking_stabilization_controller-3] [WalkingStabilizationController]: 0.0325594    max: 0.0433075    min: 0.0231047
[walking_stabilization_controller-3] [WalkingStabilizationController]: 0.0271895    max: 0.0433075    min: 0.0231047
[walking_stabilization_controller-3] [WalkingStabilizationController]: 0.0313432    max: 0.0433075    min: 0.0231047
[walking_stabilization_controller-3] [WalkingStabilizationController]: 0.0339611    max: 0.0433075    min: 0.0231047
[walking_stabilization_controller-3] [WalkingStabilizationController]: 0.0343618    max: 0.0433075    min: 0.0231047
[walking_stabilization_controller-3] [WalkingStabilizationController]: 0.0329766    max: 0.0433075    min: 0.0231047
[walking_stabilization_controller-3] [WalkingStabilizationController]: 0.0328662    max: 0.0433075    min: 0.0231047
[walking_stabilization_controller-3] [WalkingStabilizationController]: 0.0341616    max: 0.0433075    min: 0.0231047
[walking_stabilization_controller-3] [WalkingStabilizationController]: 0.0315173    max: 0.0433075    min: 0.0231047
[walking_stabilization_controller-3] [WalkingStabilizationController]: 0.0243881    max: 0.0433075    min: 0.0231047
[walking_stabilization_controller-3] [WalkingStabilizationController]: 0.0301564    max: 0.0433075    min: 0.0231047
[walking_stabilization_controller-3] [WalkingStabilizationController]: 0.0376616    max: 0.0433075    min: 0.0231047
[walking_stabilization_controller-3] [WalkingStabilizationController]: 0.0326366    max: 0.0433075    min: 0.0231047
[walking_stabilization_controller-3] [WalkingStabilizationController]: 0.0323753    max: 0.0433075    min: 0.0231047
[walking_stabilization_controller-3] [WalkingStabilizationController]: 0.0326755    max: 0.0433075    min: 0.0231047
[walking_stabilization_controller-3] [WalkingStabilizationController]: 0.0291371    max: 0.0433075    min: 0.0231047
[walking_stabilization_controller-3] [WalkingStabilizationController]: 0.0377684    max: 0.0433075    min: 0.0231047
[walking_stabilization_controller-3] [WalkingStabilizationController]: 0.0316865    max: 0.0433075    min: 0.0231047
[walking_stabilization_controller-3] [WalkingStabilizationController]: 0.0330071    max: 0.0433075    min: 0.0231047
[walking_stabilization_controller-3] [WalkingStabilizationController]: 0.0316892    max: 0.0433075    min: 0.0231047
[walking_stabilization_controller-3] [WalkingStabilizationController]: 0.0324163    max: 0.0433075    min: 0.0231047
[walking_stabilization_controller-3] [WalkingStabilizationController]: 0.0319257    max: 0.0433075    min: 0.0231047
[walking_stabilization_controller-3] [WalkingStabilizationController]: 0.0312982    max: 0.0433075    min: 0.0231047
[walking_stabilization_controller-3] [WalkingStabilizationController]: 0.0342171    max: 0.0433075    min: 0.0231047
[walking_stabilization_controller-3] [WalkingStabilizationController]: 0.0353954    max: 0.0433075    min: 0.0231047
[walking_stabilization_controller-3] [WalkingStabilizationController]: 0.0238724    max: 0.0433075    min: 0.0231047
[walking_stabilization_controller-3] [WalkingStabilizationController]: 0.0400956    max: 0.0433075    min: 0.0231047
[walking_stabilization_controller-3] [WalkingStabilizationController]: 0.030416    max: 0.0433075    min: 0.0231047
[walking_stabilization_controller-3] [WalkingStabilizationController]: 0.0319195    max: 0.0433075    min: 0.0231047
[walking_stabilization_controller-3] [WalkingStabilizationController]: 0.0312524    max: 0.0433075    min: 0.0231047
[walking_stabilization_controller-3] [WalkingStabilizationController]: 0.0368588    max: 0.0433075    min: 0.0231047
[walking_stabilization_controller-3] [WalkingStabilizationController]: 0.0323071    max: 0.0433075    min: 0.0231047
[walking_stabilization_controller-3] [WalkingStabilizationController]: 0.0313008    max: 0.0433075    min: 0.0231047
[walking_stabilization_controller-3] [WalkingStabilizationController]: 0.0324085    max: 0.0433075    min: 0.0231047
[walking_stabilization_controller-3] [WalkingStabilizationController]: 0.0315375    max: 0.0433075    min: 0.0231047
[walking_stabilization_controller-3] [WalkingStabilizationController]: 0.0320628    max: 0.0433075    min: 0.0231047
[walking_stabilization_controller-3] [WalkingStabilizationController]: 0.0325453    max: 0.0433075    min: 0.0231047
[walking_stabilization_controller-3] [WalkingStabilizationController]: 0.0340054    max: 0.0433075    min: 0.0231047
[walking_stabilization_controller-3] [WalkingStabilizationController]: 0.0340149    max: 0.0433075    min: 0.0231047
[walking_stabilization_controller-3] [WalkingStabilizationController]: 0.0314236    max: 0.0433075    min: 0.0231047
[walking_stabilization_controller-3] [WalkingStabilizationController]: 0.0327423    max: 0.0433075    min: 0.0231047
[walking_stabilization_controller-3] [WalkingStabilizationController]: 0.0263805    max: 0.0433075    min: 0.0231047
[walking_stabilization_controller-3] [WalkingStabilizationController]: 0.0308735    max: 0.0433075    min: 0.0231047
[walking_stabilization_controller-3] [WalkingStabilizationController]: 0.0389669    max: 0.0433075    min: 0.0231047
[walking_stabilization_controller-3] [WalkingStabilizationController]: 0.0318608    max: 0.0433075    min: 0.0231047
[walking_stabilization_controller-3] [WalkingStabilizationController]: 0.0312469    max: 0.0433075    min: 0.0231047
[walking_stabilization_controller-3] [WalkingStabilizationController]: 0.0337508    max: 0.0433075    min: 0.0231047
[walking_stabilization_controller-3] [WalkingStabilizationController]: 0.0344715    max: 0.0433075    min: 0.0231047
[walking_stabilization_controller-3] [WalkingStabilizationController]: 0.0337362    max: 0.0433075    min: 0.0231047
[walking_stabilization_controller-3] [WalkingStabilizationController]: 0.0322568    max: 0.0433075    min: 0.0231047
[walking_stabilization_controller-3] [WalkingStabilizationController]: 0.0334704    max: 0.0433075    min: 0.0231047
[walking_stabilization_controller-3] [WalkingStabilizationController]: 0.0325546    max: 0.0433075    min: 0.0231047
[walking_stabilization_controller-3] [WalkingStabilizationController]: 0.0308197    max: 0.0433075    min: 0.0231047
[walking_stabilization_controller-3] [WalkingStabilizationController]: 0.0331211    max: 0.0433075    min: 0.0231047
[walking_stabilization_controller-3] [WalkingStabilizationController]: 0.0316765    max: 0.0433075    min: 0.0231047
[walking_stabilization_controller-3] [WalkingStabilizationController]: 0.0326316    max: 0.0433075    min: 0.0231047
[walking_stabilization_controller-3] [WalkingStabilizationController]: 0.0318334    max: 0.0433075    min: 0.0231047
[walking_stabilization_controller-3] [WalkingStabilizationController]: 0.0273979    max: 0.0433075    min: 0.0231047
[walking_stabilization_controller-3] [WalkingStabilizationController]: 0.0298164    max: 0.0433075    min: 0.0231047
[walking_stabilization_controller-3] [WalkingStabilizationController]: 0.042145    max: 0.0433075    min: 0.0231047
[walking_stabilization_controller-3] [WalkingStabilizationController]: 0.0351131    max: 0.0433075    min: 0.0231047
[walking_stabilization_controller-3] [WalkingStabilizationController]: 0.0333936    max: 0.0433075    min: 0.0231047
[walking_stabilization_controller-3] [WalkingStabilizationController]: 0.0266984    max: 0.0433075    min: 0.0231047
[walking_stabilization_controller-3] [WalkingStabilizationController]: 0.0309424    max: 0.0433075    min: 0.0231047
[walking_stabilization_controller-3] [WalkingStabilizationController]: 0.0374355    max: 0.0433075    min: 0.0231047
[walking_stabilization_controller-3] [WalkingStabilizationController]: 0.0324833    max: 0.0433075    min: 0.0231047
[walking_stabilization_controller-3] [WalkingStabilizationController]: 0.0336592    max: 0.0433075    min: 0.0231047
[walking_stabilization_controller-3] [WalkingStabilizationController]: 0.0349131    max: 0.0433075    min: 0.0231047
[walking_stabilization_controller-3] [WalkingStabilizationController]: 0.0354025    max: 0.0433075    min: 0.0231047
[walking_stabilization_controller-3] [WalkingStabilizationController]: 0.0326719    max: 0.0433075    min: 0.0231047
[walking_stabilization_controller-3] [WalkingStabilizationController]: 0.0323491    max: 0.0433075    min: 0.0231047
[walking_stabilization_controller-3] [WalkingStabilizationController]: 0.0311959    max: 0.0433075    min: 0.0231047
[walking_stabilization_controller-3] [WalkingStabilizationController]: 0.0298679    max: 0.0433075    min: 0.0231047
[walking_stabilization_controller-3] [WalkingStabilizationController]: 0.0240104    max: 0.0433075    min: 0.0231047
[walking_stabilization_controller-3] [WalkingStabilizationController]: 0.0344193    max: 0.0433075    min: 0.0231047
[walking_stabilization_controller-3] [WalkingStabilizationController]: 0.0314748    max: 0.0433075    min: 0.0231047
[walking_stabilization_controller-3] [WalkingStabilizationController]: 0.0370567    max: 0.0433075    min: 0.0231047
[walking_stabilization_controller-3] [WalkingStabilizationController]: 0.0326469    max: 0.0433075    min: 0.0231047
[walking_stabilization_controller-3] [WalkingStabilizationController]: 0.0354459    max: 0.0433075    min: 0.0231047
[walking_stabilization_controller-3] [WalkingStabilizationController]: 0.032599    max: 0.0433075    min: 0.0231047
[walking_stabilization_controller-3] [WalkingStabilizationController]: 0.0313582    max: 0.0433075    min: 0.0231047
[walking_stabilization_controller-3] [WalkingStabilizationController]: 0.0325346    max: 0.0433075    min: 0.0231047
[walking_stabilization_controller-3] [WalkingStabilizationController]: 0.030484    max: 0.0433075    min: 0.0231047
[walking_stabilization_controller-3] [WalkingStabilizationController]: 0.031307    max: 0.0433075    min: 0.0231047
[walking_stabilization_controller-3] [WalkingStabilizationController]: 0.0325012    max: 0.0433075    min: 0.0231047
[walking_stabilization_controller-3] [WalkingStabilizationController]: 0.0360959    max: 0.0433075    min: 0.0231047
[walking_stabilization_controller-3] [WalkingStabilizationController]: 0.0314803    max: 0.0433075    min: 0.0231047
[walking_stabilization_controller-3] [WalkingStabilizationController]: 0.0323098    max: 0.0433075    min: 0.0231047
[walking_stabilization_controller-3] [WalkingStabilizationController]: 0.0324595    max: 0.0433075    min: 0.0231047
[walking_stabilization_controller-3] [WalkingStabilizationController]: 0.0238838    max: 0.0433075    min: 0.0231047
[walking_stabilization_controller-3] [WalkingStabilizationController]: 0.0332949    max: 0.0433075    min: 0.0231047
[walking_stabilization_controller-3] [WalkingStabilizationController]: 0.0388029    max: 0.0433075    min: 0.0231047
[walking_stabilization_controller-3] [WalkingStabilizationController]: 0.0274756    max: 0.0433075    min: 0.0231047
[walking_stabilization_controller-3] [WalkingStabilizationController]: 0.033402    max: 0.0433075    min: 0.0231047
[walking_stabilization_controller-3] [WalkingStabilizationController]: 0.0387206    max: 0.0433075    min: 0.0231047
[walking_stabilization_controller-3] [WalkingStabilizationController]: 0.0306971    max: 0.0433075    min: 0.0231047
[walking_stabilization_controller-3] [WalkingStabilizationController]: 0.0292246    max: 0.0433075    min: 0.0231047
[walking_stabilization_controller-3] [WalkingStabilizationController]: 0.029959    max: 0.0433075    min: 0.0231047
[walking_stabilization_controller-3] [WalkingStabilizationController]: 0.0348248    max: 0.0433075    min: 0.0231047
[walking_stabilization_controller-3] [WalkingStabilizationController]: 0.0281126    max: 0.0433075    min: 0.0231047
[walking_stabilization_controller-3] [WalkingStabilizationController]: 0.0330882    max: 0.0433075    min: 0.0231047
[walking_stabilization_controller-3] [WalkingStabilizationController]: 0.0365868    max: 0.0433075    min: 0.0231047
[walking_stabilization_controller-3] [WalkingStabilizationController]: 0.0315692    max: 0.0433075    min: 0.0231047
[walking_stabilization_controller-3] [WalkingStabilizationController]: 0.032573    max: 0.0433075    min: 0.0231047
[walking_stabilization_controller-3] [WalkingStabilizationController]: 0.0371401    max: 0.0433075    min: 0.0231047
[walking_stabilization_controller-3] [WalkingStabilizationController]: 0.0237141    max: 0.0433075    min: 0.0231047
[walking_stabilization_controller-3] [WalkingStabilizationController]: 0.0333643    max: 0.0433075    min: 0.0231047
[walking_stabilization_controller-3] [WalkingStabilizationController]: 0.0318661    max: 0.0433075    min: 0.0231047
[walking_stabilization_controller-3] [WalkingStabilizationController]: 0.0345831    max: 0.0433075    min: 0.0231047
[walking_stabilization_controller-3] [WalkingStabilizationController]: 0.0346551    max: 0.0433075    min: 0.0231047
[walking_stabilization_controller-3] [WalkingStabilizationController]: 0.0250373    max: 0.0433075    min: 0.0231047
[walking_stabilization_controller-3] [WalkingStabilizationController]: 0.0578792    max: 0.0578792    min: 0.0231047
[walking_stabilization_controller-3] [WalkingStabilizationController]: 0.0128949    max: 0.0578792    min: 0.0128949
[walking_stabilization_controller-3] [WalkingStabilizationController]: 0.0356398    max: 0.0578792    min: 0.0128949
[walking_stabilization_controller-3] [WalkingStabilizationController]: 0.0363894    max: 0.0578792    min: 0.0128949
[walking_stabilization_controller-3] [WalkingStabilizationController]: 0.0283811    max: 0.0578792    min: 0.0128949
[walking_stabilization_controller-3] [WalkingStabilizationController]: 0.0320275    max: 0.0578792    min: 0.0128949
[walking_stabilization_controller-3] [WalkingStabilizationController]: 0.0361433    max: 0.0578792    min: 0.0128949
[walking_stabilization_controller-3] [WalkingStabilizationController]: 0.033361    max: 0.0578792    min: 0.0128949
[walking_stabilization_controller-3] [WalkingStabilizationController]: 0.0319867    max: 0.0578792    min: 0.0128949
[walking_stabilization_controller-3] [WalkingStabilizationController]: 0.0278389    max: 0.0578792    min: 0.0128949
[walking_stabilization_controller-3] [WalkingStabilizationController]: 0.0323832    max: 0.0578792    min: 0.0128949
[walking_stabilization_controller-3] [WalkingStabilizationController]: 0.0395739    max: 0.0578792    min: 0.0128949
[walking_stabilization_controller-3] [WalkingStabilizationController]: 0.0264583    max: 0.0578792    min: 0.0128949
[walking_stabilization_controller-3] [WalkingStabilizationController]: 0.0286076    max: 0.0578792    min: 0.0128949
[walking_stabilization_controller-3] [WalkingStabilizationController]: 0.0308361    max: 0.0578792    min: 0.0128949
[walking_stabilization_controller-3] [WalkingStabilizationController]: 0.0357201    max: 0.0578792    min: 0.0128949
[walking_stabilization_controller-3] [WalkingStabilizationController]: 0.0391197    max: 0.0578792    min: 0.0128949
[walking_stabilization_controller-3] [WalkingStabilizationController]: 0.0376322    max: 0.0578792    min: 0.0128949
[walking_stabilization_controller-3] [WalkingStabilizationController]: 0.0334904    max: 0.0578792    min: 0.0128949
[walking_stabilization_controller-3] [WalkingStabilizationController]: 0.023258    max: 0.0578792    min: 0.0128949
[walking_stabilization_controller-3] [WalkingStabilizationController]: 0.0324168    max: 0.0578792    min: 0.0128949
[walking_stabilization_controller-3] [WalkingStabilizationController]: 0.0393329    max: 0.0578792    min: 0.0128949
[walking_stabilization_controller-3] [WalkingStabilizationController]: 0.032829    max: 0.0578792    min: 0.0128949
[walking_stabilization_controller-3] [WalkingStabilizationController]: 0.0306909    max: 0.0578792    min: 0.0128949
[walking_stabilization_controller-3] [WalkingStabilizationController]: 0.0320752    max: 0.0578792    min: 0.0128949
[walking_stabilization_controller-3] [WalkingStabilizationController]: 0.0368366    max: 0.0578792    min: 0.0128949
[walking_stabilization_controller-3] [WalkingStabilizationController]: 0.0272915    max: 0.0578792    min: 0.0128949
[walking_stabilization_controller-3] [WalkingStabilizationController]: 0.0315955    max: 0.0578792    min: 0.0128949
[walking_stabilization_controller-3] [WalkingStabilizationController]: 0.0365779    max: 0.0578792    min: 0.0128949
[walking_stabilization_controller-3] [WalkingStabilizationController]: 0.0312285    max: 0.0578792    min: 0.0128949
[walking_stabilization_controller-3] [WalkingStabilizationController]: 0.0336938    max: 0.0578792    min: 0.0128949
[walking_stabilization_controller-3] [WalkingStabilizationController]: 0.0269697    max: 0.0578792    min: 0.0128949
[walking_stabilization_controller-3] [WalkingStabilizationController]: 0.0316095    max: 0.0578792    min: 0.0128949
[walking_stabilization_controller-3] [WalkingStabilizationController]: 0.0424194    max: 0.0578792    min: 0.0128949
[walking_stabilization_controller-3] [WalkingStabilizationController]: 0.0308301    max: 0.0578792    min: 0.0128949
[walking_stabilization_controller-3] [WalkingStabilizationController]: 0.0295777    max: 0.0578792    min: 0.0128949
[walking_stabilization_controller-3] [WalkingStabilizationController]: 0.0252945    max: 0.0578792    min: 0.0128949
[walking_stabilization_controller-3] [WalkingStabilizationController]: 0.0415862    max: 0.0578792    min: 0.0128949
[walking_stabilization_controller-3] [WalkingStabilizationController]: 0.0322437    max: 0.0578792    min: 0.0128949
[walking_stabilization_controller-3] [WalkingStabilizationController]: 0.0230026    max: 0.0578792    min: 0.0128949
[walking_stabilization_controller-3] [WalkingStabilizationController]: 0.0334413    max: 0.0578792    min: 0.0128949
[walking_stabilization_controller-3] [WalkingStabilizationController]: 0.0409255    max: 0.0578792    min: 0.0128949
[walking_stabilization_controller-3] [WalkingStabilizationController]: 0.0353367    max: 0.0578792    min: 0.0128949
[walking_stabilization_controller-3] [WalkingStabilizationController]: 0.0327187    max: 0.0578792    min: 0.0128949
[walking_stabilization_controller-3] [WalkingStabilizationController]: 0.0245526    max: 0.0578792    min: 0.0128949
[walking_stabilization_controller-3] [WalkingStabilizationController]: 0.0336502    max: 0.0578792    min: 0.0128949
[walking_stabilization_controller-3] [WalkingStabilizationController]: 0.0414398    max: 0.0578792    min: 0.0128949
[walking_stabilization_controller-3] [WalkingStabilizationController]: 0.0290575    max: 0.0578792    min: 0.0128949
[INFO] [driver-5]: process has finished cleanly [pid 26332]
[INFO] [webots-4]: process has finished cleanly [pid 26330]
[INFO] [walking_pattern_generator-6]: sending signal 'SIGINT' to process[walking_pattern_generator-6]
[INFO] [walking_stabilization_controller-3]: sending signal 'SIGINT' to process[walking_stabilization_controller-3]
[INFO] [ik_srv-2]: sending signal 'SIGINT' to process[ik_srv-2]
[INFO] [fk_srv-1]: sending signal 'SIGINT' to process[fk_srv-1]
[walking_pattern_generator-6] [INFO] [1681185751.424344572] [rclcpp]: signal_handler(signum=2)
[walking_stabilization_controller-3] [INFO] [1681185751.425396115] [rclcpp]: signal_handler(signum=2)
[ik_srv-2] [INFO] [1681185751.426121917] [rclcpp]: signal_handler(signum=2)
[fk_srv-1] [INFO] [1681185751.427762730] [rclcpp]: signal_handler(signum=2)
[INFO] [ik_srv-2]: process has finished cleanly [pid 26326]
[INFO] [fk_srv-1]: process has finished cleanly [pid 26324]
[INFO] [walking_pattern_generator-6]: process has finished cleanly [pid 26334]
[INFO] [walking_stabilization_controller-3]: process has finished cleanly [pid 26328]
